2020-11-26 13:44:07,870 [Worker-1] INFO  c.g.t.t.d.PublishedGradleVersions - Gradle version information cache is up-to-date. Trying to read.
2020-11-26 13:55:03,350 [Worker-1] INFO  c.g.t.t.d.PublishedGradleVersions - Gradle version information cache is up-to-date. Trying to read.
2020-11-26 13:56:02,171 [Worker-0] INFO  o.e.m.c.i.l.LifecycleMappingFactory - Using org.eclipse.m2e.jdt.JarLifecycleMapping lifecycle mapping for MavenProject: CucumberProject:CucumberProject:0.0.1-SNAPSHOT @ C:\Selenium_Harman_Traning\Cucumber\CucumberProject\pom.xml.
2020-11-26 13:56:02,959 [Worker-0] INFO  o.e.m.j.i.AbstractJavaProjectConfigurator - Adding source folder /CucumberProject/src/main/java
2020-11-26 13:56:02,962 [Worker-0] INFO  o.e.m.j.i.AbstractJavaProjectConfigurator - Adding resource folder /CucumberProject/src/main/resources
2020-11-26 13:56:02,963 [Worker-0] INFO  o.e.m.j.i.AbstractJavaProjectConfigurator - Adding source folder /CucumberProject/src/test/java
2020-11-26 13:56:02,963 [Worker-0] INFO  o.e.m.j.i.AbstractJavaProjectConfigurator - Adding resource folder /CucumberProject/src/test/resources
2020-11-26 13:56:05,206 [Worker-6] WARN  o.e.m.c.i.embedder.EclipseLogger - Using platform encoding (Cp1252 actually) to copy filtered resources, i.e. build is platform dependent!
2020-11-26 13:56:05,215 [Worker-6] INFO  o.e.m.c.i.embedder.EclipseLogger - Copying 0 resource
2020-11-26 13:56:05,218 [Worker-6] WARN  o.e.m.c.i.embedder.EclipseLogger - Using platform encoding (Cp1252 actually) to copy filtered resources, i.e. build is platform dependent!
2020-11-26 13:56:05,219 [Worker-6] INFO  o.e.m.c.i.embedder.EclipseLogger - Copying 0 resource
2020-11-26 13:56:44,844 [Worker-5] WARN  o.e.m.c.i.embedder.EclipseLogger - Using platform encoding (Cp1252 actually) to copy filtered resources, i.e. build is platform dependent!
2020-11-26 13:56:44,850 [Worker-5] INFO  o.e.m.c.i.embedder.EclipseLogger - Copying 0 resource
2020-11-26 13:56:44,852 [Worker-5] WARN  o.e.m.c.i.embedder.EclipseLogger - Using platform encoding (Cp1252 actually) to copy filtered resources, i.e. build is platform dependent!
2020-11-26 13:56:44,854 [Worker-5] INFO  o.e.m.c.i.embedder.EclipseLogger - Copying 0 resource
2020-11-26 13:58:14,437 [Worker-3] INFO  o.e.m.c.i.l.LifecycleMappingFactory - Using org.eclipse.m2e.jdt.JarLifecycleMapping lifecycle mapping for MavenProject: CucumberProject:CucumberProject:0.0.1-SNAPSHOT @ C:\Selenium_Harman_Traning\Cucumber\CucumberProject\pom.xml.
2020-11-26 13:58:15,523 [Worker-3] INFO  o.e.m.c.i.e.AbstractTransferListenerAdapter - Downloading https://repo.maven.apache.org/maven2/io/cucumber/cucumber-java/6.9.0/cucumber-java-6.9.0.pom
2020-11-26 13:58:15,721 [Worker-3] INFO  o.e.m.c.i.e.AbstractTransferListenerAdapter - Downloaded https://repo.maven.apache.org/maven2/io/cucumber/cucumber-java/6.9.0/cucumber-java-6.9.0.pom
2020-11-26 13:58:15,891 [Worker-3] INFO  o.e.m.c.i.e.AbstractTransferListenerAdapter - Downloading https://repo.maven.apache.org/maven2/io/cucumber/cucumber-jvm/6.9.0/cucumber-jvm-6.9.0.pom
2020-11-26 13:58:16,096 [Worker-3] INFO  o.e.m.c.i.e.AbstractTransferListenerAdapter - Downloaded https://repo.maven.apache.org/maven2/io/cucumber/cucumber-jvm/6.9.0/cucumber-jvm-6.9.0.pom
2020-11-26 13:58:16,263 [Worker-3] INFO  o.e.m.c.i.e.AbstractTransferListenerAdapter - Downloading https://repo.maven.apache.org/maven2/io/cucumber/cucumber-parent/2.1.1/cucumber-parent-2.1.1.pom
2020-11-26 13:58:16,433 [Worker-3] INFO  o.e.m.c.i.e.AbstractTransferListenerAdapter - Downloaded https://repo.maven.apache.org/maven2/io/cucumber/cucumber-parent/2.1.1/cucumber-parent-2.1.1.pom
2020-11-26 13:58:16,601 [Worker-3] INFO  o.e.m.c.i.e.AbstractTransferListenerAdapter - Downloading https://repo.maven.apache.org/maven2/io/cucumber/cucumber-core/6.9.0/cucumber-core-6.9.0.pom
2020-11-26 13:58:16,767 [Worker-3] INFO  o.e.m.c.i.e.AbstractTransferListenerAdapter - Downloaded https://repo.maven.apache.org/maven2/io/cucumber/cucumber-core/6.9.0/cucumber-core-6.9.0.pom
2020-11-26 13:58:16,937 [Worker-3] INFO  o.e.m.c.i.e.AbstractTransferListenerAdapter - Downloading https://repo.maven.apache.org/maven2/io/cucumber/cucumber-gherkin/6.9.0/cucumber-gherkin-6.9.0.pom
2020-11-26 13:58:17,103 [Worker-3] INFO  o.e.m.c.i.e.AbstractTransferListenerAdapter - Downloaded https://repo.maven.apache.org/maven2/io/cucumber/cucumber-gherkin/6.9.0/cucumber-gherkin-6.9.0.pom
2020-11-26 13:58:17,273 [Worker-3] INFO  o.e.m.c.i.e.AbstractTransferListenerAdapter - Downloading https://repo.maven.apache.org/maven2/io/cucumber/cucumber-plugin/6.9.0/cucumber-plugin-6.9.0.pom
2020-11-26 13:58:17,439 [Worker-3] INFO  o.e.m.c.i.e.AbstractTransferListenerAdapter - Downloaded https://repo.maven.apache.org/maven2/io/cucumber/cucumber-plugin/6.9.0/cucumber-plugin-6.9.0.pom
2020-11-26 13:58:17,610 [Worker-3] INFO  o.e.m.c.i.e.AbstractTransferListenerAdapter - Downloading https://repo.maven.apache.org/maven2/org/apiguardian/apiguardian-api/1.1.0/apiguardian-api-1.1.0.pom
2020-11-26 13:58:17,776 [Worker-3] INFO  o.e.m.c.i.e.AbstractTransferListenerAdapter - Downloaded https://repo.maven.apache.org/maven2/org/apiguardian/apiguardian-api/1.1.0/apiguardian-api-1.1.0.pom
2020-11-26 13:58:18,018 [Worker-3] INFO  o.e.m.c.i.e.AbstractTransferListenerAdapter - Downloading https://repo.maven.apache.org/maven2/io/cucumber/cucumber-gherkin-messages/6.9.0/cucumber-gherkin-messages-6.9.0.pom
2020-11-26 13:58:18,202 [Worker-3] INFO  o.e.m.c.i.e.AbstractTransferListenerAdapter - Downloaded https://repo.maven.apache.org/maven2/io/cucumber/cucumber-gherkin-messages/6.9.0/cucumber-gherkin-messages-6.9.0.pom
2020-11-26 13:58:18,407 [Worker-3] INFO  o.e.m.c.i.e.AbstractTransferListenerAdapter - Downloading https://repo.maven.apache.org/maven2/io/cucumber/messages/13.2.0/messages-13.2.0.pom
2020-11-26 13:58:18,574 [Worker-3] INFO  o.e.m.c.i.e.AbstractTransferListenerAdapter - Downloaded https://repo.maven.apache.org/maven2/io/cucumber/messages/13.2.0/messages-13.2.0.pom
2020-11-26 13:58:18,741 [Worker-3] INFO  o.e.m.c.i.e.AbstractTransferListenerAdapter - Downloading https://repo.maven.apache.org/maven2/io/cucumber/tag-expressions/3.0.0/tag-expressions-3.0.0.pom
2020-11-26 13:58:18,912 [Worker-3] INFO  o.e.m.c.i.e.AbstractTransferListenerAdapter - Downloaded https://repo.maven.apache.org/maven2/io/cucumber/tag-expressions/3.0.0/tag-expressions-3.0.0.pom
2020-11-26 13:58:19,075 [Worker-3] INFO  o.e.m.c.i.e.AbstractTransferListenerAdapter - Downloading https://repo.maven.apache.org/maven2/io/cucumber/cucumber-parent/2.1.0/cucumber-parent-2.1.0.pom
2020-11-26 13:58:19,245 [Worker-3] INFO  o.e.m.c.i.e.AbstractTransferListenerAdapter - Downloaded https://repo.maven.apache.org/maven2/io/cucumber/cucumber-parent/2.1.0/cucumber-parent-2.1.0.pom
2020-11-26 13:58:19,434 [Worker-3] INFO  o.e.m.c.i.e.AbstractTransferListenerAdapter - Downloading https://repo.maven.apache.org/maven2/io/cucumber/cucumber-expressions/10.3.0/cucumber-expressions-10.3.0.pom
2020-11-26 13:58:19,604 [Worker-3] INFO  o.e.m.c.i.e.AbstractTransferListenerAdapter - Downloaded https://repo.maven.apache.org/maven2/io/cucumber/cucumber-expressions/10.3.0/cucumber-expressions-10.3.0.pom
2020-11-26 13:58:19,798 [Worker-3] INFO  o.e.m.c.i.e.AbstractTransferListenerAdapter - Downloading https://repo.maven.apache.org/maven2/io/cucumber/datatable/3.5.0/datatable-3.5.0.pom
2020-11-26 13:58:19,965 [Worker-3] INFO  o.e.m.c.i.e.AbstractTransferListenerAdapter - Downloaded https://repo.maven.apache.org/maven2/io/cucumber/datatable/3.5.0/datatable-3.5.0.pom
2020-11-26 13:58:20,134 [Worker-3] INFO  o.e.m.c.i.e.AbstractTransferListenerAdapter - Downloading https://repo.maven.apache.org/maven2/io/cucumber/datatable-parent/3.5.0/datatable-parent-3.5.0.pom
2020-11-26 13:58:20,327 [Worker-3] INFO  o.e.m.c.i.e.AbstractTransferListenerAdapter - Downloaded https://repo.maven.apache.org/maven2/io/cucumber/datatable-parent/3.5.0/datatable-parent-3.5.0.pom
2020-11-26 13:58:20,499 [Worker-3] INFO  o.e.m.c.i.e.AbstractTransferListenerAdapter - Downloading https://repo.maven.apache.org/maven2/io/cucumber/docstring/6.9.0/docstring-6.9.0.pom
2020-11-26 13:58:20,672 [Worker-3] INFO  o.e.m.c.i.e.AbstractTransferListenerAdapter - Downloaded https://repo.maven.apache.org/maven2/io/cucumber/docstring/6.9.0/docstring-6.9.0.pom
2020-11-26 13:58:20,844 [Worker-3] INFO  o.e.m.c.i.e.AbstractTransferListenerAdapter - Downloading https://repo.maven.apache.org/maven2/io/cucumber/html-formatter/9.0.0/html-formatter-9.0.0.pom
2020-11-26 13:58:21,008 [Worker-3] INFO  o.e.m.c.i.e.AbstractTransferListenerAdapter - Downloaded https://repo.maven.apache.org/maven2/io/cucumber/html-formatter/9.0.0/html-formatter-9.0.0.pom
2020-11-26 13:58:21,183 [Worker-3] INFO  o.e.m.c.i.e.AbstractTransferListenerAdapter - Downloading https://repo.maven.apache.org/maven2/io/cucumber/messages/maven-metadata.xml
2020-11-26 13:58:21,348 [Worker-3] INFO  o.e.m.c.i.e.AbstractTransferListenerAdapter - Downloaded https://repo.maven.apache.org/maven2/io/cucumber/messages/maven-metadata.xml
2020-11-26 13:58:21,512 [Worker-3] INFO  o.e.m.c.i.e.AbstractTransferListenerAdapter - Downloading https://repo.maven.apache.org/maven2/io/cucumber/messages/13.0.1/messages-13.0.1.pom
2020-11-26 13:58:21,678 [Worker-3] INFO  o.e.m.c.i.e.AbstractTransferListenerAdapter - Downloaded https://repo.maven.apache.org/maven2/io/cucumber/messages/13.0.1/messages-13.0.1.pom
2020-11-26 13:58:21,842 [Worker-3] INFO  o.e.m.c.i.e.AbstractTransferListenerAdapter - Downloading https://repo.maven.apache.org/maven2/io/cucumber/messages/13.1.0/messages-13.1.0.pom
2020-11-26 13:58:22,029 [Worker-3] INFO  o.e.m.c.i.e.AbstractTransferListenerAdapter - Downloaded https://repo.maven.apache.org/maven2/io/cucumber/messages/13.1.0/messages-13.1.0.pom
2020-11-26 13:58:22,195 [Worker-3] INFO  o.e.m.c.i.e.AbstractTransferListenerAdapter - Downloading https://repo.maven.apache.org/maven2/io/cucumber/messages/13.2.1/messages-13.2.1.pom
2020-11-26 13:58:22,361 [Worker-3] INFO  o.e.m.c.i.e.AbstractTransferListenerAdapter - Downloaded https://repo.maven.apache.org/maven2/io/cucumber/messages/13.2.1/messages-13.2.1.pom
2020-11-26 13:58:22,530 [Worker-3] INFO  o.e.m.c.i.e.AbstractTransferListenerAdapter - Downloading https://repo.maven.apache.org/maven2/io/cucumber/create-meta/2.0.4/create-meta-2.0.4.pom
2020-11-26 13:58:22,701 [Worker-3] INFO  o.e.m.c.i.e.AbstractTransferListenerAdapter - Downloaded https://repo.maven.apache.org/maven2/io/cucumber/create-meta/2.0.4/create-meta-2.0.4.pom
2020-11-26 13:58:22,894 [Worker-3] INFO  o.e.m.c.i.e.AbstractTransferListenerAdapter - Downloading https://repo.maven.apache.org/maven2/io/cucumber/cucumber-java/6.9.0/cucumber-java-6.9.0.jar
2020-11-26 13:58:23,707 [Worker-3] INFO  o.e.m.c.i.e.AbstractTransferListenerAdapter - Downloaded https://repo.maven.apache.org/maven2/io/cucumber/cucumber-java/6.9.0/cucumber-java-6.9.0.jar
2020-11-26 13:58:23,864 [Worker-3] INFO  o.e.m.c.i.e.AbstractTransferListenerAdapter - Downloading https://repo.maven.apache.org/maven2/io/cucumber/cucumber-core/6.9.0/cucumber-core-6.9.0.jar
2020-11-26 13:58:24,199 [Worker-3] INFO  o.e.m.c.i.e.AbstractTransferListenerAdapter - Downloaded https://repo.maven.apache.org/maven2/io/cucumber/cucumber-core/6.9.0/cucumber-core-6.9.0.jar
2020-11-26 13:58:24,362 [Worker-3] INFO  o.e.m.c.i.e.AbstractTransferListenerAdapter - Downloading https://repo.maven.apache.org/maven2/io/cucumber/cucumber-gherkin/6.9.0/cucumber-gherkin-6.9.0.jar
2020-11-26 13:58:24,523 [Worker-3] INFO  o.e.m.c.i.e.AbstractTransferListenerAdapter - Downloaded https://repo.maven.apache.org/maven2/io/cucumber/cucumber-gherkin/6.9.0/cucumber-gherkin-6.9.0.jar
2020-11-26 13:58:24,680 [Worker-3] INFO  o.e.m.c.i.e.AbstractTransferListenerAdapter - Downloading https://repo.maven.apache.org/maven2/io/cucumber/cucumber-gherkin-messages/6.9.0/cucumber-gherkin-messages-6.9.0.jar
2020-11-26 13:58:24,858 [Worker-3] INFO  o.e.m.c.i.e.AbstractTransferListenerAdapter - Downloaded https://repo.maven.apache.org/maven2/io/cucumber/cucumber-gherkin-messages/6.9.0/cucumber-gherkin-messages-6.9.0.jar
2020-11-26 13:58:25,013 [Worker-3] INFO  o.e.m.c.i.e.AbstractTransferListenerAdapter - Downloading https://repo.maven.apache.org/maven2/io/cucumber/messages/13.2.0/messages-13.2.0.jar
2020-11-26 13:58:26,270 [Worker-3] INFO  o.e.m.c.i.e.AbstractTransferListenerAdapter - Downloaded https://repo.maven.apache.org/maven2/io/cucumber/messages/13.2.0/messages-13.2.0.jar
2020-11-26 13:58:26,427 [Worker-3] INFO  o.e.m.c.i.e.AbstractTransferListenerAdapter - Downloading https://repo.maven.apache.org/maven2/io/cucumber/tag-expressions/3.0.0/tag-expressions-3.0.0.jar
2020-11-26 13:58:26,608 [Worker-3] INFO  o.e.m.c.i.e.AbstractTransferListenerAdapter - Downloaded https://repo.maven.apache.org/maven2/io/cucumber/tag-expressions/3.0.0/tag-expressions-3.0.0.jar
2020-11-26 13:58:26,768 [Worker-3] INFO  o.e.m.c.i.e.AbstractTransferListenerAdapter - Downloading https://repo.maven.apache.org/maven2/io/cucumber/cucumber-expressions/10.3.0/cucumber-expressions-10.3.0.jar
2020-11-26 13:58:26,934 [Worker-3] INFO  o.e.m.c.i.e.AbstractTransferListenerAdapter - Downloaded https://repo.maven.apache.org/maven2/io/cucumber/cucumber-expressions/10.3.0/cucumber-expressions-10.3.0.jar
2020-11-26 13:58:27,091 [Worker-3] INFO  o.e.m.c.i.e.AbstractTransferListenerAdapter - Downloading https://repo.maven.apache.org/maven2/io/cucumber/datatable/3.5.0/datatable-3.5.0.jar
2020-11-26 13:58:27,262 [Worker-3] INFO  o.e.m.c.i.e.AbstractTransferListenerAdapter - Downloaded https://repo.maven.apache.org/maven2/io/cucumber/datatable/3.5.0/datatable-3.5.0.jar
2020-11-26 13:58:27,418 [Worker-3] INFO  o.e.m.c.i.e.AbstractTransferListenerAdapter - Downloading https://repo.maven.apache.org/maven2/io/cucumber/cucumber-plugin/6.9.0/cucumber-plugin-6.9.0.jar
2020-11-26 13:58:27,583 [Worker-3] INFO  o.e.m.c.i.e.AbstractTransferListenerAdapter - Downloaded https://repo.maven.apache.org/maven2/io/cucumber/cucumber-plugin/6.9.0/cucumber-plugin-6.9.0.jar
2020-11-26 13:58:27,740 [Worker-3] INFO  o.e.m.c.i.e.AbstractTransferListenerAdapter - Downloading https://repo.maven.apache.org/maven2/io/cucumber/docstring/6.9.0/docstring-6.9.0.jar
2020-11-26 13:58:27,903 [Worker-3] INFO  o.e.m.c.i.e.AbstractTransferListenerAdapter - Downloaded https://repo.maven.apache.org/maven2/io/cucumber/docstring/6.9.0/docstring-6.9.0.jar
2020-11-26 13:58:28,059 [Worker-3] INFO  o.e.m.c.i.e.AbstractTransferListenerAdapter - Downloading https://repo.maven.apache.org/maven2/io/cucumber/html-formatter/9.0.0/html-formatter-9.0.0.jar
2020-11-26 13:58:28,277 [Worker-3] INFO  o.e.m.c.i.e.AbstractTransferListenerAdapter - Downloaded https://repo.maven.apache.org/maven2/io/cucumber/html-formatter/9.0.0/html-formatter-9.0.0.jar
2020-11-26 13:58:28,433 [Worker-3] INFO  o.e.m.c.i.e.AbstractTransferListenerAdapter - Downloading https://repo.maven.apache.org/maven2/io/cucumber/create-meta/2.0.4/create-meta-2.0.4.jar
2020-11-26 13:58:28,599 [Worker-3] INFO  o.e.m.c.i.e.AbstractTransferListenerAdapter - Downloaded https://repo.maven.apache.org/maven2/io/cucumber/create-meta/2.0.4/create-meta-2.0.4.jar
2020-11-26 13:58:28,755 [Worker-3] INFO  o.e.m.c.i.e.AbstractTransferListenerAdapter - Downloading https://repo.maven.apache.org/maven2/org/apiguardian/apiguardian-api/1.1.0/apiguardian-api-1.1.0.jar
2020-11-26 13:58:28,919 [Worker-3] INFO  o.e.m.c.i.e.AbstractTransferListenerAdapter - Downloaded https://repo.maven.apache.org/maven2/org/apiguardian/apiguardian-api/1.1.0/apiguardian-api-1.1.0.jar
2020-11-26 13:58:31,318 [Worker-3] WARN  o.e.m.c.i.embedder.EclipseLogger - Using platform encoding (Cp1252 actually) to copy filtered resources, i.e. build is platform dependent!
2020-11-26 13:58:31,323 [Worker-3] INFO  o.e.m.c.i.embedder.EclipseLogger - Copying 0 resource
2020-11-26 13:58:31,326 [Worker-3] WARN  o.e.m.c.i.embedder.EclipseLogger - Using platform encoding (Cp1252 actually) to copy filtered resources, i.e. build is platform dependent!
2020-11-26 13:58:31,328 [Worker-3] INFO  o.e.m.c.i.embedder.EclipseLogger - Copying 0 resource
2020-11-26 13:58:32,750 [Worker-8] WARN  o.e.m.c.i.embedder.EclipseLogger - Using platform encoding (Cp1252 actually) to copy filtered resources, i.e. build is platform dependent!
2020-11-26 13:58:32,752 [Worker-8] INFO  o.e.m.c.i.embedder.EclipseLogger - Copying 0 resource
2020-11-26 13:58:32,755 [Worker-8] WARN  o.e.m.c.i.embedder.EclipseLogger - Using platform encoding (Cp1252 actually) to copy filtered resources, i.e. build is platform dependent!
2020-11-26 13:58:32,757 [Worker-8] INFO  o.e.m.c.i.embedder.EclipseLogger - Copying 0 resource
2020-11-26 13:59:10,585 [Worker-9] WARN  o.e.m.c.i.embedder.EclipseLogger - Using platform encoding (Cp1252 actually) to copy filtered resources, i.e. build is platform dependent!
2020-11-26 13:59:10,588 [Worker-9] INFO  o.e.m.c.i.embedder.EclipseLogger - Copying 0 resource
2020-11-26 13:59:10,589 [Worker-9] WARN  o.e.m.c.i.embedder.EclipseLogger - Using platform encoding (Cp1252 actually) to copy filtered resources, i.e. build is platform dependent!
2020-11-26 13:59:10,591 [Worker-9] INFO  o.e.m.c.i.embedder.EclipseLogger - Copying 0 resource
2020-11-26 13:59:42,342 [Worker-10] WARN  o.e.m.c.i.embedder.EclipseLogger - Using platform encoding (Cp1252 actually) to copy filtered resources, i.e. build is platform dependent!
2020-11-26 13:59:42,345 [Worker-10] INFO  o.e.m.c.i.embedder.EclipseLogger - Copying 0 resource
2020-11-26 13:59:42,347 [Worker-10] WARN  o.e.m.c.i.embedder.EclipseLogger - Using platform encoding (Cp1252 actually) to copy filtered resources, i.e. build is platform dependent!
2020-11-26 13:59:42,349 [Worker-10] INFO  o.e.m.c.i.embedder.EclipseLogger - Copying 0 resource
2020-11-26 15:08:57,590 [Worker-1] INFO  c.g.t.t.d.PublishedGradleVersions - Gradle version information cache is up-to-date. Trying to read.
2020-11-26 15:09:58,368 [Worker-0] INFO  o.e.m.c.i.l.LifecycleMappingFactory - Using org.eclipse.m2e.jdt.JarLifecycleMapping lifecycle mapping for MavenProject: CucumberProject:CucumberProject:0.0.1-SNAPSHOT @ C:\Selenium_Harman_Traning\Cucumber\CucumberProject\pom.xml.
2020-11-26 15:09:59,777 [Worker-0] WARN  o.e.m.c.i.embedder.EclipseLogger - Using platform encoding (Cp1252 actually) to copy filtered resources, i.e. build is platform dependent!
2020-11-26 15:09:59,793 [Worker-0] INFO  o.e.m.c.i.embedder.EclipseLogger - Copying 0 resource
2020-11-26 15:09:59,793 [Worker-0] WARN  o.e.m.c.i.embedder.EclipseLogger - Using platform encoding (Cp1252 actually) to copy filtered resources, i.e. build is platform dependent!
2020-11-26 15:09:59,809 [Worker-0] INFO  o.e.m.c.i.embedder.EclipseLogger - Copying 0 resource
2020-11-26 15:11:51,165 [main] ERROR o.e.m2e.editor.pom.OverviewPage - Failed to populate overview panel
org.eclipse.swt.SWTException: Widget is disposed
	at org.eclipse.swt.SWT.error(SWT.java:4533) ~[org.eclipse.swt.win32.win32.x86_64_3.105.2.v20161122-0613.jar:na]
	at org.eclipse.swt.SWT.error(SWT.java:4448) ~[org.eclipse.swt.win32.win32.x86_64_3.105.2.v20161122-0613.jar:na]
	at org.eclipse.swt.SWT.error(SWT.java:4419) ~[org.eclipse.swt.win32.win32.x86_64_3.105.2.v20161122-0613.jar:na]
	at org.eclipse.swt.widgets.Widget.error(Widget.java:482) ~[org.eclipse.swt.win32.win32.x86_64_3.105.2.v20161122-0613.jar:na]
	at org.eclipse.swt.widgets.Widget.checkWidget(Widget.java:354) ~[org.eclipse.swt.win32.win32.x86_64_3.105.2.v20161122-0613.jar:na]
	at org.eclipse.swt.widgets.Control.setBackgroundImage(Control.java:3146) ~[org.eclipse.swt.win32.win32.x86_64_3.105.2.v20161122-0613.jar:na]
	at org.eclipse.ui.forms.widgets.Section.internalSetExpanded(Section.java:115) ~[na:na]
	at org.eclipse.ui.forms.widgets.ExpandableComposite.setExpanded(ExpandableComposite.java:880) ~[na:na]
	at org.eclipse.m2e.editor.pom.OverviewPage$17$1.process(OverviewPage.java:1150) ~[na:na]
	at org.eclipse.m2e.core.ui.internal.editing.PomEdits.performOnDOMDocument(PomEdits.java:510) ~[org.eclipse.m2e.core.ui_1.7.0.20160603-1933.jar:na]
	at org.eclipse.m2e.editor.pom.OverviewPage$17.run(OverviewPage.java:1129) ~[na:na]
	at org.eclipse.swt.widgets.RunnableLock.run(RunnableLock.java:35) [org.eclipse.swt.win32.win32.x86_64_3.105.2.v20161122-0613.jar:na]
	at org.eclipse.swt.widgets.Synchronizer.runAsyncMessages(Synchronizer.java:182) [org.eclipse.swt.win32.win32.x86_64_3.105.2.v20161122-0613.jar:na]
	at org.eclipse.swt.widgets.Display.runAsyncMessages(Display.java:4211) [org.eclipse.swt.win32.win32.x86_64_3.105.2.v20161122-0613.jar:na]
	at org.eclipse.swt.widgets.Display.readAndDispatch(Display.java:3827) [org.eclipse.swt.win32.win32.x86_64_3.105.2.v20161122-0613.jar:na]
	at org.eclipse.e4.ui.internal.workbench.swt.PartRenderingEngine$4.run(PartRenderingEngine.java:1121) [org.eclipse.e4.ui.workbench.swt_0.14.1.v20160829-0832.jar:na]
	at org.eclipse.core.databinding.observable.Realm.runWithDefault(Realm.java:336) [org.eclipse.core.databinding.observable_1.6.0.v20160511-1747.jar:na]
	at org.eclipse.e4.ui.internal.workbench.swt.PartRenderingEngine.run(PartRenderingEngine.java:1022) [org.eclipse.e4.ui.workbench.swt_0.14.1.v20160829-0832.jar:na]
	at org.eclipse.e4.ui.internal.workbench.E4Workbench.createAndRunUI(E4Workbench.java:150) [org.eclipse.e4.ui.workbench_1.4.0.v20160517-1624.jar:na]
	at org.eclipse.ui.internal.Workbench$5.run(Workbench.java:693) [org.eclipse.ui.workbench_3.108.2.v20161025-2029.jar:na]
	at org.eclipse.core.databinding.observable.Realm.runWithDefault(Realm.java:336) [org.eclipse.core.databinding.observable_1.6.0.v20160511-1747.jar:na]
	at org.eclipse.ui.internal.Workbench.createAndRunWorkbench(Workbench.java:610) [org.eclipse.ui.workbench_3.108.2.v20161025-2029.jar:na]
	at org.eclipse.ui.PlatformUI.createAndRunWorkbench(PlatformUI.java:148) [org.eclipse.ui.workbench_3.108.2.v20161025-2029.jar:na]
	at org.eclipse.ui.internal.ide.application.IDEApplication.start(IDEApplication.java:138) [org.eclipse.ui.ide.application_1.1.101.v20160829-0827.jar:na]
	at org.eclipse.equinox.internal.app.EclipseAppHandle.run(EclipseAppHandle.java:196) [org.eclipse.equinox.app_1.3.400.v20150715-1528.jar:na]
	at org.eclipse.core.runtime.internal.adaptor.EclipseAppLauncher.runApplication(EclipseAppLauncher.java:134) [org.eclipse.osgi_3.11.2.v20161107-1947.jar:na]
	at org.eclipse.core.runtime.internal.adaptor.EclipseAppLauncher.start(EclipseAppLauncher.java:104) [org.eclipse.osgi_3.11.2.v20161107-1947.jar:na]
	at org.eclipse.core.runtime.adaptor.EclipseStarter.run(EclipseStarter.java:388) [org.eclipse.osgi_3.11.2.v20161107-1947.jar:na]
	at org.eclipse.core.runtime.adaptor.EclipseStarter.run(EclipseStarter.java:243) [org.eclipse.osgi_3.11.2.v20161107-1947.jar:na]
	at sun.reflect.NativeMethodAccessorImpl.invoke0(Native Method) ~[na:1.8.0_201]
	at sun.reflect.NativeMethodAccessorImpl.invoke(Unknown Source) ~[na:1.8.0_201]
	at sun.reflect.DelegatingMethodAccessorImpl.invoke(Unknown Source) ~[na:1.8.0_201]
	at java.lang.reflect.Method.invoke(Unknown Source) ~[na:1.8.0_201]
	at org.eclipse.equinox.launcher.Main.invokeFramework(Main.java:673) [org.eclipse.equinox.launcher_1.3.201.v20161025-1711.jar:na]
	at org.eclipse.equinox.launcher.Main.basicRun(Main.java:610) [org.eclipse.equinox.launcher_1.3.201.v20161025-1711.jar:na]
	at org.eclipse.equinox.launcher.Main.run(Main.java:1519) [org.eclipse.equinox.launcher_1.3.201.v20161025-1711.jar:na]
	at org.eclipse.equinox.launcher.Main.main(Main.java:1492) [org.eclipse.equinox.launcher_1.3.201.v20161025-1711.jar:na]
2020-11-26 15:12:06,353 [Worker-7] INFO  o.e.m.c.i.l.LifecycleMappingFactory - Using org.eclipse.m2e.jdt.JarLifecycleMapping lifecycle mapping for MavenProject: CucumberProject:CucumberProject:0.0.1-SNAPSHOT @ C:\Selenium_Harman_Traning\Cucumber\CucumberProject\pom.xml.
2020-11-26 15:12:07,606 [Worker-7] INFO  o.e.m.c.i.e.AbstractTransferListenerAdapter - Downloading https://repo.maven.apache.org/maven2/io/cucumber/gherkin/3.2.0/gherkin-3.2.0.pom
2020-11-26 15:12:07,792 [Worker-7] INFO  o.e.m.c.i.e.AbstractTransferListenerAdapter - Downloaded https://repo.maven.apache.org/maven2/io/cucumber/gherkin/3.2.0/gherkin-3.2.0.pom
2020-11-26 15:12:07,962 [Worker-7] INFO  o.e.m.c.i.e.AbstractTransferListenerAdapter - Downloading https://repo.maven.apache.org/maven2/io/cucumber/gherkin-jvm-deps/1.0.4/gherkin-jvm-deps-1.0.4.pom
2020-11-26 15:12:08,146 [Worker-7] INFO  o.e.m.c.i.e.AbstractTransferListenerAdapter - Downloaded https://repo.maven.apache.org/maven2/io/cucumber/gherkin-jvm-deps/1.0.4/gherkin-jvm-deps-1.0.4.pom
2020-11-26 15:12:08,364 [Worker-7] INFO  o.e.m.c.i.e.AbstractTransferListenerAdapter - Downloading https://repo.maven.apache.org/maven2/io/cucumber/gherkin/3.2.0/gherkin-3.2.0.jar
2020-11-26 15:12:08,727 [Worker-7] INFO  o.e.m.c.i.e.AbstractTransferListenerAdapter - Downloaded https://repo.maven.apache.org/maven2/io/cucumber/gherkin/3.2.0/gherkin-3.2.0.jar
2020-11-26 15:12:08,887 [Worker-7] INFO  o.e.m.c.i.e.AbstractTransferListenerAdapter - Downloading https://repo.maven.apache.org/maven2/io/cucumber/gherkin-jvm-deps/1.0.4/gherkin-jvm-deps-1.0.4.jar
2020-11-26 15:12:09,289 [Worker-7] INFO  o.e.m.c.i.e.AbstractTransferListenerAdapter - Downloaded https://repo.maven.apache.org/maven2/io/cucumber/gherkin-jvm-deps/1.0.4/gherkin-jvm-deps-1.0.4.jar
2020-11-26 15:12:09,761 [Worker-7] WARN  o.e.m.c.i.embedder.EclipseLogger - Using platform encoding (Cp1252 actually) to copy filtered resources, i.e. build is platform dependent!
2020-11-26 15:12:09,799 [Worker-7] INFO  o.e.m.c.i.embedder.EclipseLogger - Copying 0 resource
2020-11-26 15:12:09,799 [Worker-7] WARN  o.e.m.c.i.embedder.EclipseLogger - Using platform encoding (Cp1252 actually) to copy filtered resources, i.e. build is platform dependent!
2020-11-26 15:12:09,799 [Worker-7] INFO  o.e.m.c.i.embedder.EclipseLogger - Copying 0 resource
2020-11-26 15:14:33,780 [Worker-2] WARN  o.e.m.c.i.embedder.EclipseLogger - Using platform encoding (Cp1252 actually) to copy filtered resources, i.e. build is platform dependent!
2020-11-26 15:14:33,795 [Worker-2] INFO  o.e.m.c.i.embedder.EclipseLogger - Copying 0 resource
2020-11-26 15:14:33,795 [Worker-2] WARN  o.e.m.c.i.embedder.EclipseLogger - Using platform encoding (Cp1252 actually) to copy filtered resources, i.e. build is platform dependent!
2020-11-26 15:14:33,795 [Worker-2] INFO  o.e.m.c.i.embedder.EclipseLogger - Copying 0 resource
2020-11-26 15:17:59,913 [Worker-7] WARN  o.e.m.c.i.embedder.EclipseLogger - Using platform encoding (Cp1252 actually) to copy filtered resources, i.e. build is platform dependent!
2020-11-26 15:17:59,928 [Worker-7] INFO  o.e.m.c.i.embedder.EclipseLogger - Copying 0 resource
2020-11-26 15:17:59,929 [Worker-7] WARN  o.e.m.c.i.embedder.EclipseLogger - Using platform encoding (Cp1252 actually) to copy filtered resources, i.e. build is platform dependent!
2020-11-26 15:17:59,929 [Worker-7] INFO  o.e.m.c.i.embedder.EclipseLogger - Copying 0 resource
2020-11-26 15:37:19,714 [Worker-16] WARN  o.e.m.c.i.embedder.EclipseLogger - Using platform encoding (Cp1252 actually) to copy filtered resources, i.e. build is platform dependent!
2020-11-26 15:37:19,724 [Worker-16] INFO  o.e.m.c.i.embedder.EclipseLogger - Copying 0 resource
2020-11-26 15:37:19,724 [Worker-16] WARN  o.e.m.c.i.embedder.EclipseLogger - Using platform encoding (Cp1252 actually) to copy filtered resources, i.e. build is platform dependent!
2020-11-26 15:37:19,738 [Worker-16] INFO  o.e.m.c.i.embedder.EclipseLogger - Copying 0 resource
2020-11-26 15:37:29,888 [Worker-17] WARN  o.e.m.c.i.embedder.EclipseLogger - Using platform encoding (Cp1252 actually) to copy filtered resources, i.e. build is platform dependent!
2020-11-26 15:37:29,891 [Worker-17] INFO  o.e.m.c.i.embedder.EclipseLogger - Copying 0 resource
2020-11-26 15:37:29,892 [Worker-17] WARN  o.e.m.c.i.embedder.EclipseLogger - Using platform encoding (Cp1252 actually) to copy filtered resources, i.e. build is platform dependent!
2020-11-26 15:37:29,892 [Worker-17] INFO  o.e.m.c.i.embedder.EclipseLogger - Copying 0 resource
2020-11-26 15:37:53,092 [Worker-17] WARN  o.e.m.c.i.embedder.EclipseLogger - Using platform encoding (Cp1252 actually) to copy filtered resources, i.e. build is platform dependent!
2020-11-26 15:37:53,100 [Worker-17] INFO  o.e.m.c.i.embedder.EclipseLogger - Copying 0 resource
2020-11-26 15:37:53,100 [Worker-17] WARN  o.e.m.c.i.embedder.EclipseLogger - Using platform encoding (Cp1252 actually) to copy filtered resources, i.e. build is platform dependent!
2020-11-26 15:37:53,100 [Worker-17] INFO  o.e.m.c.i.embedder.EclipseLogger - Copying 0 resource
2020-11-26 15:38:16,853 [Worker-17] WARN  o.e.m.c.i.embedder.EclipseLogger - Using platform encoding (Cp1252 actually) to copy filtered resources, i.e. build is platform dependent!
2020-11-26 15:38:16,853 [Worker-17] INFO  o.e.m.c.i.embedder.EclipseLogger - Copying 0 resource
2020-11-26 15:38:16,853 [Worker-17] WARN  o.e.m.c.i.embedder.EclipseLogger - Using platform encoding (Cp1252 actually) to copy filtered resources, i.e. build is platform dependent!
2020-11-26 15:38:16,859 [Worker-17] INFO  o.e.m.c.i.embedder.EclipseLogger - Copying 0 resource
2020-11-26 15:38:17,901 [Worker-17] WARN  o.e.m.c.i.embedder.EclipseLogger - Using platform encoding (Cp1252 actually) to copy filtered resources, i.e. build is platform dependent!
2020-11-26 15:38:17,901 [Worker-17] INFO  o.e.m.c.i.embedder.EclipseLogger - Copying 0 resource
2020-11-26 15:38:17,901 [Worker-17] WARN  o.e.m.c.i.embedder.EclipseLogger - Using platform encoding (Cp1252 actually) to copy filtered resources, i.e. build is platform dependent!
2020-11-26 15:38:17,901 [Worker-17] INFO  o.e.m.c.i.embedder.EclipseLogger - Copying 0 resource
2020-11-26 15:38:45,374 [Worker-12] WARN  o.e.m.c.i.embedder.EclipseLogger - Using platform encoding (Cp1252 actually) to copy filtered resources, i.e. build is platform dependent!
2020-11-26 15:38:45,374 [Worker-12] INFO  o.e.m.c.i.embedder.EclipseLogger - Copying 0 resource
2020-11-26 15:38:45,374 [Worker-12] WARN  o.e.m.c.i.embedder.EclipseLogger - Using platform encoding (Cp1252 actually) to copy filtered resources, i.e. build is platform dependent!
2020-11-26 15:38:45,374 [Worker-12] INFO  o.e.m.c.i.embedder.EclipseLogger - Copying 0 resource
2020-11-26 15:39:50,526 [Worker-17] WARN  o.e.m.c.i.embedder.EclipseLogger - Using platform encoding (Cp1252 actually) to copy filtered resources, i.e. build is platform dependent!
2020-11-26 15:39:50,526 [Worker-17] INFO  o.e.m.c.i.embedder.EclipseLogger - Copying 0 resource
2020-11-26 15:39:50,526 [Worker-17] WARN  o.e.m.c.i.embedder.EclipseLogger - Using platform encoding (Cp1252 actually) to copy filtered resources, i.e. build is platform dependent!
2020-11-26 15:39:50,526 [Worker-17] INFO  o.e.m.c.i.embedder.EclipseLogger - Copying 0 resource
2020-11-26 15:56:45,999 [Worker-12] INFO  o.e.m.c.i.l.LifecycleMappingFactory - Using org.eclipse.m2e.jdt.JarLifecycleMapping lifecycle mapping for MavenProject: CucumberProject:CucumberProject:0.0.1-SNAPSHOT @ C:\Selenium_Harman_Traning\Cucumber\CucumberProject\pom.xml.
2020-11-26 15:56:47,100 [Worker-12] INFO  o.e.m.c.i.e.AbstractTransferListenerAdapter - Downloading https://repo.maven.apache.org/maven2/io/cucumber/cucumber-testng/6.9.0/cucumber-testng-6.9.0.pom
2020-11-26 15:56:47,280 [Worker-12] INFO  o.e.m.c.i.e.AbstractTransferListenerAdapter - Downloaded https://repo.maven.apache.org/maven2/io/cucumber/cucumber-testng/6.9.0/cucumber-testng-6.9.0.pom
2020-11-26 15:56:47,886 [Worker-12] INFO  o.e.m.c.i.e.AbstractTransferListenerAdapter - Downloading https://repo.maven.apache.org/maven2/io/cucumber/cucumber-testng/6.9.0/cucumber-testng-6.9.0.jar
2020-11-26 15:56:48,074 [Worker-12] INFO  o.e.m.c.i.e.AbstractTransferListenerAdapter - Downloaded https://repo.maven.apache.org/maven2/io/cucumber/cucumber-testng/6.9.0/cucumber-testng-6.9.0.jar
2020-11-26 15:56:48,724 [Worker-12] WARN  o.e.m.c.i.embedder.EclipseLogger - Using platform encoding (Cp1252 actually) to copy filtered resources, i.e. build is platform dependent!
2020-11-26 15:56:48,724 [Worker-12] INFO  o.e.m.c.i.embedder.EclipseLogger - Copying 0 resource
2020-11-26 15:56:48,724 [Worker-12] WARN  o.e.m.c.i.embedder.EclipseLogger - Using platform encoding (Cp1252 actually) to copy filtered resources, i.e. build is platform dependent!
2020-11-26 15:56:48,724 [Worker-12] INFO  o.e.m.c.i.embedder.EclipseLogger - Copying 0 resource
2020-11-26 15:56:50,288 [Worker-12] WARN  o.e.m.c.i.embedder.EclipseLogger - Using platform encoding (Cp1252 actually) to copy filtered resources, i.e. build is platform dependent!
2020-11-26 15:56:50,291 [Worker-12] INFO  o.e.m.c.i.embedder.EclipseLogger - Copying 0 resource
2020-11-26 15:56:50,293 [Worker-12] WARN  o.e.m.c.i.embedder.EclipseLogger - Using platform encoding (Cp1252 actually) to copy filtered resources, i.e. build is platform dependent!
2020-11-26 15:56:50,296 [Worker-12] INFO  o.e.m.c.i.embedder.EclipseLogger - Copying 0 resource
2020-11-26 15:57:30,366 [Worker-19] INFO  o.e.m.c.i.l.LifecycleMappingFactory - Using org.eclipse.m2e.jdt.JarLifecycleMapping lifecycle mapping for MavenProject: CucumberProject:CucumberProject:0.0.1-SNAPSHOT @ C:\Selenium_Harman_Traning\Cucumber\CucumberProject\pom.xml.
2020-11-26 15:57:30,746 [Worker-19] WARN  o.e.m.c.i.embedder.EclipseLogger - Using platform encoding (Cp1252 actually) to copy filtered resources, i.e. build is platform dependent!
2020-11-26 15:57:30,746 [Worker-19] INFO  o.e.m.c.i.embedder.EclipseLogger - Copying 0 resource
2020-11-26 15:57:30,746 [Worker-19] WARN  o.e.m.c.i.embedder.EclipseLogger - Using platform encoding (Cp1252 actually) to copy filtered resources, i.e. build is platform dependent!
2020-11-26 15:57:30,762 [Worker-19] INFO  o.e.m.c.i.embedder.EclipseLogger - Copying 0 resource
2020-11-26 15:57:32,183 [Worker-18] WARN  o.e.m.c.i.embedder.EclipseLogger - Using platform encoding (Cp1252 actually) to copy filtered resources, i.e. build is platform dependent!
2020-11-26 15:57:32,192 [Worker-18] INFO  o.e.m.c.i.embedder.EclipseLogger - Copying 0 resource
2020-11-26 15:57:32,193 [Worker-18] WARN  o.e.m.c.i.embedder.EclipseLogger - Using platform encoding (Cp1252 actually) to copy filtered resources, i.e. build is platform dependent!
2020-11-26 15:57:32,196 [Worker-18] INFO  o.e.m.c.i.embedder.EclipseLogger - Copying 0 resource
2020-11-26 15:58:50,086 [Worker-20] INFO  o.e.m.c.i.l.LifecycleMappingFactory - Using org.eclipse.m2e.jdt.JarLifecycleMapping lifecycle mapping for MavenProject: CucumberProject:CucumberProject:0.0.1-SNAPSHOT @ C:\Selenium_Harman_Traning\Cucumber\CucumberProject\pom.xml.
2020-11-26 15:58:51,079 [Worker-20] INFO  o.e.m.c.i.e.AbstractTransferListenerAdapter - Downloading https://repo.maven.apache.org/maven2/info/cukes/cucumber-picocontainer/1.2.6/cucumber-picocontainer-1.2.6.pom
2020-11-26 15:58:51,242 [Worker-20] INFO  o.e.m.c.i.e.AbstractTransferListenerAdapter - Downloaded https://repo.maven.apache.org/maven2/info/cukes/cucumber-picocontainer/1.2.6/cucumber-picocontainer-1.2.6.pom
2020-11-26 15:58:51,426 [Worker-20] INFO  o.e.m.c.i.e.AbstractTransferListenerAdapter - Downloading https://repo.maven.apache.org/maven2/info/cukes/cucumber-jvm/1.2.6/cucumber-jvm-1.2.6.pom
2020-11-26 15:58:51,627 [Worker-20] INFO  o.e.m.c.i.e.AbstractTransferListenerAdapter - Downloaded https://repo.maven.apache.org/maven2/info/cukes/cucumber-jvm/1.2.6/cucumber-jvm-1.2.6.pom
2020-11-26 15:58:51,797 [Worker-20] INFO  o.e.m.c.i.e.AbstractTransferListenerAdapter - Downloading https://repo.maven.apache.org/maven2/io/cucumber/cucumber-parent/2.0.2/cucumber-parent-2.0.2.pom
2020-11-26 15:58:51,998 [Worker-20] INFO  o.e.m.c.i.e.AbstractTransferListenerAdapter - Downloaded https://repo.maven.apache.org/maven2/io/cucumber/cucumber-parent/2.0.2/cucumber-parent-2.0.2.pom
2020-11-26 15:58:52,198 [Worker-20] INFO  o.e.m.c.i.e.AbstractTransferListenerAdapter - Downloading https://repo.maven.apache.org/maven2/io/cucumber/cucumber-picocontainer/1.2.6/cucumber-picocontainer-1.2.6.pom
2020-11-26 15:58:52,396 [Worker-20] INFO  o.e.m.c.i.e.AbstractTransferListenerAdapter - Downloaded https://repo.maven.apache.org/maven2/io/cucumber/cucumber-picocontainer/1.2.6/cucumber-picocontainer-1.2.6.pom
2020-11-26 15:58:52,584 [Worker-20] INFO  o.e.m.c.i.e.AbstractTransferListenerAdapter - Downloading https://repo.maven.apache.org/maven2/io/cucumber/cucumber-jvm/1.2.6/cucumber-jvm-1.2.6.pom
2020-11-26 15:58:52,822 [Worker-20] INFO  o.e.m.c.i.e.AbstractTransferListenerAdapter - Downloaded https://repo.maven.apache.org/maven2/io/cucumber/cucumber-jvm/1.2.6/cucumber-jvm-1.2.6.pom
2020-11-26 15:58:52,991 [Worker-20] INFO  o.e.m.c.i.e.AbstractTransferListenerAdapter - Downloading https://repo.maven.apache.org/maven2/io/cucumber/cucumber-java/1.2.6/cucumber-java-1.2.6.pom
2020-11-26 15:58:53,169 [Worker-20] INFO  o.e.m.c.i.e.AbstractTransferListenerAdapter - Downloaded https://repo.maven.apache.org/maven2/io/cucumber/cucumber-java/1.2.6/cucumber-java-1.2.6.pom
2020-11-26 15:58:53,344 [Worker-20] INFO  o.e.m.c.i.e.AbstractTransferListenerAdapter - Downloading https://repo.maven.apache.org/maven2/io/cucumber/cucumber-core/1.2.6/cucumber-core-1.2.6.pom
2020-11-26 15:58:53,508 [Worker-20] INFO  o.e.m.c.i.e.AbstractTransferListenerAdapter - Downloaded https://repo.maven.apache.org/maven2/io/cucumber/cucumber-core/1.2.6/cucumber-core-1.2.6.pom
2020-11-26 15:58:53,693 [Worker-20] INFO  o.e.m.c.i.e.AbstractTransferListenerAdapter - Downloading https://repo.maven.apache.org/maven2/info/cukes/cucumber-html/0.2.3/cucumber-html-0.2.3.pom
2020-11-26 15:58:53,856 [Worker-20] INFO  o.e.m.c.i.e.AbstractTransferListenerAdapter - Downloaded https://repo.maven.apache.org/maven2/info/cukes/cucumber-html/0.2.3/cucumber-html-0.2.3.pom
2020-11-26 15:58:54,024 [Worker-20] INFO  o.e.m.c.i.e.AbstractTransferListenerAdapter - Downloading https://repo.maven.apache.org/maven2/org/sonatype/oss/oss-parent/6/oss-parent-6.pom
2020-11-26 15:58:54,229 [Worker-20] INFO  o.e.m.c.i.e.AbstractTransferListenerAdapter - Downloaded https://repo.maven.apache.org/maven2/org/sonatype/oss/oss-parent/6/oss-parent-6.pom
2020-11-26 15:58:54,478 [Worker-20] INFO  o.e.m.c.i.e.AbstractTransferListenerAdapter - Downloading https://repo.maven.apache.org/maven2/info/cukes/cucumber-jvm-deps/1.0.5/cucumber-jvm-deps-1.0.5.pom
2020-11-26 15:58:54,672 [Worker-20] INFO  o.e.m.c.i.e.AbstractTransferListenerAdapter - Downloaded https://repo.maven.apache.org/maven2/info/cukes/cucumber-jvm-deps/1.0.5/cucumber-jvm-deps-1.0.5.pom
2020-11-26 15:58:54,840 [Worker-20] INFO  o.e.m.c.i.e.AbstractTransferListenerAdapter - Downloading https://repo.maven.apache.org/maven2/info/cukes/gherkin/2.12.2/gherkin-2.12.2.pom
2020-11-26 15:58:55,009 [Worker-20] INFO  o.e.m.c.i.e.AbstractTransferListenerAdapter - Downloaded https://repo.maven.apache.org/maven2/info/cukes/gherkin/2.12.2/gherkin-2.12.2.pom
2020-11-26 15:58:55,181 [Worker-20] INFO  o.e.m.c.i.e.AbstractTransferListenerAdapter - Downloading https://repo.maven.apache.org/maven2/org/picocontainer/picocontainer/2.15/picocontainer-2.15.pom
2020-11-26 15:58:55,397 [Worker-20] INFO  o.e.m.c.i.e.AbstractTransferListenerAdapter - Downloaded https://repo.maven.apache.org/maven2/org/picocontainer/picocontainer/2.15/picocontainer-2.15.pom
2020-11-26 15:58:55,567 [Worker-20] INFO  o.e.m.c.i.e.AbstractTransferListenerAdapter - Downloading https://repo.maven.apache.org/maven2/org/picocontainer/picocontainer-parent/2.15/picocontainer-parent-2.15.pom
2020-11-26 15:58:55,744 [Worker-20] INFO  o.e.m.c.i.e.AbstractTransferListenerAdapter - Downloaded https://repo.maven.apache.org/maven2/org/picocontainer/picocontainer-parent/2.15/picocontainer-parent-2.15.pom
2020-11-26 15:58:55,913 [Worker-20] INFO  o.e.m.c.i.e.AbstractTransferListenerAdapter - Downloading https://repo.maven.apache.org/maven2/org/codehaus/codehaus-parent/3/codehaus-parent-3.pom
2020-11-26 15:58:56,082 [Worker-20] INFO  o.e.m.c.i.e.AbstractTransferListenerAdapter - Downloaded https://repo.maven.apache.org/maven2/org/codehaus/codehaus-parent/3/codehaus-parent-3.pom
2020-11-26 15:58:56,082 [Worker-20] WARN  o.e.m.c.i.embedder.EclipseLogger - The artifact info.cukes:cucumber-picocontainer:pom:1.2.6 has been relocated to io.cucumber:cucumber-picocontainer:pom:1.2.6
2020-11-26 15:58:56,295 [Worker-20] INFO  o.e.m.c.i.e.AbstractTransferListenerAdapter - Downloading https://repo.maven.apache.org/maven2/info/cukes/cucumber-jvm-deps/1.0.5/cucumber-jvm-deps-1.0.5.jar
2020-11-26 15:58:56,964 [Worker-20] INFO  o.e.m.c.i.e.AbstractTransferListenerAdapter - Downloaded https://repo.maven.apache.org/maven2/info/cukes/cucumber-jvm-deps/1.0.5/cucumber-jvm-deps-1.0.5.jar
2020-11-26 15:58:57,132 [Worker-20] INFO  o.e.m.c.i.e.AbstractTransferListenerAdapter - Downloading https://repo.maven.apache.org/maven2/info/cukes/gherkin/2.12.2/gherkin-2.12.2.jar
2020-11-26 15:58:57,589 [Worker-20] INFO  o.e.m.c.i.e.AbstractTransferListenerAdapter - Downloaded https://repo.maven.apache.org/maven2/info/cukes/gherkin/2.12.2/gherkin-2.12.2.jar
2020-11-26 15:58:57,750 [Worker-20] INFO  o.e.m.c.i.e.AbstractTransferListenerAdapter - Downloading https://repo.maven.apache.org/maven2/org/picocontainer/picocontainer/2.15/picocontainer-2.15.jar
2020-11-26 15:58:57,951 [Worker-20] INFO  o.e.m.c.i.e.AbstractTransferListenerAdapter - Downloaded https://repo.maven.apache.org/maven2/org/picocontainer/picocontainer/2.15/picocontainer-2.15.jar
2020-11-26 15:58:58,773 [Worker-20] WARN  o.e.m.c.i.embedder.EclipseLogger - Using platform encoding (Cp1252 actually) to copy filtered resources, i.e. build is platform dependent!
2020-11-26 15:58:58,773 [Worker-20] INFO  o.e.m.c.i.embedder.EclipseLogger - Copying 0 resource
2020-11-26 15:58:58,773 [Worker-20] WARN  o.e.m.c.i.embedder.EclipseLogger - Using platform encoding (Cp1252 actually) to copy filtered resources, i.e. build is platform dependent!
2020-11-26 15:58:58,773 [Worker-20] INFO  o.e.m.c.i.embedder.EclipseLogger - Copying 0 resource
2020-11-26 15:59:00,101 [Worker-16] WARN  o.e.m.c.i.embedder.EclipseLogger - The artifact info.cukes:cucumber-picocontainer:pom:1.2.6 has been relocated to io.cucumber:cucumber-picocontainer:pom:1.2.6
2020-11-26 15:59:00,139 [Worker-16] WARN  o.e.m.c.i.embedder.EclipseLogger - Using platform encoding (Cp1252 actually) to copy filtered resources, i.e. build is platform dependent!
2020-11-26 15:59:00,148 [Worker-16] INFO  o.e.m.c.i.embedder.EclipseLogger - Copying 0 resource
2020-11-26 15:59:00,150 [Worker-16] WARN  o.e.m.c.i.embedder.EclipseLogger - Using platform encoding (Cp1252 actually) to copy filtered resources, i.e. build is platform dependent!
2020-11-26 15:59:00,155 [Worker-16] INFO  o.e.m.c.i.embedder.EclipseLogger - Copying 0 resource
2021-01-14 11:16:54,780 [Worker-0] INFO  c.g.t.t.d.PublishedGradleVersions - Gradle version information cache is out-of-date. Trying to update.
2021-01-14 11:16:59,022 [Worker-5] WARN  o.e.m.c.i.embedder.EclipseLogger - The artifact info.cukes:cucumber-picocontainer:pom:1.2.6 has been relocated to io.cucumber:cucumber-picocontainer:pom:1.2.6
2021-01-14 11:17:01,864 [Worker-5] WARN  o.e.m.c.i.embedder.EclipseLogger - Using platform encoding (Cp1252 actually) to copy filtered resources, i.e. build is platform dependent!
2021-01-14 11:17:01,881 [Worker-5] INFO  o.e.m.c.i.embedder.EclipseLogger - Copying 0 resource
2021-01-14 11:17:01,889 [Worker-5] WARN  o.e.m.c.i.embedder.EclipseLogger - Using platform encoding (Cp1252 actually) to copy filtered resources, i.e. build is platform dependent!
2021-01-14 11:17:01,961 [Worker-5] INFO  o.e.m.c.i.embedder.EclipseLogger - Copying 0 resource
2021-01-14 11:36:41,139 [Worker-1] INFO  c.g.t.t.d.PublishedGradleVersions - Gradle version information cache is up-to-date. Trying to read.
2021-03-04 17:47:46,034 [Worker-2] INFO  c.g.t.t.d.PublishedGradleVersions - Gradle version information cache is out-of-date. Trying to update.
2021-03-04 17:51:06,727 [Worker-11] WARN  o.e.m.c.i.embedder.EclipseLogger - The artifact info.cukes:cucumber-picocontainer:pom:1.2.6 has been relocated to io.cucumber:cucumber-picocontainer:pom:1.2.6
2021-03-04 17:51:08,391 [Worker-11] WARN  o.e.m.c.i.embedder.EclipseLogger - Using platform encoding (Cp1252 actually) to copy filtered resources, i.e. build is platform dependent!
2021-03-04 17:51:08,410 [Worker-11] INFO  o.e.m.c.i.embedder.EclipseLogger - Copying 0 resource
2021-03-04 17:51:08,414 [Worker-11] WARN  o.e.m.c.i.embedder.EclipseLogger - Using platform encoding (Cp1252 actually) to copy filtered resources, i.e. build is platform dependent!
2021-03-04 17:51:08,416 [Worker-11] INFO  o.e.m.c.i.embedder.EclipseLogger - Copying 0 resource
2021-03-04 17:51:42,907 [Worker-13] WARN  o.e.m.c.i.embedder.EclipseLogger - Using platform encoding (Cp1252 actually) to copy filtered resources, i.e. build is platform dependent!
2021-03-04 17:51:42,919 [Worker-13] INFO  o.e.m.c.i.embedder.EclipseLogger - Copying 0 resource
2021-03-04 17:51:42,923 [Worker-13] WARN  o.e.m.c.i.embedder.EclipseLogger - Using platform encoding (Cp1252 actually) to copy filtered resources, i.e. build is platform dependent!
2021-03-04 17:51:42,985 [Worker-13] INFO  o.e.m.c.i.embedder.EclipseLogger - Copying 0 resource
2021-03-04 17:54:11,730 [Worker-8] WARN  o.e.m.c.i.embedder.EclipseLogger - Using platform encoding (Cp1252 actually) to copy filtered resources, i.e. build is platform dependent!
2021-03-04 17:54:11,731 [Worker-8] INFO  o.e.m.c.i.embedder.EclipseLogger - Copying 0 resource
2021-03-04 17:54:11,734 [Worker-8] WARN  o.e.m.c.i.embedder.EclipseLogger - Using platform encoding (Cp1252 actually) to copy filtered resources, i.e. build is platform dependent!
2021-03-04 17:54:11,737 [Worker-8] INFO  o.e.m.c.i.embedder.EclipseLogger - Copying 0 resource
