#
# A fatal error has been detected by the Java Runtime Environment:
#
#  EXCEPTION_ACCESS_VIOLATION (0xc0000005) at pc=0x000000007674f4a5, pid=20768, tid=0x0000000000005680
#
# JRE version: Java(TM) SE Runtime Environment (8.0_201-b09) (build 1.8.0_201-b09)
# Java VM: Java HotSpot(TM) 64-Bit Server VM (25.201-b09 mixed mode windows-amd64 compressed oops)
# Problematic frame:
# V  [jvm.dll+0xff4a5]
#
# Failed to write core dump. Minidumps are not enabled by default on client versions of Windows
#
# If you would like to submit a bug report, please visit:
#   http://bugreport.java.com/bugreport/crash.jsp
#

---------------  T H R E A D  ---------------

Current thread (0x0000000016f98000):  VMThread [stack: 0x0000000018030000,0x0000000018130000] [id=22144]

siginfo: ExceptionCode=0xc0000005, reading address 0x0000000000000008

Registers:
RAX=0x0000000000000000, RBX=0x0000000016b46218, RCX=0x0000000000000000, RDX=0x0000000000000000
RSP=0x000000001812edb0, RBP=0x000000000000000b, RSI=0x0000000076e64dd0, RDI=0x000000001812f090
R8 =0x0000000000000000, R9 =0x0000000016b46218, R10=0x00000000000001b4, R11=0x0000000016b46823
R12=0x0000000000000001, R13=0x0000000000000001, R14=0x00000000000003d8, R15=0x000000001812eeb0
RIP=0x000000007674f4a5, EFLAGS=0x0000000000010202

Top of Stack: (sp=0x000000001812edb0)
0x000000001812edb0:   000000001812f090 00000000029208da
0x000000001812edc0:   0000000000000004 00000000767501f9
0x000000001812edd0:   000000001812f008 0000000016b468b0
0x000000001812ede0:   0000000046000001 0000000000000000
0x000000001812edf0:   00001e8dfaf0fd66 000000007674faa2
0x000000001812ee00:   000000001812eec0 0000000000000001
0x000000001812ee10:   000000001812eed0 000000001812f090
0x000000001812ee20:   000000001812ef00 00000000767526d0
0x000000001812ee30:   000000000000000b 000000000000000b
0x000000001812ee40:   0000000000000030 000000007674f926
0x000000001812ee50:   000000000000000b 000000001812ef00
0x000000001812ee60:   000000001812eec0 0000000000000030
0x000000001812ee70:   0000000016b468b0 000000007675322f
0x000000001812ee80:   000000001812f090 000000001812ef00
0x000000001812ee90:   0000000016ea55b0 0000000016b468b0
0x000000001812eea0:   0000000000000004 0000000000000000 

Instructions: (pc=0x000000007674f4a5)
0x000000007674f485:   8b d2 e8 54 7f ff ff 48 8b cb 8b d0 e8 5a 78 ff
0x000000007674f495:   ff 48 8d 35 33 59 71 00 48 63 c8 48 8b 44 cb 50
0x000000007674f4a5:   0f b6 48 08 8b 05 05 59 71 00 80 f9 4c 74 2b 80
0x000000007674f4b5:   f9 5b 74 26 80 f9 4a 74 18 80 f9 44 74 13 48 8d 


Register to memory mapping:

RAX=0x0000000000000000 is an unknown value
RBX=0x0000000016b46218 is pointing into metadata
RCX=0x0000000000000000 is an unknown value
RDX=0x0000000000000000 is an unknown value
RSP=0x000000001812edb0 is an unknown value
RBP=0x000000000000000b is an unknown value
RSI=0x0000000076e64dd0 is an unknown value
RDI=0x000000001812f090 is an unknown value
R8 =0x0000000000000000 is an unknown value
R9 =0x0000000016b46218 is pointing into metadata
R10=0x00000000000001b4 is an unknown value
R11=0x0000000016b46823 is pointing into metadata
R12=0x0000000000000001 is an unknown value
R13=0x0000000000000001 is an unknown value
R14=0x00000000000003d8 is an unknown value
R15=0x000000001812eeb0 is an unknown value


Stack: [0x0000000018030000,0x0000000018130000],  sp=0x000000001812edb0,  free space=1019k
Native frames: (J=compiled Java code, j=interpreted, Vv=VM code, C=native code)
V  [jvm.dll+0xff4a5]
V  [jvm.dll+0x1026d0]
V  [jvm.dll+0x10322f]
V  [jvm.dll+0x103a75]
V  [jvm.dll+0x103cc2]
V  [jvm.dll+0xc51ae]
V  [jvm.dll+0xc5838]
V  [jvm.dll+0xc596a]
V  [jvm.dll+0xc5b68]
V  [jvm.dll+0x10fb3a]
V  [jvm.dll+0x12d45f]
V  [jvm.dll+0x1bf61f]
V  [jvm.dll+0x24d407]
V  [jvm.dll+0x24c6a6]
V  [jvm.dll+0x24cb41]
V  [jvm.dll+0x24cd5e]
V  [jvm.dll+0x29fb6a]
C  [msvcr100.dll+0x21db7]
C  [msvcr100.dll+0x21e53]
C  [KERNEL32.DLL+0x17c24]
C  [ntdll.dll+0x6d721]

VM_Operation (0x0000000018a6f790): GetOrSetLocal, mode: safepoint, requested by thread 0x0000000016fdc000


---------------  P R O C E S S  ---------------

Java Threads: ( => current thread )
  0x00000000196f8000 JavaThread "Okio Watchdog" daemon [_thread_blocked, id=19756, stack(0x000000001bf40000,0x000000001c040000)]
  0x000000001a1ce800 JavaThread "Exec Stream Pumper" daemon [_thread_in_native, id=16000, stack(0x000000001b840000,0x000000001b940000)]
  0x000000001a1d2800 JavaThread "Exec Stream Pumper" daemon [_thread_in_native, id=22952, stack(0x000000001b740000,0x000000001b840000)]
  0x0000000019b8c800 JavaThread "Exec Default Executor" daemon [_thread_in_native, id=21672, stack(0x000000001b540000,0x000000001b640000)]
  0x000000001972c800 JavaThread "ReaderThread" [_thread_in_native, id=22268, stack(0x0000000019e70000,0x0000000019f70000)]
  0x0000000018da7800 JavaThread "Service Thread" daemon [_thread_blocked, id=9024, stack(0x0000000019370000,0x0000000019470000)]
  0x000000001702e000 JavaThread "C1 CompilerThread2" daemon [_thread_blocked, id=19644, stack(0x0000000019270000,0x0000000019370000)]
  0x000000001702d000 JavaThread "C2 CompilerThread1" daemon [_thread_blocked, id=19188, stack(0x0000000019170000,0x0000000019270000)]
  0x0000000016ff6000 JavaThread "C2 CompilerThread0" daemon [_thread_blocked, id=8488, stack(0x0000000018c70000,0x0000000018d70000)]
  0x0000000016fea000 JavaThread "JDWP Command Reader" daemon [_thread_in_native, id=16696, stack(0x0000000018b70000,0x0000000018c70000)]
  0x0000000016fe8800 JavaThread "JDWP Event Helper Thread" daemon [_thread_blocked, id=20268, stack(0x0000000018a70000,0x0000000018b70000)]
  0x0000000016fdc000 JavaThread "JDWP Transport Listener: dt_socket" daemon [_thread_blocked, id=18588, stack(0x0000000018970000,0x0000000018a70000)]
  0x0000000016fcf800 JavaThread "Attach Listener" daemon [_thread_blocked, id=23072, stack(0x0000000018530000,0x0000000018630000)]
  0x0000000016fce000 JavaThread "Signal Dispatcher" daemon [_thread_blocked, id=14172, stack(0x0000000018430000,0x0000000018530000)]
  0x0000000002918000 JavaThread "Finalizer" daemon [_thread_blocked, id=18992, stack(0x0000000018230000,0x0000000018330000)]
  0x0000000002912800 JavaThread "Reference Handler" daemon [_thread_blocked, id=15620, stack(0x0000000018130000,0x0000000018230000)]
  0x0000000002824000 JavaThread "main" [_thread_blocked, id=21400, stack(0x0000000002670000,0x0000000002770000)]

Other Threads:
=>0x0000000016f98000 VMThread [stack: 0x0000000018030000,0x0000000018130000] [id=22144]
  0x0000000018df6000 WatcherThread [stack: 0x0000000019470000,0x0000000019570000] [id=20460]

VM state:at safepoint (normal execution)

VM Mutex/Monitor currently owned by a thread:  ([mutex/lock_event])
[0x0000000002820fd0] Threads_lock - owner thread: 0x0000000016f98000

heap address: 0x0000000089600000, size: 1898 MB, Compressed Oops mode: 32-bit
Narrow klass base: 0x0000000000000000, Narrow klass shift: 3
Compressed class space size: 1073741824 Address: 0x0000000100000000

Heap:
 PSYoungGen      total 35840K, used 13468K [0x00000000d8780000, 0x00000000daf80000, 0x0000000100000000)
  eden space 30720K, 27% used [0x00000000d8780000,0x00000000d8faf300,0x00000000da580000)
  from space 5120K, 99% used [0x00000000daa80000,0x00000000daf78060,0x00000000daf80000)
  to   space 5120K, 0% used [0x00000000da580000,0x00000000da580000,0x00000000daa80000)
 ParOldGen       total 81920K, used 4443K [0x0000000089600000, 0x000000008e600000, 0x00000000d8780000)
  object space 81920K, 5% used [0x0000000089600000,0x0000000089a56ea8,0x000000008e600000)
 Metaspace       used 18743K, capacity 19526K, committed 19712K, reserved 1067008K
  class space    used 2337K, capacity 2529K, committed 2560K, reserved 1048576K

Card table byte_map: [0x0000000011ce0000,0x00000000120a0000] byte_map_base: 0x0000000011895000

Marking Bits: (ParMarkBitMap*) 0x0000000076e74ce0
 Begin Bits: [0x0000000012720000, 0x00000000144c8000)
 End Bits:   [0x00000000144c8000, 0x0000000016270000)

Polling page: 0x0000000002570000

CodeCache: size=245760Kb used=5854Kb max_used=5854Kb free=239905Kb
 bounds [0x0000000002920000, 0x0000000002ee0000, 0x0000000011920000]
 total_blobs=2043 nmethods=1618 adapters=345
 compilation: enabled

Compilation events (10 events):
Event: 8.222 Thread 0x000000001702e000 1614       3       com.google.common.collect.RegularImmutableMap::get (13 bytes)
Event: 8.222 Thread 0x000000001702e000 nmethod 1614 0x0000000002ed8ed0 code [0x0000000002ed9040, 0x0000000002ed91e8]
Event: 8.222 Thread 0x000000001702e000 1615       3       java.util.regex.Matcher::end (22 bytes)
Event: 8.223 Thread 0x000000001702e000 nmethod 1615 0x0000000002ed9290 code [0x0000000002ed9400, 0x0000000002ed9668]
Event: 32.131 Thread 0x000000001702e000 1616       1       java.util.Formatter$FormatSpecifier::index (5 bytes)
Event: 32.131 Thread 0x000000001702e000 nmethod 1616 0x0000000002ed9790 code [0x0000000002ed98e0, 0x0000000002ed99f0]
Event: 32.131 Thread 0x000000001702e000 1617       3       com.google.common.collect.AbstractMapEntry::<init> (5 bytes)
Event: 32.131 Thread 0x000000001702e000 nmethod 1617 0x0000000002ed9a50 code [0x0000000002ed9ba0, 0x0000000002ed9d50]
Event: 32.132 Thread 0x000000001702e000 1618       1       java.util.stream.Collectors$CollectorImpl::characteristics (5 bytes)
Event: 32.132 Thread 0x000000001702e000 nmethod 1618 0x0000000002ed9e10 code [0x0000000002ed9f60, 0x0000000002eda070]

GC Heap History (4 events):
Event: 3.430 GC heap before
{Heap before GC invocations=1 (full 0):
 PSYoungGen      total 35840K, used 30720K [0x00000000d8780000, 0x00000000daf80000, 0x0000000100000000)
  eden space 30720K, 100% used [0x00000000d8780000,0x00000000da580000,0x00000000da580000)
  from space 5120K, 0% used [0x00000000daa80000,0x00000000daa80000,0x00000000daf80000)
  to   space 5120K, 0% used [0x00000000da580000,0x00000000da580000,0x00000000daa80000)
 ParOldGen       total 81920K, used 0K [0x0000000089600000, 0x000000008e600000, 0x00000000d8780000)
  object space 81920K, 0% used [0x0000000089600000,0x0000000089600000,0x000000008e600000)
 Metaspace       used 12272K, capacity 12530K, committed 12928K, reserved 1060864K
  class space    used 1424K, capacity 1549K, committed 1664K, reserved 1048576K
Event: 3.440 GC heap after
Heap after GC invocations=1 (full 0):
 PSYoungGen      total 35840K, used 5098K [0x00000000d8780000, 0x00000000daf80000, 0x0000000100000000)
  eden space 30720K, 0% used [0x00000000d8780000,0x00000000d8780000,0x00000000da580000)
  from space 5120K, 99% used [0x00000000da580000,0x00000000daa7a988,0x00000000daa80000)
  to   space 5120K, 0% used [0x00000000daa80000,0x00000000daa80000,0x00000000daf80000)
 ParOldGen       total 81920K, used 821K [0x0000000089600000, 0x000000008e600000, 0x00000000d8780000)
  object space 81920K, 1% used [0x0000000089600000,0x00000000896cd698,0x000000008e600000)
 Metaspace       used 12272K, capacity 12530K, committed 12928K, reserved 1060864K
  class space    used 1424K, capacity 1549K, committed 1664K, reserved 1048576K
}
Event: 6.577 GC heap before
{Heap before GC invocations=2 (full 0):
 PSYoungGen      total 35840K, used 35818K [0x00000000d8780000, 0x00000000daf80000, 0x0000000100000000)
  eden space 30720K, 100% used [0x00000000d8780000,0x00000000da580000,0x00000000da580000)
  from space 5120K, 99% used [0x00000000da580000,0x00000000daa7a988,0x00000000daa80000)
  to   space 5120K, 0% used [0x00000000daa80000,0x00000000daa80000,0x00000000daf80000)
 ParOldGen       total 81920K, used 821K [0x0000000089600000, 0x000000008e600000, 0x00000000d8780000)
  object space 81920K, 1% used [0x0000000089600000,0x00000000896cd698,0x000000008e600000)
 Metaspace       used 17404K, capacity 18076K, committed 18304K, reserved 1064960K
  class space    used 2176K, capacity 2378K, committed 2432K, reserved 1048576K
Event: 6.587 GC heap after
Heap after GC invocations=2 (full 0):
 PSYoungGen      total 35840K, used 5088K [0x00000000d8780000, 0x00000000daf80000, 0x0000000100000000)
  eden space 30720K, 0% used [0x00000000d8780000,0x00000000d8780000,0x00000000da580000)
  from space 5120K, 99% used [0x00000000daa80000,0x00000000daf78060,0x00000000daf80000)
  to   space 5120K, 0% used [0x00000000da580000,0x00000000da580000,0x00000000daa80000)
 ParOldGen       total 81920K, used 4443K [0x0000000089600000, 0x000000008e600000, 0x00000000d8780000)
  object space 81920K, 5% used [0x0000000089600000,0x0000000089a56ea8,0x000000008e600000)
 Metaspace       used 17404K, capacity 18076K, committed 18304K, reserved 1064960K
  class space    used 2176K, capacity 2378K, committed 2432K, reserved 1048576K
}

Deoptimization events (10 events):
Event: 6.514 Thread 0x0000000002824000 Uncommon trap: reason=class_check action=maybe_recompile pc=0x0000000002d4afc0 method=java.util.regex.Matcher.search(I)Z @ 86
Event: 6.514 Thread 0x0000000002824000 Uncommon trap: reason=class_check action=maybe_recompile pc=0x0000000002cf676c method=java.util.regex.Pattern$Curly.match(Ljava/util/regex/Matcher;ILjava/lang/CharSequence;)Z @ 19
Event: 6.527 Thread 0x0000000002824000 Uncommon trap: reason=class_check action=maybe_recompile pc=0x0000000002cf676c method=java.util.regex.Pattern$Curly.match(Ljava/util/regex/Matcher;ILjava/lang/CharSequence;)Z @ 19
Event: 6.527 Thread 0x0000000002824000 Uncommon trap: reason=class_check action=maybe_recompile pc=0x0000000002cf676c method=java.util.regex.Pattern$Curly.match(Ljava/util/regex/Matcher;ILjava/lang/CharSequence;)Z @ 19
Event: 6.611 Thread 0x0000000002824000 Uncommon trap: reason=unstable_if action=reinterpret pc=0x0000000002cd86b0 method=java.util.regex.Pattern$BmpCharProperty.match(Ljava/util/regex/Matcher;ILjava/lang/CharSequence;)Z @ 34
Event: 7.944 Thread 0x0000000002824000 Uncommon trap: reason=class_check action=maybe_recompile pc=0x0000000002ea2c88 method=org.openqa.selenium.json.Input.init()V @ 18
Event: 7.945 Thread 0x0000000002824000 Uncommon trap: reason=class_check action=maybe_recompile pc=0x0000000002ea2c88 method=org.openqa.selenium.json.Input.init()V @ 18
Event: 7.945 Thread 0x0000000002824000 Uncommon trap: reason=class_check action=maybe_recompile pc=0x0000000002ea2c88 method=org.openqa.selenium.json.Input.init()V @ 18
Event: 7.945 Thread 0x0000000002824000 Uncommon trap: reason=class_check action=maybe_recompile pc=0x0000000002ea2c88 method=org.openqa.selenium.json.Input.init()V @ 18
Event: 7.986 Thread 0x0000000002824000 Uncommon trap: reason=unstable_if action=reinterpret pc=0x0000000002d990d4 method=java.util.concurrent.ConcurrentHashMap.putVal(Ljava/lang/Object;Ljava/lang/Object;Z)Ljava/lang/Object; @ 181

Classes redefined (8 events):
Event: 576.650 Thread 0x0000000016f98000 redefined class name=Com.OrangeHRM.data_read_from_table, count=1
Event: 895.283 Thread 0x0000000016f98000 redefined class name=Com.OrangeHRM.data_read_from_table, count=2
Event: 1010.546 Thread 0x0000000016f98000 redefined class name=Com.OrangeHRM.data_read_from_table, count=3
Event: 1254.739 Thread 0x0000000016f98000 redefined class name=Com.OrangeHRM.data_read_from_table, count=4
Event: 1286.316 Thread 0x0000000016f98000 redefined class name=Com.OrangeHRM.data_read_from_table, count=5
Event: 1381.626 Thread 0x0000000016f98000 redefined class name=Com.OrangeHRM.data_read_from_table, count=6
Event: 1578.588 Thread 0x0000000016f98000 redefined class name=Com.OrangeHRM.data_read_from_table, count=7
Event: 1597.885 Thread 0x0000000016f98000 redefined class name=Com.OrangeHRM.data_read_from_table, count=8

Internal exceptions (10 events):
Event: 6.322 Thread 0x0000000002824000 Exception <a 'java/lang/NoSuchMethodError': java.lang.Object.lambda$or$2(Ljava/util/function/Predicate;Ljava/lang/Object;)Z> (0x00000000d9c4fe38) thrown at [C:\re\workspace\8-2-build-windows-amd64-cygwin\jdk8u201\12322\hotspot\src\share\vm\interpreter\lin
Event: 6.356 Thread 0x0000000002824000 Exception <a 'java/lang/ArrayIndexOutOfBoundsException': 110> (0x00000000d9d85f08) thrown at [C:\re\workspace\8-2-build-windows-amd64-cygwin\jdk8u201\12322\hotspot\src\share\vm\interpreter\interpreterRuntime.cpp, line 368]
Event: 6.356 Thread 0x0000000002824000 Exception <a 'java/lang/ArrayIndexOutOfBoundsException': 88> (0x00000000d9d87630) thrown at [C:\re\workspace\8-2-build-windows-amd64-cygwin\jdk8u201\12322\hotspot\src\share\vm\interpreter\interpreterRuntime.cpp, line 368]
Event: 6.358 Thread 0x0000000002824000 Exception <a 'java/lang/ArrayIndexOutOfBoundsException': 92> (0x00000000d9d8d4f0) thrown at [C:\re\workspace\8-2-build-windows-amd64-cygwin\jdk8u201\12322\hotspot\src\share\vm\interpreter\interpreterRuntime.cpp, line 368]
Event: 6.358 Thread 0x0000000002824000 Exception <a 'java/lang/ArrayIndexOutOfBoundsException': 57> (0x00000000d9d92e90) thrown at [C:\re\workspace\8-2-build-windows-amd64-cygwin\jdk8u201\12322\hotspot\src\share\vm\interpreter\interpreterRuntime.cpp, line 368]
Event: 6.421 Thread 0x0000000002824000 Exception <a 'java/lang/NoSuchMethodError': java.lang.Object.lambda$chars$0()Ljava/util/Spliterator$OfInt;> (0x00000000d9f8f210) thrown at [C:\re\workspace\8-2-build-windows-amd64-cygwin\jdk8u201\12322\hotspot\src\share\vm\interpreter\linkResolver.cpp, li
Event: 7.956 Thread 0x0000000002824000 Exception <a 'java/lang/NoSuchMethodError': java.lang.Object.lambda$getResponseFunction$0(Lorg/openqa/selenium/remote/InitialHandshakeResponse;)Lorg/openqa/selenium/remote/ProtocolHandshake$Result;> (0x00000000d8c19d80) thrown at [C:\re\workspace\8-2-buil
Event: 8.040 Thread 0x0000000002824000 Exception <a 'java/net/SocketTimeoutException': Read timed out> (0x00000000d8d765a8) thrown at [C:\re\workspace\8-2-build-windows-amd64-cygwin\jdk8u201\12322\hotspot\src\share\vm\prims\jni.cpp, line 735]
Event: 8.180 Thread 0x0000000002824000 Exception <a 'java/net/SocketTimeoutException': Read timed out> (0x00000000d8d95af0) thrown at [C:\re\workspace\8-2-build-windows-amd64-cygwin\jdk8u201\12322\hotspot\src\share\vm\prims\jni.cpp, line 735]
Event: 8.223 Thread 0x0000000002824000 Exception <a 'java/net/SocketTimeoutException': Read timed out> (0x00000000d8e9b308) thrown at [C:\re\workspace\8-2-build-windows-amd64-cygwin\jdk8u201\12322\hotspot\src\share\vm\prims\jni.cpp, line 735]

Events (10 events):
Event: 1637.549 Executing VM operation: GetOwnedMonitorInfo done
Event: 1647.729 Executing VM operation: GetCurrentContendedMonitor
Event: 1647.729 Executing VM operation: GetCurrentContendedMonitor done
Event: 1647.729 Executing VM operation: GetOwnedMonitorInfo
Event: 1647.730 Executing VM operation: GetOwnedMonitorInfo done
Event: 1653.049 Executing VM operation: GetOwnedMonitorInfo
Event: 1653.050 Executing VM operation: GetOwnedMonitorInfo done
Event: 1653.050 Executing VM operation: GetCurrentContendedMonitor
Event: 1653.050 Executing VM operation: GetCurrentContendedMonitor done
Event: 1656.274 Executing VM operation: GetOrSetLocal


Dynamic libraries:
0x00007ff6257c0000 - 0x00007ff6257f7000 	C:\Program Files\Java\jre1.8.0_201\bin\javaw.exe
0x00007ff90d280000 - 0x00007ff90d470000 	C:\Windows\SYSTEM32\ntdll.dll
0x00007ff90ca90000 - 0x00007ff90cb42000 	C:\Windows\System32\KERNEL32.DLL
0x00007ff90a4f0000 - 0x00007ff90a795000 	C:\Windows\System32\KERNELBASE.dll
0x00007ff90c070000 - 0x00007ff90c113000 	C:\Windows\System32\ADVAPI32.dll
0x00007ff90cbd0000 - 0x00007ff90cc6e000 	C:\Windows\System32\msvcrt.dll
0x00007ff90c4d0000 - 0x00007ff90c567000 	C:\Windows\System32\sechost.dll
0x00007ff90bce0000 - 0x00007ff90bdff000 	C:\Windows\System32\RPCRT4.dll
0x00007ff90be00000 - 0x00007ff90bf94000 	C:\Windows\System32\USER32.dll
0x00007ff90a230000 - 0x00007ff90a251000 	C:\Windows\System32\win32u.dll
0x00007ff90c570000 - 0x00007ff90c596000 	C:\Windows\System32\GDI32.dll
0x00007ff90b190000 - 0x00007ff90b328000 	C:\Windows\System32\gdi32full.dll
0x00007ff90b0f0000 - 0x00007ff90b18e000 	C:\Windows\System32\msvcp_win.dll
0x00007ff90a7a0000 - 0x00007ff90a89a000 	C:\Windows\System32\ucrtbase.dll
0x00007ff8f0a00000 - 0x00007ff8f0c84000 	C:\Windows\WinSxS\amd64_microsoft.windows.common-controls_6595b64144ccf1df_6.0.18362.1379_none_9e7ff3b3e45cc0c4\COMCTL32.dll
0x00007ff90c190000 - 0x00007ff90c4c7000 	C:\Windows\System32\combase.dll
0x00007ff90a260000 - 0x00007ff90a2e1000 	C:\Windows\System32\bcryptPrimitives.dll
0x00007ff90ca50000 - 0x00007ff90ca7e000 	C:\Windows\System32\IMM32.DLL
0x0000000002510000 - 0x0000000002522000 	C:\Windows\System32\umppc12601.dll
0x0000000076f00000 - 0x0000000076fd1000 	C:\Program Files\Java\jre1.8.0_201\bin\msvcr100.dll
0x0000000076650000 - 0x0000000076ef4000 	C:\Program Files\Java\jre1.8.0_201\bin\server\jvm.dll
0x00007ff90cc70000 - 0x00007ff90cc78000 	C:\Windows\System32\PSAPI.DLL
0x00007ff8f73a0000 - 0x00007ff8f73a9000 	C:\Windows\SYSTEM32\WSOCK32.dll
0x00007ff90bba0000 - 0x00007ff90bc0f000 	C:\Windows\System32\WS2_32.dll
0x00007ff904040000 - 0x00007ff904064000 	C:\Windows\SYSTEM32\WINMM.dll
0x00007ff8fd8f0000 - 0x00007ff8fd8fa000 	C:\Windows\SYSTEM32\VERSION.dll
0x00007ff904010000 - 0x00007ff90403d000 	C:\Windows\SYSTEM32\WINMMBASE.dll
0x00007ff90a2f0000 - 0x00007ff90a33a000 	C:\Windows\System32\cfgmgr32.dll
0x00007ff8faaf0000 - 0x00007ff8faaff000 	C:\Program Files\Java\jre1.8.0_201\bin\verify.dll
0x00007ff8f2c90000 - 0x00007ff8f2cb9000 	C:\Program Files\Java\jre1.8.0_201\bin\java.dll
0x00007ff8e0600000 - 0x00007ff8e0635000 	C:\Program Files\Java\jre1.8.0_201\bin\jdwp.dll
0x00007ff8f3a10000 - 0x00007ff8f3a18000 	C:\Program Files\Java\jre1.8.0_201\bin\npt.dll
0x00007ff8f3990000 - 0x00007ff8f39a6000 	C:\Program Files\Java\jre1.8.0_201\bin\zip.dll
0x00007ff90b490000 - 0x00007ff90bb78000 	C:\Windows\System32\SHELL32.dll
0x00007ff90c920000 - 0x00007ff90c9c7000 	C:\Windows\System32\shcore.dll
0x00007ff90a8c0000 - 0x00007ff90b03b000 	C:\Windows\System32\windows.storage.dll
0x00007ff90a1d0000 - 0x00007ff90a1f3000 	C:\Windows\System32\profapi.dll
0x00007ff90a180000 - 0x00007ff90a1ca000 	C:\Windows\System32\powrprof.dll
0x00007ff90a130000 - 0x00007ff90a140000 	C:\Windows\System32\UMPDC.dll
0x00007ff90c8c0000 - 0x00007ff90c912000 	C:\Windows\System32\shlwapi.dll
0x00007ff90a160000 - 0x00007ff90a171000 	C:\Windows\System32\kernel.appcore.dll
0x00007ff90a8a0000 - 0x00007ff90a8b7000 	C:\Windows\System32\cryptsp.dll
0x00007ff8f3830000 - 0x00007ff8f3839000 	C:\Program Files\Java\jre1.8.0_201\bin\dt_socket.dll
0x00007ff8ecbd0000 - 0x00007ff8ecbe6000 	C:\Windows\system32\napinsp.dll
0x00007ff8ecbf0000 - 0x00007ff8ecc0a000 	C:\Windows\system32\pnrpnsp.dll
0x00007ff909970000 - 0x00007ff9099d7000 	C:\Windows\System32\mswsock.dll
0x00007ff9096c0000 - 0x00007ff90978b000 	C:\Windows\SYSTEM32\DNSAPI.dll
0x00007ff90cdc0000 - 0x00007ff90cdc8000 	C:\Windows\System32\NSI.dll
0x00007ff909680000 - 0x00007ff9096ba000 	C:\Windows\SYSTEM32\IPHLPAPI.DLL
0x00007ff8ed330000 - 0x00007ff8ed33e000 	C:\Windows\System32\winrnr.dll
0x00007ff9056b0000 - 0x00007ff9056cc000 	C:\Windows\system32\NLAapi.dll
0x00007ff903f20000 - 0x00007ff903f35000 	C:\Windows\system32\wshbth.dll
0x00007ff903b50000 - 0x00007ff903bc7000 	C:\Windows\System32\fwpuclnt.dll
0x00007ff90a200000 - 0x00007ff90a226000 	C:\Windows\System32\bcrypt.dll
0x00007ff8fc3d0000 - 0x00007ff8fc3da000 	C:\Windows\System32\rasadhlp.dll
0x00007ff8f2bb0000 - 0x00007ff8f2bca000 	C:\Program Files\Java\jre1.8.0_201\bin\net.dll
0x00007ff8f8af0000 - 0x00007ff8f8cc6000 	C:\Windows\SYSTEM32\urlmon.dll
0x00007ff8f8f80000 - 0x00007ff8f9227000 	C:\Windows\SYSTEM32\iertutil.dll
0x00007ff909b40000 - 0x00007ff909b4c000 	C:\Windows\SYSTEM32\CRYPTBASE.DLL
0x00007ff909280000 - 0x00007ff9092b3000 	C:\Windows\system32\rsaenh.dll
0x00007ff90a050000 - 0x00007ff90a075000 	C:\Windows\SYSTEM32\USERENV.dll
0x00007ff902390000 - 0x00007ff9023a6000 	C:\Windows\SYSTEM32\dhcpcsvc6.DLL
0x00007ff902740000 - 0x00007ff90275c000 	C:\Windows\SYSTEM32\dhcpcsvc.DLL
0x00007ff8f2b60000 - 0x00007ff8f2b71000 	C:\Program Files\Java\jre1.8.0_201\bin\nio.dll
0x00007ff8e1510000 - 0x00007ff8e1534000 	C:\Program Files\Java\jre1.8.0_201\bin\sunec.dll
0x00007ff8f88f0000 - 0x00007ff8f88fb000 	C:\Program Files\Java\jre1.8.0_201\bin\sunmscapi.dll
0x00007ff90a340000 - 0x00007ff90a48a000 	C:\Windows\System32\CRYPT32.dll
0x00007ff90a140000 - 0x00007ff90a152000 	C:\Windows\System32\MSASN1.dll
0x00007ff9072f0000 - 0x00007ff9074e4000 	C:\Windows\SYSTEM32\dbghelp.dll

VM Arguments:
jvm_args: -agentlib:jdwp=transport=dt_socket,suspend=y,address=localhost:53995 -ea -Dfile.encoding=Cp1252 
java_command: org.testng.remote.RemoteTestNG -serport 53994 -protocol json -d C:\Selenium_Harman_Traning\Workspace\OrangeHRM_Dema\test-output C:\Users\FASIDD~1\AppData\Local\Temp\testng-eclipse-1616776841\testng-customsuite.xml
java_class_path (initial): C:\Users\fasiddiqui\Desktop\Selenium\eclipse\configuration\org.eclipse.osgi\482\0\.cp\lib\testng-remote.jar;C:\Selenium_Harman_Traning\Workspace\OrangeHRM_Dema\target\test-classes;C:\Selenium_Harman_Traning\Workspace\OrangeHRM_Dema\target\classes;C:\Users\fasiddiqui\Desktop\Selenium\eclipse\plugins\org.testng_6.14.3.r201802240500.jar;C:\Users\fasiddiqui\Desktop\Selenium\eclipse\plugins\com.beust.jcommander_1.78.0.jar;C:\Users\fasiddiqui\Desktop\Selenium\eclipse\plugins\org.apache-extras.beanshell.bsh_2.0.0.b6.jar;C:\Users\fasiddiqui\Desktop\Selenium\eclipse\plugins\org.yaml.snakeyaml_1.21.0.jar;C:\Users\fasiddiqui\.m2\repository\org\seleniumhq\selenium\selenium-java\3.141.59\selenium-java-3.141.59.jar;C:\Users\fasiddiqui\.m2\repository\org\seleniumhq\selenium\selenium-api\3.141.59\selenium-api-3.141.59.jar;C:\Users\fasiddiqui\.m2\repository\org\seleniumhq\selenium\selenium-edge-driver\3.141.59\selenium-edge-driver-3.141.59.jar;C:\Users\fasiddiqui\.m2\repository\org\seleniumhq\selenium\selenium-firefox-driver\3.141.59\selenium-firefox-driver-3.141.59.jar;C:\Users\fasiddiqui\.m2\repository\org\seleniumhq\selenium\selenium-ie-driver\3.141.59\selenium-ie-driver-3.141.59.jar;C:\Users\fasiddiqui\.m2\repository\org\seleniumhq\selenium\selenium-opera-driver\3.141.59\selenium-opera-driver-3.141.59.jar;C:\Users\fasiddiqui\.m2\repository\org\seleniumhq\selenium\selenium-remote-driver\3.141.59\selenium-remote-driver-3.141.59.jar;C:\Users\fasiddiqui\.m2\repository\org\seleniumhq\selenium\selenium-safari-driver\3.141.59\selenium-safari-driver-3.141.59.jar;C:\Users\fasiddiqui\.m2\repository\org\seleniumhq\selenium\selenium-support\3.141.59\selenium-support-3.141.59.jar;C:\Users\fasiddiqui\.m2\repository\net\bytebuddy\byte-buddy\1.8.15\byte-buddy-1.8.15.jar;C:\Users\fasiddiqui\.m2\repository\org\apache\commons\commons-exec\1.3\commons-exec-1.3.jar;C:\Users\fasiddiqui\.m2\repository\com\google\guava\guava\25.0-jre\guava-25.0-jre.jar;C:\Users\fasiddiqui\.
Launcher Type: SUN_STANDARD

Environment Variables:
JAVA_HOME=C:\Program Files\Java\jdk1.7.0_75
PATH=C:\Program Files (x86)\Common Files\Oracle\Java\javapath;C:\Windows\system32;C:\Windows;C:\Windows\System32\Wbem;C:\Windows\System32\WindowsPowerShell\v1.0\;C:\Windows\System32\OpenSSH\;C:\Program Files (x86)\Webex\Webex\Applications;C:\Program Files (x86)\Sennheiser\SenncomSDK\;C:\Program Files\Java\jdk1.7.0_75\bin;C:\Selenium_Harman_Traning\Drivers_and_jars\apache-maven-3.6.3\bin;C:\Users\fasiddiqui\Desktop\axis2-1.6.2\bin;C:\Program Files\nodejs\;C:\Program Files\Git\cmd;C:\Users\fasiddiqui\AppData\Local\Microsoft\WindowsApps;C:\Users\fasiddiqui\AppData\Roaming\npm
USERNAME=FaSiddiqui
OS=Windows_NT
PROCESSOR_IDENTIFIER=Intel64 Family 6 Model 78 Stepping 3, GenuineIntel



---------------  S Y S T E M  ---------------

OS: Windows 10.0 , 64 bit Build 18362 (10.0.18362.1350)

CPU:total 4 (initial active 4) (2 cores per cpu, 2 threads per core) family 6 model 78 stepping 3, cmov, cx8, fxsr, mmx, sse, sse2, sse3, ssse3, sse4.1, sse4.2, popcnt, avx, avx2, aes, clmul, erms, rtm, 3dnowpref, lzcnt, ht, tsc, tscinvbit, bmi1, bmi2, adx

Memory: 4k page, physical 7774008k(1076420k free), swap 14170248k(2385112k free)

vm_info: Java HotSpot(TM) 64-Bit Server VM (25.201-b09) for windows-amd64 JRE (1.8.0_201-b09), built on Dec 15 2018 18:36:39 by "java_re" with MS VC++ 10.0 (VS2010)

time: Tue Mar 23 11:32:38 2021
timezone: India Standard Time
elapsed time: 1656 seconds (0d 0h 27m 36s)

