#
# A fatal error has been detected by the Java Runtime Environment:
#
#  EXCEPTION_ACCESS_VIOLATION (0xc0000005) at pc=0x000000007674f4a5, pid=13832, tid=0x0000000000005240
#
# JRE version: Java(TM) SE Runtime Environment (8.0_201-b09) (build 1.8.0_201-b09)
# Java VM: Java HotSpot(TM) 64-Bit Server VM (25.201-b09 mixed mode windows-amd64 compressed oops)
# Problematic frame:
# V  [jvm.dll+0xff4a5]
#
# Failed to write core dump. Minidumps are not enabled by default on client versions of Windows
#
# If you would like to submit a bug report, please visit:
#   http://bugreport.java.com/bugreport/crash.jsp
#

---------------  T H R E A D  ---------------

Current thread (0x00000000177b7800):  VMThread [stack: 0x0000000018850000,0x0000000018950000] [id=21056]

siginfo: ExceptionCode=0xc0000005, reading address 0x0000001100000009

Registers:
RAX=0x0000001100000001, RBX=0x0000000017366218, RCX=0x0000000000000309, RDX=0x0000000000000045
RSP=0x000000001894f0b0, RBP=0x000000000000000b, RSI=0x0000000076e64dd0, RDI=0x000000001894f390
R8 =0x0000000000000000, R9 =0x0000000017366218, R10=0x00000000000001b4, R11=0x0000000017366823
R12=0x0000000000000001, R13=0x0000000000000001, R14=0x00000000000003d8, R15=0x000000001894f1b0
RIP=0x000000007674f4a5, EFLAGS=0x0000000000010202

Top of Stack: (sp=0x000000001894f0b0)
0x000000001894f0b0:   000000001894f390 00000000031408da
0x000000001894f0c0:   0000000000000004 00000000767501f9
0x000000001894f0d0:   000000001894f308 00000000173668b0
0x000000001894f0e0:   0000000046000001 0000000000000000
0x000000001894f0f0:   00001e86baee4e78 000000007674faa2
0x000000001894f100:   000000001894f1c0 0000000000000001
0x000000001894f110:   000000001894f1d0 000000001894f390
0x000000001894f120:   000000001894f200 00000000767526d0
0x000000001894f130:   000000000000000b 000000000000000b
0x000000001894f140:   0000000000000030 000000007674f926
0x000000001894f150:   000000000000000b 000000001894f200
0x000000001894f160:   000000001894f1c0 0000000000000030
0x000000001894f170:   00000000173668b0 000000007675322f
0x000000001894f180:   000000001894f390 000000001894f200
0x000000001894f190:   00000000176c54b0 00000000173668b0
0x000000001894f1a0:   0000000000000004 0000000000000000 

Instructions: (pc=0x000000007674f4a5)
0x000000007674f485:   8b d2 e8 54 7f ff ff 48 8b cb 8b d0 e8 5a 78 ff
0x000000007674f495:   ff 48 8d 35 33 59 71 00 48 63 c8 48 8b 44 cb 50
0x000000007674f4a5:   0f b6 48 08 8b 05 05 59 71 00 80 f9 4c 74 2b 80
0x000000007674f4b5:   f9 5b 74 26 80 f9 4a 74 18 80 f9 44 74 13 48 8d 


Register to memory mapping:

RAX=0x0000001100000001 is an unknown value
RBX=0x0000000017366218 is pointing into metadata
RCX=0x0000000000000309 is an unknown value
RDX=0x0000000000000045 is an unknown value
RSP=0x000000001894f0b0 is an unknown value
RBP=0x000000000000000b is an unknown value
RSI=0x0000000076e64dd0 is an unknown value
RDI=0x000000001894f390 is an unknown value
R8 =0x0000000000000000 is an unknown value
R9 =0x0000000017366218 is pointing into metadata
R10=0x00000000000001b4 is an unknown value
R11=0x0000000017366823 is pointing into metadata
R12=0x0000000000000001 is an unknown value
R13=0x0000000000000001 is an unknown value
R14=0x00000000000003d8 is an unknown value
R15=0x000000001894f1b0 is an unknown value


Stack: [0x0000000018850000,0x0000000018950000],  sp=0x000000001894f0b0,  free space=1020k
Native frames: (J=compiled Java code, j=interpreted, Vv=VM code, C=native code)
V  [jvm.dll+0xff4a5]
V  [jvm.dll+0x1026d0]
V  [jvm.dll+0x10322f]
V  [jvm.dll+0x103a75]
V  [jvm.dll+0x103cc2]
V  [jvm.dll+0xc51ae]
V  [jvm.dll+0xc5838]
V  [jvm.dll+0xc596a]
V  [jvm.dll+0xc5b68]
V  [jvm.dll+0x10fb3a]
V  [jvm.dll+0x12d45f]
V  [jvm.dll+0x1bf61f]
V  [jvm.dll+0x24d407]
V  [jvm.dll+0x24c6a6]
V  [jvm.dll+0x24cb41]
V  [jvm.dll+0x24cd5e]
V  [jvm.dll+0x29fb6a]
C  [msvcr100.dll+0x21db7]
C  [msvcr100.dll+0x21e53]
C  [KERNEL32.DLL+0x17c24]
C  [ntdll.dll+0x6d721]

VM_Operation (0x000000001928f6d0): GetOrSetLocal, mode: safepoint, requested by thread 0x00000000177fa800


---------------  P R O C E S S  ---------------

Java Threads: ( => current thread )
  0x000000001ac44800 JavaThread "Okio Watchdog" daemon [_thread_blocked, id=19308, stack(0x000000001c560000,0x000000001c660000)]
  0x000000001abf0800 JavaThread "Exec Stream Pumper" daemon [_thread_in_native, id=9608, stack(0x000000001c060000,0x000000001c160000)]
  0x000000001abed000 JavaThread "Exec Stream Pumper" daemon [_thread_in_native, id=19408, stack(0x000000001bf60000,0x000000001c060000)]
  0x000000001abec800 JavaThread "Exec Default Executor" daemon [_thread_in_native, id=16596, stack(0x000000001bd60000,0x000000001be60000)]
  0x0000000019f43800 JavaThread "ReaderThread" [_thread_in_native, id=19480, stack(0x000000001a690000,0x000000001a790000)]
  0x00000000196fc000 JavaThread "Service Thread" daemon [_thread_blocked, id=14300, stack(0x0000000019b90000,0x0000000019c90000)]
  0x000000001969a800 JavaThread "C1 CompilerThread2" daemon [_thread_blocked, id=12336, stack(0x0000000019a90000,0x0000000019b90000)]
  0x000000001781f000 JavaThread "C2 CompilerThread1" daemon [_thread_blocked, id=12972, stack(0x0000000019590000,0x0000000019690000)]
  0x0000000017819000 JavaThread "C2 CompilerThread0" daemon [_thread_blocked, id=19664, stack(0x0000000019490000,0x0000000019590000)]
  0x000000001780c800 JavaThread "JDWP Command Reader" daemon [_thread_in_native, id=22392, stack(0x0000000019390000,0x0000000019490000)]
  0x000000001780b000 JavaThread "JDWP Event Helper Thread" daemon [_thread_blocked, id=13592, stack(0x0000000019290000,0x0000000019390000)]
  0x00000000177fa800 JavaThread "JDWP Transport Listener: dt_socket" daemon [_thread_blocked, id=12920, stack(0x0000000019190000,0x0000000019290000)]
  0x00000000177ef800 JavaThread "Attach Listener" daemon [_thread_blocked, id=15292, stack(0x0000000018d50000,0x0000000018e50000)]
  0x00000000177ee000 JavaThread "Signal Dispatcher" daemon [_thread_blocked, id=5040, stack(0x0000000018c50000,0x0000000018d50000)]
  0x00000000177df800 JavaThread "Finalizer" daemon [_thread_blocked, id=23240, stack(0x0000000018a50000,0x0000000018b50000)]
  0x00000000177b9000 JavaThread "Reference Handler" daemon [_thread_blocked, id=17724, stack(0x0000000018950000,0x0000000018a50000)]
  0x0000000003044000 JavaThread "main" [_thread_blocked, id=6220, stack(0x0000000002f40000,0x0000000003040000)]

Other Threads:
=>0x00000000177b7800 VMThread [stack: 0x0000000018850000,0x0000000018950000] [id=21056]
  0x0000000019700000 WatcherThread [stack: 0x0000000019c90000,0x0000000019d90000] [id=18948]

VM state:at safepoint (normal execution)

VM Mutex/Monitor currently owned by a thread:  ([mutex/lock_event])
[0x0000000003041a50] Threads_lock - owner thread: 0x00000000177b7800

heap address: 0x0000000089600000, size: 1898 MB, Compressed Oops mode: 32-bit
Narrow klass base: 0x0000000000000000, Narrow klass shift: 3
Compressed class space size: 1073741824 Address: 0x0000000100000000

Heap:
 PSYoungGen      total 35840K, used 12896K [0x00000000d8780000, 0x00000000daf80000, 0x0000000100000000)
  eden space 30720K, 25% used [0x00000000d8780000,0x00000000d8f1c190,0x00000000da580000)
  from space 5120K, 99% used [0x00000000daa80000,0x00000000daf7c070,0x00000000daf80000)
  to   space 5120K, 0% used [0x00000000da580000,0x00000000da580000,0x00000000daa80000)
 ParOldGen       total 81920K, used 4412K [0x0000000089600000, 0x000000008e600000, 0x00000000d8780000)
  object space 81920K, 5% used [0x0000000089600000,0x0000000089a4f3e8,0x000000008e600000)
 Metaspace       used 18629K, capacity 19334K, committed 19456K, reserved 1067008K
  class space    used 2329K, capacity 2529K, committed 2560K, reserved 1048576K

Card table byte_map: [0x0000000012500000,0x00000000128c0000] byte_map_base: 0x00000000120b5000

Marking Bits: (ParMarkBitMap*) 0x0000000076e74ce0
 Begin Bits: [0x0000000012f40000, 0x0000000014ce8000)
 End Bits:   [0x0000000014ce8000, 0x0000000016a90000)

Polling page: 0x00000000016c0000

CodeCache: size=245760Kb used=5838Kb max_used=5838Kb free=239921Kb
 bounds [0x0000000003140000, 0x0000000003700000, 0x0000000012140000]
 total_blobs=2050 nmethods=1626 adapters=344
 compilation: enabled

Compilation events (10 events):
Event: 5.844 Thread 0x000000001969a800 1621       3       com.google.common.collect.ImmutableMap::getOrDefault (16 bytes)
Event: 5.844 Thread 0x000000001969a800 nmethod 1621 0x00000000036f0a50 code [0x00000000036f0bc0, 0x00000000036f0e48]
Event: 5.844 Thread 0x000000001969a800 1622       3       com.google.common.collect.RegularImmutableMap::get (13 bytes)
Event: 5.845 Thread 0x000000001969a800 nmethod 1622 0x00000000036edfd0 code [0x00000000036ee140, 0x00000000036ee2e8]
Event: 11.563 Thread 0x000000001969a800 1624       1       java.util.Formatter$FormatSpecifier::index (5 bytes)
Event: 11.563 Thread 0x000000001969a800 nmethod 1624 0x00000000036f0790 code [0x00000000036f08e0, 0x00000000036f09f0]
Event: 11.564 Thread 0x000000001969a800 1625       3       com.google.common.collect.AbstractMapEntry::<init> (5 bytes)
Event: 11.564 Thread 0x000000001969a800 nmethod 1625 0x00000000036f0390 code [0x00000000036f04e0, 0x00000000036f0690]
Event: 11.564 Thread 0x000000001969a800 1626       1       java.util.stream.Collectors$CollectorImpl::characteristics (5 bytes)
Event: 11.564 Thread 0x000000001969a800 nmethod 1626 0x00000000036f5c90 code [0x00000000036f5de0, 0x00000000036f5ef0]

GC Heap History (4 events):
Event: 2.712 GC heap before
{Heap before GC invocations=1 (full 0):
 PSYoungGen      total 35840K, used 30720K [0x00000000d8780000, 0x00000000daf80000, 0x0000000100000000)
  eden space 30720K, 100% used [0x00000000d8780000,0x00000000da580000,0x00000000da580000)
  from space 5120K, 0% used [0x00000000daa80000,0x00000000daa80000,0x00000000daf80000)
  to   space 5120K, 0% used [0x00000000da580000,0x00000000da580000,0x00000000daa80000)
 ParOldGen       total 81920K, used 0K [0x0000000089600000, 0x000000008e600000, 0x00000000d8780000)
  object space 81920K, 0% used [0x0000000089600000,0x0000000089600000,0x000000008e600000)
 Metaspace       used 12232K, capacity 12466K, committed 12672K, reserved 1060864K
  class space    used 1420K, capacity 1549K, committed 1664K, reserved 1048576K
Event: 2.719 GC heap after
Heap after GC invocations=1 (full 0):
 PSYoungGen      total 35840K, used 5097K [0x00000000d8780000, 0x00000000daf80000, 0x0000000100000000)
  eden space 30720K, 0% used [0x00000000d8780000,0x00000000d8780000,0x00000000da580000)
  from space 5120K, 99% used [0x00000000da580000,0x00000000daa7a468,0x00000000daa80000)
  to   space 5120K, 0% used [0x00000000daa80000,0x00000000daa80000,0x00000000daf80000)
 ParOldGen       total 81920K, used 824K [0x0000000089600000, 0x000000008e600000, 0x00000000d8780000)
  object space 81920K, 1% used [0x0000000089600000,0x00000000896ce138,0x000000008e600000)
 Metaspace       used 12232K, capacity 12466K, committed 12672K, reserved 1060864K
  class space    used 1420K, capacity 1549K, committed 1664K, reserved 1048576K
}
Event: 3.994 GC heap before
{Heap before GC invocations=2 (full 0):
 PSYoungGen      total 35840K, used 35817K [0x00000000d8780000, 0x00000000daf80000, 0x0000000100000000)
  eden space 30720K, 100% used [0x00000000d8780000,0x00000000da580000,0x00000000da580000)
  from space 5120K, 99% used [0x00000000da580000,0x00000000daa7a468,0x00000000daa80000)
  to   space 5120K, 0% used [0x00000000daa80000,0x00000000daa80000,0x00000000daf80000)
 ParOldGen       total 81920K, used 824K [0x0000000089600000, 0x000000008e600000, 0x00000000d8780000)
  object space 81920K, 1% used [0x0000000089600000,0x00000000896ce138,0x000000008e600000)
 Metaspace       used 17396K, capacity 18108K, committed 18304K, reserved 1064960K
  class space    used 2178K, capacity 2346K, committed 2432K, reserved 1048576K
Event: 4.005 GC heap after
Heap after GC invocations=2 (full 0):
 PSYoungGen      total 35840K, used 5104K [0x00000000d8780000, 0x00000000daf80000, 0x0000000100000000)
  eden space 30720K, 0% used [0x00000000d8780000,0x00000000d8780000,0x00000000da580000)
  from space 5120K, 99% used [0x00000000daa80000,0x00000000daf7c070,0x00000000daf80000)
  to   space 5120K, 0% used [0x00000000da580000,0x00000000da580000,0x00000000daa80000)
 ParOldGen       total 81920K, used 4412K [0x0000000089600000, 0x000000008e600000, 0x00000000d8780000)
  object space 81920K, 5% used [0x0000000089600000,0x0000000089a4f3e8,0x000000008e600000)
 Metaspace       used 17396K, capacity 18108K, committed 18304K, reserved 1064960K
  class space    used 2178K, capacity 2346K, committed 2432K, reserved 1048576K
}

Deoptimization events (10 events):
Event: 3.924 Thread 0x0000000003044000 Uncommon trap: reason=class_check action=maybe_recompile pc=0x000000000355ab00 method=java.util.regex.Matcher.search(I)Z @ 86
Event: 3.924 Thread 0x0000000003044000 Uncommon trap: reason=class_check action=maybe_recompile pc=0x0000000003514ea4 method=java.util.regex.Pattern$Curly.match(Ljava/util/regex/Matcher;ILjava/lang/CharSequence;)Z @ 19
Event: 3.924 Thread 0x0000000003044000 Uncommon trap: reason=class_check action=maybe_recompile pc=0x000000000355ab00 method=java.util.regex.Matcher.search(I)Z @ 86
Event: 3.924 Thread 0x0000000003044000 Uncommon trap: reason=class_check action=maybe_recompile pc=0x000000000355ab00 method=java.util.regex.Matcher.search(I)Z @ 86
Event: 3.924 Thread 0x0000000003044000 Uncommon trap: reason=class_check action=maybe_recompile pc=0x000000000355ab00 method=java.util.regex.Matcher.search(I)Z @ 86
Event: 3.924 Thread 0x0000000003044000 Uncommon trap: reason=class_check action=maybe_recompile pc=0x0000000003514ea4 method=java.util.regex.Pattern$Curly.match(Ljava/util/regex/Matcher;ILjava/lang/CharSequence;)Z @ 19
Event: 3.936 Thread 0x0000000003044000 Uncommon trap: reason=class_check action=maybe_recompile pc=0x0000000003514ea4 method=java.util.regex.Pattern$Curly.match(Ljava/util/regex/Matcher;ILjava/lang/CharSequence;)Z @ 19
Event: 3.936 Thread 0x0000000003044000 Uncommon trap: reason=class_check action=maybe_recompile pc=0x0000000003514ea4 method=java.util.regex.Pattern$Curly.match(Ljava/util/regex/Matcher;ILjava/lang/CharSequence;)Z @ 19
Event: 4.019 Thread 0x0000000003044000 Uncommon trap: reason=unstable_if action=reinterpret pc=0x00000000034fa2f0 method=java.util.regex.Pattern$BmpCharProperty.match(Ljava/util/regex/Matcher;ILjava/lang/CharSequence;)Z @ 34
Event: 5.608 Thread 0x0000000003044000 Uncommon trap: reason=unstable_if action=reinterpret pc=0x00000000035b0654 method=java.util.concurrent.ConcurrentHashMap.putVal(Ljava/lang/Object;Ljava/lang/Object;Z)Ljava/lang/Object; @ 181

Classes redefined (6 events):
Event: 221.175 Thread 0x00000000177b7800 redefined class name=Com.OrangeHRM.data_read_from_table, count=1
Event: 252.668 Thread 0x00000000177b7800 redefined class name=Com.OrangeHRM.data_read_from_table, count=2
Event: 348.139 Thread 0x00000000177b7800 redefined class name=Com.OrangeHRM.data_read_from_table, count=3
Event: 545.157 Thread 0x00000000177b7800 redefined class name=Com.OrangeHRM.data_read_from_table, count=4
Event: 564.254 Thread 0x00000000177b7800 redefined class name=Com.OrangeHRM.data_read_from_table, count=5
Event: 680.102 Thread 0x00000000177b7800 redefined class name=Com.OrangeHRM.data_read_from_table, count=6

Internal exceptions (10 events):
Event: 3.743 Thread 0x0000000003044000 Exception <a 'java/lang/NoSuchMethodError': java.lang.Object.lambda$or$2(Ljava/util/function/Predicate;Ljava/lang/Object;)Z> (0x00000000d9bbb7a8) thrown at [C:\re\workspace\8-2-build-windows-amd64-cygwin\jdk8u201\12322\hotspot\src\share\vm\interpreter\lin
Event: 3.783 Thread 0x0000000003044000 Exception <a 'java/lang/ArrayIndexOutOfBoundsException': 110> (0x00000000d9cf1c98) thrown at [C:\re\workspace\8-2-build-windows-amd64-cygwin\jdk8u201\12322\hotspot\src\share\vm\interpreter\interpreterRuntime.cpp, line 368]
Event: 3.783 Thread 0x0000000003044000 Exception <a 'java/lang/ArrayIndexOutOfBoundsException': 88> (0x00000000d9cf33c0) thrown at [C:\re\workspace\8-2-build-windows-amd64-cygwin\jdk8u201\12322\hotspot\src\share\vm\interpreter\interpreterRuntime.cpp, line 368]
Event: 3.784 Thread 0x0000000003044000 Exception <a 'java/lang/ArrayIndexOutOfBoundsException': 92> (0x00000000d9cf9280) thrown at [C:\re\workspace\8-2-build-windows-amd64-cygwin\jdk8u201\12322\hotspot\src\share\vm\interpreter\interpreterRuntime.cpp, line 368]
Event: 3.784 Thread 0x0000000003044000 Exception <a 'java/lang/ArrayIndexOutOfBoundsException': 57> (0x00000000d9cfec20) thrown at [C:\re\workspace\8-2-build-windows-amd64-cygwin\jdk8u201\12322\hotspot\src\share\vm\interpreter\interpreterRuntime.cpp, line 368]
Event: 3.843 Thread 0x0000000003044000 Exception <a 'java/lang/NoSuchMethodError': java.lang.Object.lambda$chars$0()Ljava/util/Spliterator$OfInt;> (0x00000000d9ef9db8) thrown at [C:\re\workspace\8-2-build-windows-amd64-cygwin\jdk8u201\12322\hotspot\src\share\vm\interpreter\linkResolver.cpp, li
Event: 5.596 Thread 0x0000000003044000 Exception <a 'java/lang/NoSuchMethodError': java.lang.Object.lambda$getResponseFunction$0(Lorg/openqa/selenium/remote/InitialHandshakeResponse;)Lorg/openqa/selenium/remote/ProtocolHandshake$Result;> (0x00000000d8b86240) thrown at [C:\re\workspace\8-2-buil
Event: 5.654 Thread 0x0000000003044000 Exception <a 'java/net/SocketTimeoutException': Read timed out> (0x00000000d8ce3cd8) thrown at [C:\re\workspace\8-2-build-windows-amd64-cygwin\jdk8u201\12322\hotspot\src\share\vm\prims\jni.cpp, line 735]
Event: 5.799 Thread 0x0000000003044000 Exception <a 'java/net/SocketTimeoutException': Read timed out> (0x00000000d8d03138) thrown at [C:\re\workspace\8-2-build-windows-amd64-cygwin\jdk8u201\12322\hotspot\src\share\vm\prims\jni.cpp, line 735]
Event: 5.845 Thread 0x0000000003044000 Exception <a 'java/net/SocketTimeoutException': Read timed out> (0x00000000d8e0a380) thrown at [C:\re\workspace\8-2-build-windows-amd64-cygwin\jdk8u201\12322\hotspot\src\share\vm\prims\jni.cpp, line 735]

Events (10 events):
Event: 731.074 Executing VM operation: GetOwnedMonitorInfo done
Event: 746.641 Executing VM operation: GetCurrentContendedMonitor
Event: 746.641 Executing VM operation: GetCurrentContendedMonitor done
Event: 746.641 Executing VM operation: GetOwnedMonitorInfo
Event: 746.641 Executing VM operation: GetOwnedMonitorInfo done
Event: 752.762 Executing VM operation: GetOwnedMonitorInfo
Event: 752.762 Executing VM operation: GetOwnedMonitorInfo done
Event: 752.762 Executing VM operation: GetCurrentContendedMonitor
Event: 752.762 Executing VM operation: GetCurrentContendedMonitor done
Event: 752.771 Executing VM operation: GetOrSetLocal


Dynamic libraries:
0x00007ff6257c0000 - 0x00007ff6257f7000 	C:\Program Files\Java\jre1.8.0_201\bin\javaw.exe
0x00007ff90d280000 - 0x00007ff90d470000 	C:\Windows\SYSTEM32\ntdll.dll
0x00007ff90ca90000 - 0x00007ff90cb42000 	C:\Windows\System32\KERNEL32.DLL
0x00007ff90a4f0000 - 0x00007ff90a795000 	C:\Windows\System32\KERNELBASE.dll
0x00007ff90c070000 - 0x00007ff90c113000 	C:\Windows\System32\ADVAPI32.dll
0x00007ff90cbd0000 - 0x00007ff90cc6e000 	C:\Windows\System32\msvcrt.dll
0x00007ff90c4d0000 - 0x00007ff90c567000 	C:\Windows\System32\sechost.dll
0x00007ff90bce0000 - 0x00007ff90bdff000 	C:\Windows\System32\RPCRT4.dll
0x00007ff90be00000 - 0x00007ff90bf94000 	C:\Windows\System32\USER32.dll
0x00007ff90a230000 - 0x00007ff90a251000 	C:\Windows\System32\win32u.dll
0x00007ff90c570000 - 0x00007ff90c596000 	C:\Windows\System32\GDI32.dll
0x00007ff90b190000 - 0x00007ff90b328000 	C:\Windows\System32\gdi32full.dll
0x00007ff90b0f0000 - 0x00007ff90b18e000 	C:\Windows\System32\msvcp_win.dll
0x00007ff90a7a0000 - 0x00007ff90a89a000 	C:\Windows\System32\ucrtbase.dll
0x00007ff8f0a00000 - 0x00007ff8f0c84000 	C:\Windows\WinSxS\amd64_microsoft.windows.common-controls_6595b64144ccf1df_6.0.18362.1379_none_9e7ff3b3e45cc0c4\COMCTL32.dll
0x00007ff90c190000 - 0x00007ff90c4c7000 	C:\Windows\System32\combase.dll
0x00007ff90a260000 - 0x00007ff90a2e1000 	C:\Windows\System32\bcryptPrimitives.dll
0x00007ff90ca50000 - 0x00007ff90ca7e000 	C:\Windows\System32\IMM32.DLL
0x0000000001650000 - 0x0000000001662000 	C:\Windows\System32\umppc12601.dll
0x0000000076f00000 - 0x0000000076fd1000 	C:\Program Files\Java\jre1.8.0_201\bin\msvcr100.dll
0x0000000076650000 - 0x0000000076ef4000 	C:\Program Files\Java\jre1.8.0_201\bin\server\jvm.dll
0x00007ff90cc70000 - 0x00007ff90cc78000 	C:\Windows\System32\PSAPI.DLL
0x00007ff8f73a0000 - 0x00007ff8f73a9000 	C:\Windows\SYSTEM32\WSOCK32.dll
0x00007ff90bba0000 - 0x00007ff90bc0f000 	C:\Windows\System32\WS2_32.dll
0x00007ff904040000 - 0x00007ff904064000 	C:\Windows\SYSTEM32\WINMM.dll
0x00007ff8fd8f0000 - 0x00007ff8fd8fa000 	C:\Windows\SYSTEM32\VERSION.dll
0x00007ff904010000 - 0x00007ff90403d000 	C:\Windows\SYSTEM32\WINMMBASE.dll
0x00007ff90a2f0000 - 0x00007ff90a33a000 	C:\Windows\System32\cfgmgr32.dll
0x00007ff8faaf0000 - 0x00007ff8faaff000 	C:\Program Files\Java\jre1.8.0_201\bin\verify.dll
0x00007ff8f2c90000 - 0x00007ff8f2cb9000 	C:\Program Files\Java\jre1.8.0_201\bin\java.dll
0x00007ff8e0600000 - 0x00007ff8e0635000 	C:\Program Files\Java\jre1.8.0_201\bin\jdwp.dll
0x00007ff8f3a10000 - 0x00007ff8f3a18000 	C:\Program Files\Java\jre1.8.0_201\bin\npt.dll
0x00007ff8f3990000 - 0x00007ff8f39a6000 	C:\Program Files\Java\jre1.8.0_201\bin\zip.dll
0x00007ff90b490000 - 0x00007ff90bb78000 	C:\Windows\System32\SHELL32.dll
0x00007ff90c920000 - 0x00007ff90c9c7000 	C:\Windows\System32\shcore.dll
0x00007ff90a8c0000 - 0x00007ff90b03b000 	C:\Windows\System32\windows.storage.dll
0x00007ff90a1d0000 - 0x00007ff90a1f3000 	C:\Windows\System32\profapi.dll
0x00007ff90a180000 - 0x00007ff90a1ca000 	C:\Windows\System32\powrprof.dll
0x00007ff90a130000 - 0x00007ff90a140000 	C:\Windows\System32\UMPDC.dll
0x00007ff90c8c0000 - 0x00007ff90c912000 	C:\Windows\System32\shlwapi.dll
0x00007ff90a160000 - 0x00007ff90a171000 	C:\Windows\System32\kernel.appcore.dll
0x00007ff90a8a0000 - 0x00007ff90a8b7000 	C:\Windows\System32\cryptsp.dll
0x00007ff8f3830000 - 0x00007ff8f3839000 	C:\Program Files\Java\jre1.8.0_201\bin\dt_socket.dll
0x00007ff8ecbd0000 - 0x00007ff8ecbe6000 	C:\Windows\system32\napinsp.dll
0x00007ff8ecbf0000 - 0x00007ff8ecc0a000 	C:\Windows\system32\pnrpnsp.dll
0x00007ff909970000 - 0x00007ff9099d7000 	C:\Windows\System32\mswsock.dll
0x00007ff9096c0000 - 0x00007ff90978b000 	C:\Windows\SYSTEM32\DNSAPI.dll
0x00007ff90cdc0000 - 0x00007ff90cdc8000 	C:\Windows\System32\NSI.dll
0x00007ff909680000 - 0x00007ff9096ba000 	C:\Windows\SYSTEM32\IPHLPAPI.DLL
0x00007ff8ed330000 - 0x00007ff8ed33e000 	C:\Windows\System32\winrnr.dll
0x00007ff9056b0000 - 0x00007ff9056cc000 	C:\Windows\system32\NLAapi.dll
0x00007ff903f20000 - 0x00007ff903f35000 	C:\Windows\system32\wshbth.dll
0x00007ff903b50000 - 0x00007ff903bc7000 	C:\Windows\System32\fwpuclnt.dll
0x00007ff90a200000 - 0x00007ff90a226000 	C:\Windows\System32\bcrypt.dll
0x00007ff8fc3d0000 - 0x00007ff8fc3da000 	C:\Windows\System32\rasadhlp.dll
0x00007ff8f2bb0000 - 0x00007ff8f2bca000 	C:\Program Files\Java\jre1.8.0_201\bin\net.dll
0x00007ff8f8af0000 - 0x00007ff8f8cc6000 	C:\Windows\SYSTEM32\urlmon.dll
0x00007ff8f8f80000 - 0x00007ff8f9227000 	C:\Windows\SYSTEM32\iertutil.dll
0x00007ff909b40000 - 0x00007ff909b4c000 	C:\Windows\SYSTEM32\CRYPTBASE.DLL
0x00007ff909280000 - 0x00007ff9092b3000 	C:\Windows\system32\rsaenh.dll
0x00007ff90a050000 - 0x00007ff90a075000 	C:\Windows\SYSTEM32\USERENV.dll
0x00007ff902390000 - 0x00007ff9023a6000 	C:\Windows\SYSTEM32\dhcpcsvc6.DLL
0x00007ff902740000 - 0x00007ff90275c000 	C:\Windows\SYSTEM32\dhcpcsvc.DLL
0x00007ff8f2b60000 - 0x00007ff8f2b71000 	C:\Program Files\Java\jre1.8.0_201\bin\nio.dll
0x00007ff8e1510000 - 0x00007ff8e1534000 	C:\Program Files\Java\jre1.8.0_201\bin\sunec.dll
0x00007ff8f88f0000 - 0x00007ff8f88fb000 	C:\Program Files\Java\jre1.8.0_201\bin\sunmscapi.dll
0x00007ff90a340000 - 0x00007ff90a48a000 	C:\Windows\System32\CRYPT32.dll
0x00007ff90a140000 - 0x00007ff90a152000 	C:\Windows\System32\MSASN1.dll
0x00007ff9072f0000 - 0x00007ff9074e4000 	C:\Windows\SYSTEM32\dbghelp.dll

VM Arguments:
jvm_args: -agentlib:jdwp=transport=dt_socket,suspend=y,address=localhost:52823 -ea -Dfile.encoding=Cp1252 
java_command: org.testng.remote.RemoteTestNG -serport 52822 -protocol json -d C:\Selenium_Harman_Traning\Workspace\OrangeHRM_Dema\test-output C:\Users\FASIDD~1\AppData\Local\Temp\testng-eclipse-1107043080\testng-customsuite.xml
java_class_path (initial): C:\Users\fasiddiqui\Desktop\Selenium\eclipse\configuration\org.eclipse.osgi\482\0\.cp\lib\testng-remote.jar;C:\Selenium_Harman_Traning\Workspace\OrangeHRM_Dema\target\test-classes;C:\Selenium_Harman_Traning\Workspace\OrangeHRM_Dema\target\classes;C:\Users\fasiddiqui\Desktop\Selenium\eclipse\plugins\org.testng_6.14.3.r201802240500.jar;C:\Users\fasiddiqui\Desktop\Selenium\eclipse\plugins\com.beust.jcommander_1.78.0.jar;C:\Users\fasiddiqui\Desktop\Selenium\eclipse\plugins\org.apache-extras.beanshell.bsh_2.0.0.b6.jar;C:\Users\fasiddiqui\Desktop\Selenium\eclipse\plugins\org.yaml.snakeyaml_1.21.0.jar;C:\Users\fasiddiqui\.m2\repository\org\seleniumhq\selenium\selenium-java\3.141.59\selenium-java-3.141.59.jar;C:\Users\fasiddiqui\.m2\repository\org\seleniumhq\selenium\selenium-api\3.141.59\selenium-api-3.141.59.jar;C:\Users\fasiddiqui\.m2\repository\org\seleniumhq\selenium\selenium-edge-driver\3.141.59\selenium-edge-driver-3.141.59.jar;C:\Users\fasiddiqui\.m2\repository\org\seleniumhq\selenium\selenium-firefox-driver\3.141.59\selenium-firefox-driver-3.141.59.jar;C:\Users\fasiddiqui\.m2\repository\org\seleniumhq\selenium\selenium-ie-driver\3.141.59\selenium-ie-driver-3.141.59.jar;C:\Users\fasiddiqui\.m2\repository\org\seleniumhq\selenium\selenium-opera-driver\3.141.59\selenium-opera-driver-3.141.59.jar;C:\Users\fasiddiqui\.m2\repository\org\seleniumhq\selenium\selenium-remote-driver\3.141.59\selenium-remote-driver-3.141.59.jar;C:\Users\fasiddiqui\.m2\repository\org\seleniumhq\selenium\selenium-safari-driver\3.141.59\selenium-safari-driver-3.141.59.jar;C:\Users\fasiddiqui\.m2\repository\org\seleniumhq\selenium\selenium-support\3.141.59\selenium-support-3.141.59.jar;C:\Users\fasiddiqui\.m2\repository\net\bytebuddy\byte-buddy\1.8.15\byte-buddy-1.8.15.jar;C:\Users\fasiddiqui\.m2\repository\org\apache\commons\commons-exec\1.3\commons-exec-1.3.jar;C:\Users\fasiddiqui\.m2\repository\com\google\guava\guava\25.0-jre\guava-25.0-jre.jar;C:\Users\fasiddiqui\.
Launcher Type: SUN_STANDARD

Environment Variables:
JAVA_HOME=C:\Program Files\Java\jdk1.7.0_75
PATH=C:\Program Files (x86)\Common Files\Oracle\Java\javapath;C:\Windows\system32;C:\Windows;C:\Windows\System32\Wbem;C:\Windows\System32\WindowsPowerShell\v1.0\;C:\Windows\System32\OpenSSH\;C:\Program Files (x86)\Webex\Webex\Applications;C:\Program Files (x86)\Sennheiser\SenncomSDK\;C:\Program Files\Java\jdk1.7.0_75\bin;C:\Selenium_Harman_Traning\Drivers_and_jars\apache-maven-3.6.3\bin;C:\Users\fasiddiqui\Desktop\axis2-1.6.2\bin;C:\Program Files\nodejs\;C:\Program Files\Git\cmd;C:\Users\fasiddiqui\AppData\Local\Microsoft\WindowsApps;C:\Users\fasiddiqui\AppData\Roaming\npm
USERNAME=FaSiddiqui
OS=Windows_NT
PROCESSOR_IDENTIFIER=Intel64 Family 6 Model 78 Stepping 3, GenuineIntel



---------------  S Y S T E M  ---------------

OS: Windows 10.0 , 64 bit Build 18362 (10.0.18362.1350)

CPU:total 4 (initial active 4) (2 cores per cpu, 2 threads per core) family 6 model 78 stepping 3, cmov, cx8, fxsr, mmx, sse, sse2, sse3, ssse3, sse4.1, sse4.2, popcnt, avx, avx2, aes, clmul, erms, rtm, 3dnowpref, lzcnt, ht, tsc, tscinvbit, bmi1, bmi2, adx

Memory: 4k page, physical 7774008k(1054824k free), swap 14170248k(2784196k free)

vm_info: Java HotSpot(TM) 64-Bit Server VM (25.201-b09) for windows-amd64 JRE (1.8.0_201-b09), built on Dec 15 2018 18:36:39 by "java_re" with MS VC++ 10.0 (VS2010)

time: Tue Mar 23 11:34:48 2021
timezone: India Standard Time
elapsed time: 752 seconds (0d 0h 12m 32s)

