#
# A fatal error has been detected by the Java Runtime Environment:
#
#  EXCEPTION_ACCESS_VIOLATION (0xc0000005) at pc=0x000000007674f4a5, pid=14532, tid=0x0000000000003604
#
# JRE version: Java(TM) SE Runtime Environment (8.0_201-b09) (build 1.8.0_201-b09)
# Java VM: Java HotSpot(TM) 64-Bit Server VM (25.201-b09 mixed mode windows-amd64 compressed oops)
# Problematic frame:
# V  [jvm.dll+0xff4a5]
#
# Failed to write core dump. Minidumps are not enabled by default on client versions of Windows
#
# If you would like to submit a bug report, please visit:
#   http://bugreport.java.com/bugreport/crash.jsp
#

---------------  T H R E A D  ---------------

Current thread (0x0000000016ce8800):  VMThread [stack: 0x0000000017da0000,0x0000000017ea0000] [id=13828]

siginfo: ExceptionCode=0xc0000005, reading address 0x0000000000000008

Registers:
RAX=0x0000000000000000, RBX=0x0000000016896218, RCX=0x0000000000000000, RDX=0x000000000000194b
RSP=0x0000000017e9ed50, RBP=0x000000000000000b, RSI=0x0000000076e64dd0, RDI=0x0000000017e9f030
R8 =0x0000000000000000, R9 =0x0000000016896218, R10=0x00000000000001b4, R11=0x0000000016896823
R12=0x0000000000000001, R13=0x0000000000000001, R14=0x00000000000003d8, R15=0x0000000017e9ee50
RIP=0x000000007674f4a5, EFLAGS=0x0000000000010202

Top of Stack: (sp=0x0000000017e9ed50)
0x0000000017e9ed50:   0000000017e9f030 00000000026408da
0x0000000017e9ed60:   0000000000000004 00000000767501f9
0x0000000017e9ed70:   0000000017e9f008 00000000168968b0
0x0000000017e9ed80:   0000000046000001 0000000000000000
0x0000000017e9ed90:   00001f8560ad031a 000000007674faa2
0x0000000017e9eda0:   0000000017e9ee60 0000000000000001
0x0000000017e9edb0:   0000000017e9ee70 0000000017e9f030
0x0000000017e9edc0:   0000000017e9eea0 00000000767526d0
0x0000000017e9edd0:   000000000000000b 000000000000000b
0x0000000017e9ede0:   0000000000000030 000000007674f926
0x0000000017e9edf0:   000000000000000b 0000000017e9eea0
0x0000000017e9ee00:   0000000017e9ee60 0000000000000030
0x0000000017e9ee10:   00000000168968b0 000000007675322f
0x0000000017e9ee20:   0000000017e9f030 0000000017e9eea0
0x0000000017e9ee30:   0000000016bf5780 00000000168968b0
0x0000000017e9ee40:   0000000000000004 0000000000000000 

Instructions: (pc=0x000000007674f4a5)
0x000000007674f485:   8b d2 e8 54 7f ff ff 48 8b cb 8b d0 e8 5a 78 ff
0x000000007674f495:   ff 48 8d 35 33 59 71 00 48 63 c8 48 8b 44 cb 50
0x000000007674f4a5:   0f b6 48 08 8b 05 05 59 71 00 80 f9 4c 74 2b 80
0x000000007674f4b5:   f9 5b 74 26 80 f9 4a 74 18 80 f9 44 74 13 48 8d 


Register to memory mapping:

RAX=0x0000000000000000 is an unknown value
RBX=0x0000000016896218 is pointing into metadata
RCX=0x0000000000000000 is an unknown value
RDX=0x000000000000194b is an unknown value
RSP=0x0000000017e9ed50 is an unknown value
RBP=0x000000000000000b is an unknown value
RSI=0x0000000076e64dd0 is an unknown value
RDI=0x0000000017e9f030 is an unknown value
R8 =0x0000000000000000 is an unknown value
R9 =0x0000000016896218 is pointing into metadata
R10=0x00000000000001b4 is an unknown value
R11=0x0000000016896823 is pointing into metadata
R12=0x0000000000000001 is an unknown value
R13=0x0000000000000001 is an unknown value
R14=0x00000000000003d8 is an unknown value
R15=0x0000000017e9ee50 is an unknown value


Stack: [0x0000000017da0000,0x0000000017ea0000],  sp=0x0000000017e9ed50,  free space=1019k
Native frames: (J=compiled Java code, j=interpreted, Vv=VM code, C=native code)
V  [jvm.dll+0xff4a5]
V  [jvm.dll+0x1026d0]
V  [jvm.dll+0x10322f]
V  [jvm.dll+0x103a75]
V  [jvm.dll+0x103cc2]
V  [jvm.dll+0xc51ae]
V  [jvm.dll+0xc5838]
V  [jvm.dll+0xc596a]
V  [jvm.dll+0xc5b68]
V  [jvm.dll+0x10fb3a]
V  [jvm.dll+0x12d45f]
V  [jvm.dll+0x1bf61f]
V  [jvm.dll+0x24d407]
V  [jvm.dll+0x24c6a6]
V  [jvm.dll+0x24cb41]
V  [jvm.dll+0x24cd5e]
V  [jvm.dll+0x29fb6a]
C  [msvcr100.dll+0x21db7]
C  [msvcr100.dll+0x21e53]
C  [KERNEL32.DLL+0x17c24]
C  [ntdll.dll+0x6d721]

VM_Operation (0x00000000187ef620): GetOrSetLocal, mode: safepoint, requested by thread 0x0000000016d2c800


---------------  P R O C E S S  ---------------

Java Threads: ( => current thread )
  0x000000001938b800 JavaThread "Okio Watchdog" daemon [_thread_blocked, id=13612, stack(0x000000001bac0000,0x000000001bbc0000)]
  0x000000001a19d000 JavaThread "Exec Stream Pumper" daemon [_thread_in_native, id=3872, stack(0x000000001b5c0000,0x000000001b6c0000)]
  0x000000001a1b3000 JavaThread "Exec Stream Pumper" daemon [_thread_in_native, id=16404, stack(0x000000001b4c0000,0x000000001b5c0000)]
  0x000000001a13b800 JavaThread "Exec Default Executor" daemon [_thread_in_native, id=19272, stack(0x000000001b2c0000,0x000000001b3c0000)]
  0x00000000194ac800 JavaThread "ReaderThread" [_thread_in_native, id=15736, stack(0x0000000019bf0000,0x0000000019cf0000)]
  0x0000000016d7e800 JavaThread "Service Thread" daemon [_thread_blocked, id=7020, stack(0x00000000190f0000,0x00000000191f0000)]
  0x0000000016d4f800 JavaThread "C1 CompilerThread2" daemon [_thread_blocked, id=19436, stack(0x0000000018bf0000,0x0000000018cf0000)]
  0x0000000016d4c000 JavaThread "C2 CompilerThread1" daemon [_thread_blocked, id=15940, stack(0x0000000018af0000,0x0000000018bf0000)]
  0x0000000016d4a000 JavaThread "C2 CompilerThread0" daemon [_thread_blocked, id=16544, stack(0x00000000189f0000,0x0000000018af0000)]
  0x0000000016d3d000 JavaThread "JDWP Command Reader" daemon [_thread_in_native, id=19364, stack(0x00000000188f0000,0x00000000189f0000)]
  0x0000000016d3b800 JavaThread "JDWP Event Helper Thread" daemon [_thread_blocked, id=5244, stack(0x00000000187f0000,0x00000000188f0000)]
  0x0000000016d2c800 JavaThread "JDWP Transport Listener: dt_socket" daemon [_thread_blocked, id=9432, stack(0x00000000186f0000,0x00000000187f0000)]
  0x0000000016d21000 JavaThread "Attach Listener" daemon [_thread_blocked, id=16468, stack(0x00000000182b0000,0x00000000183b0000)]
  0x0000000016d1f800 JavaThread "Signal Dispatcher" daemon [_thread_blocked, id=17964, stack(0x00000000181b0000,0x00000000182b0000)]
  0x0000000016d0a000 JavaThread "Finalizer" daemon [_thread_blocked, id=17472, stack(0x0000000017fa0000,0x00000000180a0000)]
  0x0000000002623800 JavaThread "Reference Handler" daemon [_thread_blocked, id=6472, stack(0x0000000017ea0000,0x0000000017fa0000)]
  0x0000000002534000 JavaThread "main" [_thread_blocked, id=10472, stack(0x0000000002410000,0x0000000002510000)]

Other Threads:
=>0x0000000016ce8800 VMThread [stack: 0x0000000017da0000,0x0000000017ea0000] [id=13828]
  0x0000000018d86800 WatcherThread [stack: 0x00000000191f0000,0x00000000192f0000] [id=15132]

VM state:at safepoint (normal execution)

VM Mutex/Monitor currently owned by a thread:  ([mutex/lock_event])
[0x0000000002531a50] Threads_lock - owner thread: 0x0000000016ce8800

heap address: 0x0000000089600000, size: 1898 MB, Compressed Oops mode: 32-bit
Narrow klass base: 0x0000000000000000, Narrow klass shift: 3
Compressed class space size: 1073741824 Address: 0x0000000100000000

Heap:
 PSYoungGen      total 35840K, used 12870K [0x00000000d8780000, 0x00000000daf80000, 0x0000000100000000)
  eden space 30720K, 25% used [0x00000000d8780000,0x00000000d8f15a80,0x00000000da580000)
  from space 5120K, 99% used [0x00000000daa80000,0x00000000daf7c090,0x00000000daf80000)
  to   space 5120K, 0% used [0x00000000da580000,0x00000000da580000,0x00000000daa80000)
 ParOldGen       total 81920K, used 4436K [0x0000000089600000, 0x000000008e600000, 0x00000000d8780000)
  object space 81920K, 5% used [0x0000000089600000,0x0000000089a55068,0x000000008e600000)
 Metaspace       used 18680K, capacity 19462K, committed 19712K, reserved 1067008K
  class space    used 2332K, capacity 2529K, committed 2560K, reserved 1048576K

Card table byte_map: [0x0000000011a00000,0x0000000011dc0000] byte_map_base: 0x00000000115b5000

Marking Bits: (ParMarkBitMap*) 0x0000000076e74ce0
 Begin Bits: [0x0000000012440000, 0x00000000141e8000)
 End Bits:   [0x00000000141e8000, 0x0000000015f90000)

Polling page: 0x0000000002510000

CodeCache: size=245760Kb used=5780Kb max_used=5780Kb free=239979Kb
 bounds [0x0000000002640000, 0x0000000002bf0000, 0x0000000011640000]
 total_blobs=2046 nmethods=1622 adapters=344
 compilation: enabled

Compilation events (10 events):
Event: 4.969 Thread 0x0000000016d4f800 1618       3       com.google.common.collect.ImmutableMap::getOrDefault (16 bytes)
Event: 4.969 Thread 0x0000000016d4f800 nmethod 1618 0x0000000002bde7d0 code [0x0000000002bde940, 0x0000000002bdebc8]
Event: 4.969 Thread 0x0000000016d4f800 1619       3       com.google.common.collect.RegularImmutableMap::get (13 bytes)
Event: 4.969 Thread 0x0000000016d4f800 nmethod 1619 0x0000000002bde410 code [0x0000000002bde580, 0x0000000002bde728]
Event: 9.108 Thread 0x0000000016d4f800 1620       1       java.util.Formatter$FormatSpecifier::index (5 bytes)
Event: 9.108 Thread 0x0000000016d4f800 nmethod 1620 0x0000000002be4510 code [0x0000000002be4660, 0x0000000002be4770]
Event: 9.108 Thread 0x0000000016d4f800 1621       3       com.google.common.collect.AbstractMapEntry::<init> (5 bytes)
Event: 9.108 Thread 0x0000000016d4f800 nmethod 1621 0x0000000002be4150 code [0x0000000002be42a0, 0x0000000002be4450]
Event: 9.108 Thread 0x0000000016d4f800 1622       1       java.util.stream.Collectors$CollectorImpl::characteristics (5 bytes)
Event: 9.109 Thread 0x0000000016d4f800 nmethod 1622 0x0000000002be3e90 code [0x0000000002be3fe0, 0x0000000002be40f0]

GC Heap History (4 events):
Event: 2.411 GC heap before
{Heap before GC invocations=1 (full 0):
 PSYoungGen      total 35840K, used 30720K [0x00000000d8780000, 0x00000000daf80000, 0x0000000100000000)
  eden space 30720K, 100% used [0x00000000d8780000,0x00000000da580000,0x00000000da580000)
  from space 5120K, 0% used [0x00000000daa80000,0x00000000daa80000,0x00000000daf80000)
  to   space 5120K, 0% used [0x00000000da580000,0x00000000da580000,0x00000000daa80000)
 ParOldGen       total 81920K, used 0K [0x0000000089600000, 0x000000008e600000, 0x00000000d8780000)
  object space 81920K, 0% used [0x0000000089600000,0x0000000089600000,0x000000008e600000)
 Metaspace       used 12244K, capacity 12466K, committed 12672K, reserved 1060864K
  class space    used 1425K, capacity 1549K, committed 1664K, reserved 1048576K
Event: 2.418 GC heap after
Heap after GC invocations=1 (full 0):
 PSYoungGen      total 35840K, used 5109K [0x00000000d8780000, 0x00000000daf80000, 0x0000000100000000)
  eden space 30720K, 0% used [0x00000000d8780000,0x00000000d8780000,0x00000000da580000)
  from space 5120K, 99% used [0x00000000da580000,0x00000000daa7d6f8,0x00000000daa80000)
  to   space 5120K, 0% used [0x00000000daa80000,0x00000000daa80000,0x00000000daf80000)
 ParOldGen       total 81920K, used 820K [0x0000000089600000, 0x000000008e600000, 0x00000000d8780000)
  object space 81920K, 1% used [0x0000000089600000,0x00000000896cd2c0,0x000000008e600000)
 Metaspace       used 12244K, capacity 12466K, committed 12672K, reserved 1060864K
  class space    used 1425K, capacity 1549K, committed 1664K, reserved 1048576K
}
Event: 3.528 GC heap before
{Heap before GC invocations=2 (full 0):
 PSYoungGen      total 35840K, used 35829K [0x00000000d8780000, 0x00000000daf80000, 0x0000000100000000)
  eden space 30720K, 100% used [0x00000000d8780000,0x00000000da580000,0x00000000da580000)
  from space 5120K, 99% used [0x00000000da580000,0x00000000daa7d6f8,0x00000000daa80000)
  to   space 5120K, 0% used [0x00000000daa80000,0x00000000daa80000,0x00000000daf80000)
 ParOldGen       total 81920K, used 820K [0x0000000089600000, 0x000000008e600000, 0x00000000d8780000)
  object space 81920K, 1% used [0x0000000089600000,0x00000000896cd2c0,0x000000008e600000)
 Metaspace       used 17438K, capacity 18148K, committed 18304K, reserved 1064960K
  class space    used 2185K, capacity 2378K, committed 2432K, reserved 1048576K
Event: 3.537 GC heap after
Heap after GC invocations=2 (full 0):
 PSYoungGen      total 35840K, used 5104K [0x00000000d8780000, 0x00000000daf80000, 0x0000000100000000)
  eden space 30720K, 0% used [0x00000000d8780000,0x00000000d8780000,0x00000000da580000)
  from space 5120K, 99% used [0x00000000daa80000,0x00000000daf7c090,0x00000000daf80000)
  to   space 5120K, 0% used [0x00000000da580000,0x00000000da580000,0x00000000daa80000)
 ParOldGen       total 81920K, used 4436K [0x0000000089600000, 0x000000008e600000, 0x00000000d8780000)
  object space 81920K, 5% used [0x0000000089600000,0x0000000089a55068,0x000000008e600000)
 Metaspace       used 17438K, capacity 18148K, committed 18304K, reserved 1064960K
  class space    used 2185K, capacity 2378K, committed 2432K, reserved 1048576K
}

Deoptimization events (10 events):
Event: 3.465 Thread 0x0000000002534000 Uncommon trap: reason=class_check action=maybe_recompile pc=0x0000000002a50740 method=java.util.regex.Matcher.search(I)Z @ 86
Event: 3.465 Thread 0x0000000002534000 Uncommon trap: reason=class_check action=maybe_recompile pc=0x00000000029fbba4 method=java.util.regex.Pattern$Curly.match(Ljava/util/regex/Matcher;ILjava/lang/CharSequence;)Z @ 19
Event: 3.465 Thread 0x0000000002534000 Uncommon trap: reason=class_check action=maybe_recompile pc=0x0000000002a50740 method=java.util.regex.Matcher.search(I)Z @ 86
Event: 3.465 Thread 0x0000000002534000 Uncommon trap: reason=class_check action=maybe_recompile pc=0x0000000002a50740 method=java.util.regex.Matcher.search(I)Z @ 86
Event: 3.465 Thread 0x0000000002534000 Uncommon trap: reason=class_check action=maybe_recompile pc=0x0000000002a50740 method=java.util.regex.Matcher.search(I)Z @ 86
Event: 3.465 Thread 0x0000000002534000 Uncommon trap: reason=class_check action=maybe_recompile pc=0x00000000029fbba4 method=java.util.regex.Pattern$Curly.match(Ljava/util/regex/Matcher;ILjava/lang/CharSequence;)Z @ 19
Event: 3.475 Thread 0x0000000002534000 Uncommon trap: reason=class_check action=maybe_recompile pc=0x00000000029fbba4 method=java.util.regex.Pattern$Curly.match(Ljava/util/regex/Matcher;ILjava/lang/CharSequence;)Z @ 19
Event: 3.475 Thread 0x0000000002534000 Uncommon trap: reason=class_check action=maybe_recompile pc=0x00000000029fbba4 method=java.util.regex.Pattern$Curly.match(Ljava/util/regex/Matcher;ILjava/lang/CharSequence;)Z @ 19
Event: 3.547 Thread 0x0000000002534000 Uncommon trap: reason=unstable_if action=reinterpret pc=0x00000000029e4130 method=java.util.regex.Pattern$BmpCharProperty.match(Ljava/util/regex/Matcher;ILjava/lang/CharSequence;)Z @ 34
Event: 4.755 Thread 0x0000000002534000 Uncommon trap: reason=unstable_if action=reinterpret pc=0x0000000002a9dae4 method=java.util.concurrent.ConcurrentHashMap.putVal(Ljava/lang/Object;Ljava/lang/Object;Z)Ljava/lang/Object; @ 181

Classes redefined (10 events):
Event: 548.203 Thread 0x0000000016ce8800 redefined class name=Com.OrangeHRM.data_read_from_table, count=2
Event: 56762.233 Thread 0x0000000016ce8800 redefined class name=Com.OrangeHRM.data_read_from_table, count=3
Event: 57353.354 Thread 0x0000000016ce8800 redefined class name=Com.OrangeHRM.data_read_from_table, count=4
Event: 57671.662 Thread 0x0000000016ce8800 redefined class name=Com.OrangeHRM.data_read_from_table, count=5
Event: 57787.345 Thread 0x0000000016ce8800 redefined class name=Com.OrangeHRM.data_read_from_table, count=6
Event: 58031.326 Thread 0x0000000016ce8800 redefined class name=Com.OrangeHRM.data_read_from_table, count=7
Event: 58063.082 Thread 0x0000000016ce8800 redefined class name=Com.OrangeHRM.data_read_from_table, count=8
Event: 58158.351 Thread 0x0000000016ce8800 redefined class name=Com.OrangeHRM.data_read_from_table, count=9
Event: 58355.313 Thread 0x0000000016ce8800 redefined class name=Com.OrangeHRM.data_read_from_table, count=10
Event: 58374.754 Thread 0x0000000016ce8800 redefined class name=Com.OrangeHRM.data_read_from_table, count=11

Internal exceptions (10 events):
Event: 3.312 Thread 0x0000000002534000 Exception <a 'java/lang/NoSuchMethodError': java.lang.Object.lambda$or$2(Ljava/util/function/Predicate;Ljava/lang/Object;)Z> (0x00000000d9b911d8) thrown at [C:\re\workspace\8-2-build-windows-amd64-cygwin\jdk8u201\12322\hotspot\src\share\vm\interpreter\lin
Event: 3.339 Thread 0x0000000002534000 Exception <a 'java/lang/ArrayIndexOutOfBoundsException': 110> (0x00000000d9cc7420) thrown at [C:\re\workspace\8-2-build-windows-amd64-cygwin\jdk8u201\12322\hotspot\src\share\vm\interpreter\interpreterRuntime.cpp, line 368]
Event: 3.339 Thread 0x0000000002534000 Exception <a 'java/lang/ArrayIndexOutOfBoundsException': 88> (0x00000000d9cc8b48) thrown at [C:\re\workspace\8-2-build-windows-amd64-cygwin\jdk8u201\12322\hotspot\src\share\vm\interpreter\interpreterRuntime.cpp, line 368]
Event: 3.339 Thread 0x0000000002534000 Exception <a 'java/lang/ArrayIndexOutOfBoundsException': 92> (0x00000000d9ccea08) thrown at [C:\re\workspace\8-2-build-windows-amd64-cygwin\jdk8u201\12322\hotspot\src\share\vm\interpreter\interpreterRuntime.cpp, line 368]
Event: 3.340 Thread 0x0000000002534000 Exception <a 'java/lang/ArrayIndexOutOfBoundsException': 57> (0x00000000d9cd43a8) thrown at [C:\re\workspace\8-2-build-windows-amd64-cygwin\jdk8u201\12322\hotspot\src\share\vm\interpreter\interpreterRuntime.cpp, line 368]
Event: 3.386 Thread 0x0000000002534000 Exception <a 'java/lang/NoSuchMethodError': java.lang.Object.lambda$chars$0()Ljava/util/Spliterator$OfInt;> (0x00000000d9ecf4d0) thrown at [C:\re\workspace\8-2-build-windows-amd64-cygwin\jdk8u201\12322\hotspot\src\share\vm\interpreter\linkResolver.cpp, li
Event: 4.736 Thread 0x0000000002534000 Exception <a 'java/lang/NoSuchMethodError': java.lang.Object.lambda$getResponseFunction$0(Lorg/openqa/selenium/remote/InitialHandshakeResponse;)Lorg/openqa/selenium/remote/ProtocolHandshake$Result;> (0x00000000d8b5ba68) thrown at [C:\re\workspace\8-2-buil
Event: 4.806 Thread 0x0000000002534000 Exception <a 'java/net/SocketTimeoutException': Read timed out> (0x00000000d8cb8d90) thrown at [C:\re\workspace\8-2-build-windows-amd64-cygwin\jdk8u201\12322\hotspot\src\share\vm\prims\jni.cpp, line 735]
Event: 4.943 Thread 0x0000000002534000 Exception <a 'java/net/SocketTimeoutException': Read timed out> (0x00000000d8cd8200) thrown at [C:\re\workspace\8-2-build-windows-amd64-cygwin\jdk8u201\12322\hotspot\src\share\vm\prims\jni.cpp, line 735]
Event: 4.970 Thread 0x0000000002534000 Exception <a 'java/net/SocketTimeoutException': Read timed out> (0x00000000d8ddd890) thrown at [C:\re\workspace\8-2-build-windows-amd64-cygwin\jdk8u201\12322\hotspot\src\share\vm\prims\jni.cpp, line 735]

Events (10 events):
Event: 58401.041 Executing VM operation: ChangeBreakpoints done
Event: 58414.505 Executing VM operation: GetCurrentContendedMonitor
Event: 58414.505 Executing VM operation: GetCurrentContendedMonitor done
Event: 58414.506 Executing VM operation: GetOwnedMonitorInfo
Event: 58414.507 Executing VM operation: GetOwnedMonitorInfo done
Event: 58424.678 Executing VM operation: GetCurrentContendedMonitor
Event: 58424.678 Executing VM operation: GetCurrentContendedMonitor done
Event: 58424.678 Executing VM operation: GetOwnedMonitorInfo
Event: 58424.678 Executing VM operation: GetOwnedMonitorInfo done
Event: 58426.343 Executing VM operation: GetOrSetLocal


Dynamic libraries:
0x00007ff6257c0000 - 0x00007ff6257f7000 	C:\Program Files\Java\jre1.8.0_201\bin\javaw.exe
0x00007ff90d280000 - 0x00007ff90d470000 	C:\Windows\SYSTEM32\ntdll.dll
0x00007ff90ca90000 - 0x00007ff90cb42000 	C:\Windows\System32\KERNEL32.DLL
0x00007ff90a4f0000 - 0x00007ff90a795000 	C:\Windows\System32\KERNELBASE.dll
0x00007ff90c070000 - 0x00007ff90c113000 	C:\Windows\System32\ADVAPI32.dll
0x00007ff90cbd0000 - 0x00007ff90cc6e000 	C:\Windows\System32\msvcrt.dll
0x00007ff90c4d0000 - 0x00007ff90c567000 	C:\Windows\System32\sechost.dll
0x00007ff90bce0000 - 0x00007ff90bdff000 	C:\Windows\System32\RPCRT4.dll
0x00007ff90be00000 - 0x00007ff90bf94000 	C:\Windows\System32\USER32.dll
0x00007ff90a230000 - 0x00007ff90a251000 	C:\Windows\System32\win32u.dll
0x00007ff90c570000 - 0x00007ff90c596000 	C:\Windows\System32\GDI32.dll
0x00007ff90b190000 - 0x00007ff90b328000 	C:\Windows\System32\gdi32full.dll
0x00007ff90b0f0000 - 0x00007ff90b18e000 	C:\Windows\System32\msvcp_win.dll
0x00007ff90a7a0000 - 0x00007ff90a89a000 	C:\Windows\System32\ucrtbase.dll
0x00007ff8f0a00000 - 0x00007ff8f0c84000 	C:\Windows\WinSxS\amd64_microsoft.windows.common-controls_6595b64144ccf1df_6.0.18362.1379_none_9e7ff3b3e45cc0c4\COMCTL32.dll
0x00007ff90c190000 - 0x00007ff90c4c7000 	C:\Windows\System32\combase.dll
0x00007ff90a260000 - 0x00007ff90a2e1000 	C:\Windows\System32\bcryptPrimitives.dll
0x00007ff90ca50000 - 0x00007ff90ca7e000 	C:\Windows\System32\IMM32.DLL
0x00000000023a0000 - 0x00000000023b2000 	C:\Windows\System32\umppc12601.dll
0x0000000076f00000 - 0x0000000076fd1000 	C:\Program Files\Java\jre1.8.0_201\bin\msvcr100.dll
0x0000000076650000 - 0x0000000076ef4000 	C:\Program Files\Java\jre1.8.0_201\bin\server\jvm.dll
0x00007ff90cc70000 - 0x00007ff90cc78000 	C:\Windows\System32\PSAPI.DLL
0x00007ff8f73a0000 - 0x00007ff8f73a9000 	C:\Windows\SYSTEM32\WSOCK32.dll
0x00007ff90bba0000 - 0x00007ff90bc0f000 	C:\Windows\System32\WS2_32.dll
0x00007ff904040000 - 0x00007ff904064000 	C:\Windows\SYSTEM32\WINMM.dll
0x00007ff8fd8f0000 - 0x00007ff8fd8fa000 	C:\Windows\SYSTEM32\VERSION.dll
0x00007ff904010000 - 0x00007ff90403d000 	C:\Windows\SYSTEM32\WINMMBASE.dll
0x00007ff90a2f0000 - 0x00007ff90a33a000 	C:\Windows\System32\cfgmgr32.dll
0x00007ff8faaf0000 - 0x00007ff8faaff000 	C:\Program Files\Java\jre1.8.0_201\bin\verify.dll
0x00007ff8f2c90000 - 0x00007ff8f2cb9000 	C:\Program Files\Java\jre1.8.0_201\bin\java.dll
0x00007ff8e0600000 - 0x00007ff8e0635000 	C:\Program Files\Java\jre1.8.0_201\bin\jdwp.dll
0x00007ff8f3a10000 - 0x00007ff8f3a18000 	C:\Program Files\Java\jre1.8.0_201\bin\npt.dll
0x00007ff8f3990000 - 0x00007ff8f39a6000 	C:\Program Files\Java\jre1.8.0_201\bin\zip.dll
0x00007ff90b490000 - 0x00007ff90bb78000 	C:\Windows\System32\SHELL32.dll
0x00007ff90c920000 - 0x00007ff90c9c7000 	C:\Windows\System32\shcore.dll
0x00007ff90a8c0000 - 0x00007ff90b03b000 	C:\Windows\System32\windows.storage.dll
0x00007ff90a1d0000 - 0x00007ff90a1f3000 	C:\Windows\System32\profapi.dll
0x00007ff90a180000 - 0x00007ff90a1ca000 	C:\Windows\System32\powrprof.dll
0x00007ff90a130000 - 0x00007ff90a140000 	C:\Windows\System32\UMPDC.dll
0x00007ff90c8c0000 - 0x00007ff90c912000 	C:\Windows\System32\shlwapi.dll
0x00007ff90a160000 - 0x00007ff90a171000 	C:\Windows\System32\kernel.appcore.dll
0x00007ff90a8a0000 - 0x00007ff90a8b7000 	C:\Windows\System32\cryptsp.dll
0x00007ff8f3830000 - 0x00007ff8f3839000 	C:\Program Files\Java\jre1.8.0_201\bin\dt_socket.dll
0x00007ff8ecbd0000 - 0x00007ff8ecbe6000 	C:\Windows\system32\napinsp.dll
0x00007ff8ecbf0000 - 0x00007ff8ecc0a000 	C:\Windows\system32\pnrpnsp.dll
0x00007ff909970000 - 0x00007ff9099d7000 	C:\Windows\System32\mswsock.dll
0x00007ff9096c0000 - 0x00007ff90978b000 	C:\Windows\SYSTEM32\DNSAPI.dll
0x00007ff90cdc0000 - 0x00007ff90cdc8000 	C:\Windows\System32\NSI.dll
0x00007ff909680000 - 0x00007ff9096ba000 	C:\Windows\SYSTEM32\IPHLPAPI.DLL
0x00007ff8ed330000 - 0x00007ff8ed33e000 	C:\Windows\System32\winrnr.dll
0x00007ff9056b0000 - 0x00007ff9056cc000 	C:\Windows\system32\NLAapi.dll
0x00007ff903f20000 - 0x00007ff903f35000 	C:\Windows\system32\wshbth.dll
0x00007ff903b50000 - 0x00007ff903bc7000 	C:\Windows\System32\fwpuclnt.dll
0x00007ff90a200000 - 0x00007ff90a226000 	C:\Windows\System32\bcrypt.dll
0x00007ff8fc3d0000 - 0x00007ff8fc3da000 	C:\Windows\System32\rasadhlp.dll
0x00007ff8f2bb0000 - 0x00007ff8f2bca000 	C:\Program Files\Java\jre1.8.0_201\bin\net.dll
0x00007ff8f8af0000 - 0x00007ff8f8cc6000 	C:\Windows\SYSTEM32\urlmon.dll
0x00007ff8f8f80000 - 0x00007ff8f9227000 	C:\Windows\SYSTEM32\iertutil.dll
0x00007ff909b40000 - 0x00007ff909b4c000 	C:\Windows\SYSTEM32\CRYPTBASE.DLL
0x00007ff909280000 - 0x00007ff9092b3000 	C:\Windows\system32\rsaenh.dll
0x00007ff90a050000 - 0x00007ff90a075000 	C:\Windows\SYSTEM32\USERENV.dll
0x00007ff902390000 - 0x00007ff9023a6000 	C:\Windows\SYSTEM32\dhcpcsvc6.DLL
0x00007ff902740000 - 0x00007ff90275c000 	C:\Windows\SYSTEM32\dhcpcsvc.DLL
0x00007ff8f2b60000 - 0x00007ff8f2b71000 	C:\Program Files\Java\jre1.8.0_201\bin\nio.dll
0x00007ff8e1510000 - 0x00007ff8e1534000 	C:\Program Files\Java\jre1.8.0_201\bin\sunec.dll
0x00007ff8f88f0000 - 0x00007ff8f88fb000 	C:\Program Files\Java\jre1.8.0_201\bin\sunmscapi.dll
0x00007ff90a340000 - 0x00007ff90a48a000 	C:\Windows\System32\CRYPT32.dll
0x00007ff90a140000 - 0x00007ff90a152000 	C:\Windows\System32\MSASN1.dll
0x00007ff9072f0000 - 0x00007ff9074e4000 	C:\Windows\SYSTEM32\dbghelp.dll

VM Arguments:
jvm_args: -agentlib:jdwp=transport=dt_socket,suspend=y,address=localhost:64492 -ea -Dfile.encoding=Cp1252 
java_command: org.testng.remote.RemoteTestNG -serport 64491 -protocol json -d C:\Selenium_Harman_Traning\Workspace\OrangeHRM_Dema\test-output C:\Users\FASIDD~1\AppData\Local\Temp\testng-eclipse-1693124\testng-customsuite.xml
java_class_path (initial): C:\Users\fasiddiqui\Desktop\Selenium\eclipse\configuration\org.eclipse.osgi\482\0\.cp\lib\testng-remote.jar;C:\Selenium_Harman_Traning\Workspace\OrangeHRM_Dema\target\test-classes;C:\Selenium_Harman_Traning\Workspace\OrangeHRM_Dema\target\classes;C:\Users\fasiddiqui\Desktop\Selenium\eclipse\plugins\org.testng_6.14.3.r201802240500.jar;C:\Users\fasiddiqui\Desktop\Selenium\eclipse\plugins\com.beust.jcommander_1.78.0.jar;C:\Users\fasiddiqui\Desktop\Selenium\eclipse\plugins\org.apache-extras.beanshell.bsh_2.0.0.b6.jar;C:\Users\fasiddiqui\Desktop\Selenium\eclipse\plugins\org.yaml.snakeyaml_1.21.0.jar;C:\Users\fasiddiqui\.m2\repository\org\seleniumhq\selenium\selenium-java\3.141.59\selenium-java-3.141.59.jar;C:\Users\fasiddiqui\.m2\repository\org\seleniumhq\selenium\selenium-api\3.141.59\selenium-api-3.141.59.jar;C:\Users\fasiddiqui\.m2\repository\org\seleniumhq\selenium\selenium-edge-driver\3.141.59\selenium-edge-driver-3.141.59.jar;C:\Users\fasiddiqui\.m2\repository\org\seleniumhq\selenium\selenium-firefox-driver\3.141.59\selenium-firefox-driver-3.141.59.jar;C:\Users\fasiddiqui\.m2\repository\org\seleniumhq\selenium\selenium-ie-driver\3.141.59\selenium-ie-driver-3.141.59.jar;C:\Users\fasiddiqui\.m2\repository\org\seleniumhq\selenium\selenium-opera-driver\3.141.59\selenium-opera-driver-3.141.59.jar;C:\Users\fasiddiqui\.m2\repository\org\seleniumhq\selenium\selenium-remote-driver\3.141.59\selenium-remote-driver-3.141.59.jar;C:\Users\fasiddiqui\.m2\repository\org\seleniumhq\selenium\selenium-safari-driver\3.141.59\selenium-safari-driver-3.141.59.jar;C:\Users\fasiddiqui\.m2\repository\org\seleniumhq\selenium\selenium-support\3.141.59\selenium-support-3.141.59.jar;C:\Users\fasiddiqui\.m2\repository\net\bytebuddy\byte-buddy\1.8.15\byte-buddy-1.8.15.jar;C:\Users\fasiddiqui\.m2\repository\org\apache\commons\commons-exec\1.3\commons-exec-1.3.jar;C:\Users\fasiddiqui\.m2\repository\com\google\guava\guava\25.0-jre\guava-25.0-jre.jar;C:\Users\fasiddiqui\.
Launcher Type: SUN_STANDARD

Environment Variables:
JAVA_HOME=C:\Program Files\Java\jdk1.7.0_75
PATH=C:\Program Files (x86)\Common Files\Oracle\Java\javapath;C:\Windows\system32;C:\Windows;C:\Windows\System32\Wbem;C:\Windows\System32\WindowsPowerShell\v1.0\;C:\Windows\System32\OpenSSH\;C:\Program Files (x86)\Webex\Webex\Applications;C:\Program Files (x86)\Sennheiser\SenncomSDK\;C:\Program Files\Java\jdk1.7.0_75\bin;C:\Selenium_Harman_Traning\Drivers_and_jars\apache-maven-3.6.3\bin;C:\Users\fasiddiqui\Desktop\axis2-1.6.2\bin;C:\Program Files\nodejs\;C:\Program Files\Git\cmd;C:\Users\fasiddiqui\AppData\Local\Microsoft\WindowsApps;C:\Users\fasiddiqui\AppData\Roaming\npm
USERNAME=FaSiddiqui
OS=Windows_NT
PROCESSOR_IDENTIFIER=Intel64 Family 6 Model 78 Stepping 3, GenuineIntel



---------------  S Y S T E M  ---------------

OS: Windows 10.0 , 64 bit Build 18362 (10.0.18362.1350)

CPU:total 4 (initial active 4) (2 cores per cpu, 2 threads per core) family 6 model 78 stepping 3, cmov, cx8, fxsr, mmx, sse, sse2, sse3, ssse3, sse4.1, sse4.2, popcnt, avx, avx2, aes, clmul, erms, rtm, 3dnowpref, lzcnt, ht, tsc, tscinvbit, bmi1, bmi2, adx

Memory: 4k page, physical 7774008k(1094892k free), swap 14170248k(1886580k free)

vm_info: Java HotSpot(TM) 64-Bit Server VM (25.201-b09) for windows-amd64 JRE (1.8.0_201-b09), built on Dec 15 2018 18:36:39 by "java_re" with MS VC++ 10.0 (VS2010)

time: Tue Mar 23 11:32:32 2021
timezone: India Standard Time
elapsed time: 58427 seconds (0d 16h 13m 47s)

