#
# A fatal error has been detected by the Java Runtime Environment:
#
#  EXCEPTION_ACCESS_VIOLATION (0xc0000005) at pc=0x000000007674f4a5, pid=16872, tid=0x0000000000005580
#
# JRE version: Java(TM) SE Runtime Environment (8.0_201-b09) (build 1.8.0_201-b09)
# Java VM: Java HotSpot(TM) 64-Bit Server VM (25.201-b09 mixed mode windows-amd64 compressed oops)
# Problematic frame:
# V  [jvm.dll+0xff4a5]
#
# Failed to write core dump. Minidumps are not enabled by default on client versions of Windows
#
# If you would like to submit a bug report, please visit:
#   http://bugreport.java.com/bugreport/crash.jsp
#

---------------  T H R E A D  ---------------

Current thread (0x00000000176a8000):  VMThread [stack: 0x0000000018740000,0x0000000018840000] [id=21888]

siginfo: ExceptionCode=0xc0000005, reading address 0x0000000000000008

Registers:
RAX=0x0000000000000000, RBX=0x0000000017256218, RCX=0x0000000000000000, RDX=0x0000000000000000
RSP=0x000000001883ee50, RBP=0x000000000000000b, RSI=0x0000000076e64dd0, RDI=0x000000001883f130
R8 =0x0000000000000000, R9 =0x0000000017256218, R10=0x00000000000001b4, R11=0x0000000017256823
R12=0x0000000000000001, R13=0x0000000000000001, R14=0x00000000000003d8, R15=0x000000001883ef50
RIP=0x000000007674f4a5, EFLAGS=0x0000000000010202

Top of Stack: (sp=0x000000001883ee50)
0x000000001883ee50:   000000001883f130 00000000030308da
0x000000001883ee60:   0000000000000004 00000000767501f9
0x000000001883ee70:   000000001883f108 00000000172568b0
0x000000001883ee80:   0000000046000001 0000000000000000
0x000000001883ee90:   00001e8b41f8247c 000000007674faa2
0x000000001883eea0:   000000001883ef60 0000000000000001
0x000000001883eeb0:   000000001883ef70 000000001883f130
0x000000001883eec0:   000000001883efa0 00000000767526d0
0x000000001883eed0:   000000000000000b 000000000000000b
0x000000001883eee0:   0000000000000030 000000007674f926
0x000000001883eef0:   000000000000000b 000000001883efa0
0x000000001883ef00:   000000001883ef60 0000000000000030
0x000000001883ef10:   00000000172568b0 000000007675322f
0x000000001883ef20:   000000001883f130 000000001883efa0
0x000000001883ef30:   00000000175b54b0 00000000172568b0
0x000000001883ef40:   0000000000000004 0000000000000000 

Instructions: (pc=0x000000007674f4a5)
0x000000007674f485:   8b d2 e8 54 7f ff ff 48 8b cb 8b d0 e8 5a 78 ff
0x000000007674f495:   ff 48 8d 35 33 59 71 00 48 63 c8 48 8b 44 cb 50
0x000000007674f4a5:   0f b6 48 08 8b 05 05 59 71 00 80 f9 4c 74 2b 80
0x000000007674f4b5:   f9 5b 74 26 80 f9 4a 74 18 80 f9 44 74 13 48 8d 


Register to memory mapping:

RAX=0x0000000000000000 is an unknown value
RBX=0x0000000017256218 is pointing into metadata
RCX=0x0000000000000000 is an unknown value
RDX=0x0000000000000000 is an unknown value
RSP=0x000000001883ee50 is an unknown value
RBP=0x000000000000000b is an unknown value
RSI=0x0000000076e64dd0 is an unknown value
RDI=0x000000001883f130 is an unknown value
R8 =0x0000000000000000 is an unknown value
R9 =0x0000000017256218 is pointing into metadata
R10=0x00000000000001b4 is an unknown value
R11=0x0000000017256823 is pointing into metadata
R12=0x0000000000000001 is an unknown value
R13=0x0000000000000001 is an unknown value
R14=0x00000000000003d8 is an unknown value
R15=0x000000001883ef50 is an unknown value


Stack: [0x0000000018740000,0x0000000018840000],  sp=0x000000001883ee50,  free space=1019k
Native frames: (J=compiled Java code, j=interpreted, Vv=VM code, C=native code)
V  [jvm.dll+0xff4a5]
V  [jvm.dll+0x1026d0]
V  [jvm.dll+0x10322f]
V  [jvm.dll+0x103a75]
V  [jvm.dll+0x103cc2]
V  [jvm.dll+0xc51ae]
V  [jvm.dll+0xc5838]
V  [jvm.dll+0xc596a]
V  [jvm.dll+0xc5b68]
V  [jvm.dll+0x10fb3a]
V  [jvm.dll+0x12d45f]
V  [jvm.dll+0x1bf61f]
V  [jvm.dll+0x24d407]
V  [jvm.dll+0x24c6a6]
V  [jvm.dll+0x24cb41]
V  [jvm.dll+0x24cd5e]
V  [jvm.dll+0x29fb6a]
C  [msvcr100.dll+0x21db7]
C  [msvcr100.dll+0x21e53]
C  [KERNEL32.DLL+0x17c24]
C  [ntdll.dll+0x6d721]

VM_Operation (0x000000001917f720): GetOrSetLocal, mode: safepoint, requested by thread 0x00000000176ec800


---------------  P R O C E S S  ---------------

Java Threads: ( => current thread )
  0x00000000199a9000 JavaThread "Okio Watchdog" daemon [_thread_blocked, id=21104, stack(0x000000001c450000,0x000000001c550000)]
  0x000000001a8cd800 JavaThread "Exec Stream Pumper" daemon [_thread_in_native, id=17836, stack(0x000000001bf50000,0x000000001c050000)]
  0x000000001a870000 JavaThread "Exec Stream Pumper" daemon [_thread_in_native, id=18048, stack(0x000000001be50000,0x000000001bf50000)]
  0x000000001a8d2800 JavaThread "Exec Default Executor" daemon [_thread_in_native, id=18872, stack(0x000000001bc50000,0x000000001bd50000)]
  0x0000000019e50000 JavaThread "ReaderThread" [_thread_in_native, id=15016, stack(0x000000001a580000,0x000000001a680000)]
  0x00000000196d7800 JavaThread "Service Thread" daemon [_thread_blocked, id=16688, stack(0x0000000019a80000,0x0000000019b80000)]
  0x0000000017715800 JavaThread "C1 CompilerThread2" daemon [_thread_blocked, id=23220, stack(0x0000000019580000,0x0000000019680000)]
  0x000000001770c800 JavaThread "C2 CompilerThread1" daemon [_thread_blocked, id=2836, stack(0x0000000019480000,0x0000000019580000)]
  0x0000000017709800 JavaThread "C2 CompilerThread0" daemon [_thread_blocked, id=18936, stack(0x0000000019380000,0x0000000019480000)]
  0x00000000176fc800 JavaThread "JDWP Command Reader" daemon [_thread_in_native, id=18580, stack(0x0000000019280000,0x0000000019380000)]
  0x00000000176fb000 JavaThread "JDWP Event Helper Thread" daemon [_thread_blocked, id=19512, stack(0x0000000019180000,0x0000000019280000)]
  0x00000000176ec800 JavaThread "JDWP Transport Listener: dt_socket" daemon [_thread_blocked, id=16896, stack(0x0000000019080000,0x0000000019180000)]
  0x00000000176e1800 JavaThread "Attach Listener" daemon [_thread_blocked, id=12256, stack(0x0000000018c40000,0x0000000018d40000)]
  0x00000000176e0000 JavaThread "Signal Dispatcher" daemon [_thread_blocked, id=1428, stack(0x0000000018b40000,0x0000000018c40000)]
  0x00000000176cf800 JavaThread "Finalizer" daemon [_thread_blocked, id=23016, stack(0x0000000018940000,0x0000000018a40000)]
  0x00000000176a9000 JavaThread "Reference Handler" daemon [_thread_blocked, id=19028, stack(0x0000000018840000,0x0000000018940000)]
  0x0000000002f34000 JavaThread "main" [_thread_blocked, id=14972, stack(0x0000000002e30000,0x0000000002f30000)]

Other Threads:
=>0x00000000176a8000 VMThread [stack: 0x0000000018740000,0x0000000018840000] [id=21888]
  0x0000000019721800 WatcherThread [stack: 0x0000000019b80000,0x0000000019c80000] [id=15304]

VM state:at safepoint (normal execution)

VM Mutex/Monitor currently owned by a thread:  ([mutex/lock_event])
[0x0000000002f31550] Threads_lock - owner thread: 0x00000000176a8000

heap address: 0x0000000089600000, size: 1898 MB, Compressed Oops mode: 32-bit
Narrow klass base: 0x0000000000000000, Narrow klass shift: 3
Compressed class space size: 1073741824 Address: 0x0000000100000000

Heap:
 PSYoungGen      total 35840K, used 12864K [0x00000000d8780000, 0x00000000daf80000, 0x0000000100000000)
  eden space 30720K, 25% used [0x00000000d8780000,0x00000000d8f182c8,0x00000000da580000)
  from space 5120K, 99% used [0x00000000daa80000,0x00000000daf78060,0x00000000daf80000)
  to   space 5120K, 0% used [0x00000000da580000,0x00000000da580000,0x00000000daa80000)
 ParOldGen       total 81920K, used 4407K [0x0000000089600000, 0x000000008e600000, 0x00000000d8780000)
  object space 81920K, 5% used [0x0000000089600000,0x0000000089a4dc40,0x000000008e600000)
 Metaspace       used 18639K, capacity 19398K, committed 19456K, reserved 1067008K
  class space    used 2330K, capacity 2529K, committed 2560K, reserved 1048576K

Card table byte_map: [0x00000000123f0000,0x00000000127b0000] byte_map_base: 0x0000000011fa5000

Marking Bits: (ParMarkBitMap*) 0x0000000076e74ce0
 Begin Bits: [0x0000000012e30000, 0x0000000014bd8000)
 End Bits:   [0x0000000014bd8000, 0x0000000016980000)

Polling page: 0x0000000002cf0000

CodeCache: size=245760Kb used=5798Kb max_used=5798Kb free=239961Kb
 bounds [0x0000000003030000, 0x00000000035e0000, 0x0000000012030000]
 total_blobs=2044 nmethods=1620 adapters=344
 compilation: enabled

Compilation events (10 events):
Event: 5.863 Thread 0x0000000017715800 1616       3       com.google.common.collect.RegularImmutableMap::get (13 bytes)
Event: 5.864 Thread 0x0000000017715800 nmethod 1616 0x00000000035d7110 code [0x00000000035d7280, 0x00000000035d7428]
Event: 9.592 Thread 0x0000000017715800 1617       1       java.util.Formatter$FormatSpecifier::index (5 bytes)
Event: 9.593 Thread 0x0000000017715800 nmethod 1617 0x00000000035d6e50 code [0x00000000035d6fa0, 0x00000000035d70b0]
Event: 9.593 Thread 0x0000000017715800 1618       3       com.google.common.collect.AbstractMapEntry::<init> (5 bytes)
Event: 9.593 Thread 0x0000000017715800 nmethod 1618 0x00000000035d6a90 code [0x00000000035d6be0, 0x00000000035d6d90]
Event: 9.594 Thread 0x0000000017715800 1619       3       java.util.regex.Matcher::end (22 bytes)
Event: 9.596 Thread 0x0000000017715800 nmethod 1619 0x00000000035d6590 code [0x00000000035d6700, 0x00000000035d6968]
Event: 9.596 Thread 0x0000000017715800 1620       1       java.util.stream.Collectors$CollectorImpl::characteristics (5 bytes)
Event: 9.596 Thread 0x0000000017715800 nmethod 1620 0x00000000035d6210 code [0x00000000035d6360, 0x00000000035d6470]

GC Heap History (4 events):
Event: 2.700 GC heap before
{Heap before GC invocations=1 (full 0):
 PSYoungGen      total 35840K, used 30720K [0x00000000d8780000, 0x00000000daf80000, 0x0000000100000000)
  eden space 30720K, 100% used [0x00000000d8780000,0x00000000da580000,0x00000000da580000)
  from space 5120K, 0% used [0x00000000daa80000,0x00000000daa80000,0x00000000daf80000)
  to   space 5120K, 0% used [0x00000000da580000,0x00000000da580000,0x00000000daa80000)
 ParOldGen       total 81920K, used 0K [0x0000000089600000, 0x000000008e600000, 0x00000000d8780000)
  object space 81920K, 0% used [0x0000000089600000,0x0000000089600000,0x000000008e600000)
 Metaspace       used 12261K, capacity 12530K, committed 12928K, reserved 1060864K
  class space    used 1424K, capacity 1549K, committed 1664K, reserved 1048576K
Event: 2.715 GC heap after
Heap after GC invocations=1 (full 0):
 PSYoungGen      total 35840K, used 5104K [0x00000000d8780000, 0x00000000daf80000, 0x0000000100000000)
  eden space 30720K, 0% used [0x00000000d8780000,0x00000000d8780000,0x00000000da580000)
  from space 5120K, 99% used [0x00000000da580000,0x00000000daa7c230,0x00000000daa80000)
  to   space 5120K, 0% used [0x00000000daa80000,0x00000000daa80000,0x00000000daf80000)
 ParOldGen       total 81920K, used 786K [0x0000000089600000, 0x000000008e600000, 0x00000000d8780000)
  object space 81920K, 0% used [0x0000000089600000,0x00000000896c4a58,0x000000008e600000)
 Metaspace       used 12261K, capacity 12530K, committed 12928K, reserved 1060864K
  class space    used 1424K, capacity 1549K, committed 1664K, reserved 1048576K
}
Event: 3.939 GC heap before
{Heap before GC invocations=2 (full 0):
 PSYoungGen      total 35840K, used 35824K [0x00000000d8780000, 0x00000000daf80000, 0x0000000100000000)
  eden space 30720K, 100% used [0x00000000d8780000,0x00000000da580000,0x00000000da580000)
  from space 5120K, 99% used [0x00000000da580000,0x00000000daa7c230,0x00000000daa80000)
  to   space 5120K, 0% used [0x00000000daa80000,0x00000000daa80000,0x00000000daf80000)
 ParOldGen       total 81920K, used 786K [0x0000000089600000, 0x000000008e600000, 0x00000000d8780000)
  object space 81920K, 0% used [0x0000000089600000,0x00000000896c4a58,0x000000008e600000)
 Metaspace       used 17413K, capacity 18140K, committed 18304K, reserved 1064960K
  class space    used 2184K, capacity 2378K, committed 2432K, reserved 1048576K
Event: 3.950 GC heap after
Heap after GC invocations=2 (full 0):
 PSYoungGen      total 35840K, used 5088K [0x00000000d8780000, 0x00000000daf80000, 0x0000000100000000)
  eden space 30720K, 0% used [0x00000000d8780000,0x00000000d8780000,0x00000000da580000)
  from space 5120K, 99% used [0x00000000daa80000,0x00000000daf78060,0x00000000daf80000)
  to   space 5120K, 0% used [0x00000000da580000,0x00000000da580000,0x00000000daa80000)
 ParOldGen       total 81920K, used 4407K [0x0000000089600000, 0x000000008e600000, 0x00000000d8780000)
  object space 81920K, 5% used [0x0000000089600000,0x0000000089a4dc40,0x000000008e600000)
 Metaspace       used 17413K, capacity 18140K, committed 18304K, reserved 1064960K
  class space    used 2184K, capacity 2378K, committed 2432K, reserved 1048576K
}

Deoptimization events (10 events):
Event: 3.867 Thread 0x0000000002f34000 Uncommon trap: reason=class_check action=maybe_recompile pc=0x00000000034492c0 method=java.util.regex.Matcher.search(I)Z @ 86
Event: 3.867 Thread 0x0000000002f34000 Uncommon trap: reason=class_check action=maybe_recompile pc=0x00000000033fb5ec method=java.util.regex.Pattern$Curly.match(Ljava/util/regex/Matcher;ILjava/lang/CharSequence;)Z @ 19
Event: 3.867 Thread 0x0000000002f34000 Uncommon trap: reason=class_check action=maybe_recompile pc=0x00000000034492c0 method=java.util.regex.Matcher.search(I)Z @ 86
Event: 3.867 Thread 0x0000000002f34000 Uncommon trap: reason=class_check action=maybe_recompile pc=0x00000000034492c0 method=java.util.regex.Matcher.search(I)Z @ 86
Event: 3.867 Thread 0x0000000002f34000 Uncommon trap: reason=class_check action=maybe_recompile pc=0x00000000034492c0 method=java.util.regex.Matcher.search(I)Z @ 86
Event: 3.867 Thread 0x0000000002f34000 Uncommon trap: reason=class_check action=maybe_recompile pc=0x00000000033fb5ec method=java.util.regex.Pattern$Curly.match(Ljava/util/regex/Matcher;ILjava/lang/CharSequence;)Z @ 19
Event: 3.879 Thread 0x0000000002f34000 Uncommon trap: reason=class_check action=maybe_recompile pc=0x00000000033fb5ec method=java.util.regex.Pattern$Curly.match(Ljava/util/regex/Matcher;ILjava/lang/CharSequence;)Z @ 19
Event: 3.879 Thread 0x0000000002f34000 Uncommon trap: reason=class_check action=maybe_recompile pc=0x00000000033fb5ec method=java.util.regex.Pattern$Curly.match(Ljava/util/regex/Matcher;ILjava/lang/CharSequence;)Z @ 19
Event: 3.965 Thread 0x0000000002f34000 Uncommon trap: reason=unstable_if action=reinterpret pc=0x00000000033e5930 method=java.util.regex.Pattern$BmpCharProperty.match(Ljava/util/regex/Matcher;ILjava/lang/CharSequence;)Z @ 34
Event: 5.631 Thread 0x0000000002f34000 Uncommon trap: reason=unstable_if action=reinterpret pc=0x00000000034a56f0 method=java.util.concurrent.ConcurrentHashMap.putVal(Ljava/lang/Object;Ljava/lang/Object;Z)Ljava/lang/Object; @ 181

Classes redefined (7 events):
Event: 308.557 Thread 0x00000000176a8000 redefined class name=Com.OrangeHRM.data_read_from_table, count=1
Event: 423.764 Thread 0x00000000176a8000 redefined class name=Com.OrangeHRM.data_read_from_table, count=2
Event: 667.996 Thread 0x00000000176a8000 redefined class name=Com.OrangeHRM.data_read_from_table, count=3
Event: 699.535 Thread 0x00000000176a8000 redefined class name=Com.OrangeHRM.data_read_from_table, count=4
Event: 794.922 Thread 0x00000000176a8000 redefined class name=Com.OrangeHRM.data_read_from_table, count=5
Event: 991.904 Thread 0x00000000176a8000 redefined class name=Com.OrangeHRM.data_read_from_table, count=6
Event: 1011.090 Thread 0x00000000176a8000 redefined class name=Com.OrangeHRM.data_read_from_table, count=7

Internal exceptions (10 events):
Event: 3.707 Thread 0x0000000002f34000 Exception <a 'java/lang/NoSuchMethodError': java.lang.Object.lambda$or$2(Ljava/util/function/Predicate;Ljava/lang/Object;)Z> (0x00000000d9b9be50) thrown at [C:\re\workspace\8-2-build-windows-amd64-cygwin\jdk8u201\12322\hotspot\src\share\vm\interpreter\lin
Event: 3.737 Thread 0x0000000002f34000 Exception <a 'java/lang/ArrayIndexOutOfBoundsException': 110> (0x00000000d9cd1fe8) thrown at [C:\re\workspace\8-2-build-windows-amd64-cygwin\jdk8u201\12322\hotspot\src\share\vm\interpreter\interpreterRuntime.cpp, line 368]
Event: 3.737 Thread 0x0000000002f34000 Exception <a 'java/lang/ArrayIndexOutOfBoundsException': 88> (0x00000000d9cd3710) thrown at [C:\re\workspace\8-2-build-windows-amd64-cygwin\jdk8u201\12322\hotspot\src\share\vm\interpreter\interpreterRuntime.cpp, line 368]
Event: 3.738 Thread 0x0000000002f34000 Exception <a 'java/lang/ArrayIndexOutOfBoundsException': 92> (0x00000000d9cd95d0) thrown at [C:\re\workspace\8-2-build-windows-amd64-cygwin\jdk8u201\12322\hotspot\src\share\vm\interpreter\interpreterRuntime.cpp, line 368]
Event: 3.738 Thread 0x0000000002f34000 Exception <a 'java/lang/ArrayIndexOutOfBoundsException': 57> (0x00000000d9cdef70) thrown at [C:\re\workspace\8-2-build-windows-amd64-cygwin\jdk8u201\12322\hotspot\src\share\vm\interpreter\interpreterRuntime.cpp, line 368]
Event: 3.791 Thread 0x0000000002f34000 Exception <a 'java/lang/NoSuchMethodError': java.lang.Object.lambda$chars$0()Ljava/util/Spliterator$OfInt;> (0x00000000d9edb1e0) thrown at [C:\re\workspace\8-2-build-windows-amd64-cygwin\jdk8u201\12322\hotspot\src\share\vm\interpreter\linkResolver.cpp, li
Event: 5.562 Thread 0x0000000002f34000 Exception <a 'java/lang/NoSuchMethodError': java.lang.Object.lambda$getResponseFunction$0(Lorg/openqa/selenium/remote/InitialHandshakeResponse;)Lorg/openqa/selenium/remote/ProtocolHandshake$Result;> (0x00000000d8b681c8) thrown at [C:\re\workspace\8-2-buil
Event: 5.696 Thread 0x0000000002f34000 Exception <a 'java/net/SocketTimeoutException': Read timed out> (0x00000000d8cc4968) thrown at [C:\re\workspace\8-2-build-windows-amd64-cygwin\jdk8u201\12322\hotspot\src\share\vm\prims\jni.cpp, line 735]
Event: 5.829 Thread 0x0000000002f34000 Exception <a 'java/net/SocketTimeoutException': Read timed out> (0x00000000d8ce3dd8) thrown at [C:\re\workspace\8-2-build-windows-amd64-cygwin\jdk8u201\12322\hotspot\src\share\vm\prims\jni.cpp, line 735]
Event: 5.864 Thread 0x0000000002f34000 Exception <a 'java/net/SocketTimeoutException': Read timed out> (0x00000000d8de9db0) thrown at [C:\re\workspace\8-2-build-windows-amd64-cygwin\jdk8u201\12322\hotspot\src\share\vm\prims\jni.cpp, line 735]

Events (10 events):
Event: 1050.707 Executing VM operation: GetOwnedMonitorInfo done
Event: 1060.864 Executing VM operation: GetCurrentContendedMonitor
Event: 1060.865 Executing VM operation: GetCurrentContendedMonitor done
Event: 1060.869 Executing VM operation: GetOwnedMonitorInfo
Event: 1060.869 Executing VM operation: GetOwnedMonitorInfo done
Event: 1066.211 Executing VM operation: GetOwnedMonitorInfo
Event: 1066.211 Executing VM operation: GetOwnedMonitorInfo done
Event: 1066.211 Executing VM operation: GetCurrentContendedMonitor
Event: 1066.212 Executing VM operation: GetCurrentContendedMonitor done
Event: 1069.825 Executing VM operation: GetOrSetLocal


Dynamic libraries:
0x00007ff6257c0000 - 0x00007ff6257f7000 	C:\Program Files\Java\jre1.8.0_201\bin\javaw.exe
0x00007ff90d280000 - 0x00007ff90d470000 	C:\Windows\SYSTEM32\ntdll.dll
0x00007ff90ca90000 - 0x00007ff90cb42000 	C:\Windows\System32\KERNEL32.DLL
0x00007ff90a4f0000 - 0x00007ff90a795000 	C:\Windows\System32\KERNELBASE.dll
0x00007ff90c070000 - 0x00007ff90c113000 	C:\Windows\System32\ADVAPI32.dll
0x00007ff90cbd0000 - 0x00007ff90cc6e000 	C:\Windows\System32\msvcrt.dll
0x00007ff90c4d0000 - 0x00007ff90c567000 	C:\Windows\System32\sechost.dll
0x00007ff90bce0000 - 0x00007ff90bdff000 	C:\Windows\System32\RPCRT4.dll
0x00007ff90be00000 - 0x00007ff90bf94000 	C:\Windows\System32\USER32.dll
0x00007ff90a230000 - 0x00007ff90a251000 	C:\Windows\System32\win32u.dll
0x00007ff90c570000 - 0x00007ff90c596000 	C:\Windows\System32\GDI32.dll
0x00007ff90b190000 - 0x00007ff90b328000 	C:\Windows\System32\gdi32full.dll
0x00007ff90b0f0000 - 0x00007ff90b18e000 	C:\Windows\System32\msvcp_win.dll
0x00007ff90a7a0000 - 0x00007ff90a89a000 	C:\Windows\System32\ucrtbase.dll
0x00007ff8f0a00000 - 0x00007ff8f0c84000 	C:\Windows\WinSxS\amd64_microsoft.windows.common-controls_6595b64144ccf1df_6.0.18362.1379_none_9e7ff3b3e45cc0c4\COMCTL32.dll
0x00007ff90c190000 - 0x00007ff90c4c7000 	C:\Windows\System32\combase.dll
0x00007ff90a260000 - 0x00007ff90a2e1000 	C:\Windows\System32\bcryptPrimitives.dll
0x00007ff90ca50000 - 0x00007ff90ca7e000 	C:\Windows\System32\IMM32.DLL
0x0000000001020000 - 0x0000000001032000 	C:\Windows\System32\umppc12601.dll
0x0000000076f00000 - 0x0000000076fd1000 	C:\Program Files\Java\jre1.8.0_201\bin\msvcr100.dll
0x0000000076650000 - 0x0000000076ef4000 	C:\Program Files\Java\jre1.8.0_201\bin\server\jvm.dll
0x00007ff90cc70000 - 0x00007ff90cc78000 	C:\Windows\System32\PSAPI.DLL
0x00007ff8f73a0000 - 0x00007ff8f73a9000 	C:\Windows\SYSTEM32\WSOCK32.dll
0x00007ff90bba0000 - 0x00007ff90bc0f000 	C:\Windows\System32\WS2_32.dll
0x00007ff904040000 - 0x00007ff904064000 	C:\Windows\SYSTEM32\WINMM.dll
0x00007ff8fd8f0000 - 0x00007ff8fd8fa000 	C:\Windows\SYSTEM32\VERSION.dll
0x00007ff904010000 - 0x00007ff90403d000 	C:\Windows\SYSTEM32\WINMMBASE.dll
0x00007ff90a2f0000 - 0x00007ff90a33a000 	C:\Windows\System32\cfgmgr32.dll
0x00007ff8faaf0000 - 0x00007ff8faaff000 	C:\Program Files\Java\jre1.8.0_201\bin\verify.dll
0x00007ff8f2c90000 - 0x00007ff8f2cb9000 	C:\Program Files\Java\jre1.8.0_201\bin\java.dll
0x00007ff8e0600000 - 0x00007ff8e0635000 	C:\Program Files\Java\jre1.8.0_201\bin\jdwp.dll
0x00007ff8f3a10000 - 0x00007ff8f3a18000 	C:\Program Files\Java\jre1.8.0_201\bin\npt.dll
0x00007ff8f3990000 - 0x00007ff8f39a6000 	C:\Program Files\Java\jre1.8.0_201\bin\zip.dll
0x00007ff90b490000 - 0x00007ff90bb78000 	C:\Windows\System32\SHELL32.dll
0x00007ff90c920000 - 0x00007ff90c9c7000 	C:\Windows\System32\shcore.dll
0x00007ff90a8c0000 - 0x00007ff90b03b000 	C:\Windows\System32\windows.storage.dll
0x00007ff90a1d0000 - 0x00007ff90a1f3000 	C:\Windows\System32\profapi.dll
0x00007ff90a180000 - 0x00007ff90a1ca000 	C:\Windows\System32\powrprof.dll
0x00007ff90a130000 - 0x00007ff90a140000 	C:\Windows\System32\UMPDC.dll
0x00007ff90c8c0000 - 0x00007ff90c912000 	C:\Windows\System32\shlwapi.dll
0x00007ff90a160000 - 0x00007ff90a171000 	C:\Windows\System32\kernel.appcore.dll
0x00007ff90a8a0000 - 0x00007ff90a8b7000 	C:\Windows\System32\cryptsp.dll
0x00007ff8f3830000 - 0x00007ff8f3839000 	C:\Program Files\Java\jre1.8.0_201\bin\dt_socket.dll
0x00007ff8ecbd0000 - 0x00007ff8ecbe6000 	C:\Windows\system32\napinsp.dll
0x00007ff8ecbf0000 - 0x00007ff8ecc0a000 	C:\Windows\system32\pnrpnsp.dll
0x00007ff909970000 - 0x00007ff9099d7000 	C:\Windows\System32\mswsock.dll
0x00007ff9096c0000 - 0x00007ff90978b000 	C:\Windows\SYSTEM32\DNSAPI.dll
0x00007ff90cdc0000 - 0x00007ff90cdc8000 	C:\Windows\System32\NSI.dll
0x00007ff909680000 - 0x00007ff9096ba000 	C:\Windows\SYSTEM32\IPHLPAPI.DLL
0x00007ff8ed330000 - 0x00007ff8ed33e000 	C:\Windows\System32\winrnr.dll
0x00007ff9056b0000 - 0x00007ff9056cc000 	C:\Windows\system32\NLAapi.dll
0x00007ff903f20000 - 0x00007ff903f35000 	C:\Windows\system32\wshbth.dll
0x00007ff903b50000 - 0x00007ff903bc7000 	C:\Windows\System32\fwpuclnt.dll
0x00007ff90a200000 - 0x00007ff90a226000 	C:\Windows\System32\bcrypt.dll
0x00007ff8fc3d0000 - 0x00007ff8fc3da000 	C:\Windows\System32\rasadhlp.dll
0x00007ff8f2bb0000 - 0x00007ff8f2bca000 	C:\Program Files\Java\jre1.8.0_201\bin\net.dll
0x00007ff8f8af0000 - 0x00007ff8f8cc6000 	C:\Windows\SYSTEM32\urlmon.dll
0x00007ff8f8f80000 - 0x00007ff8f9227000 	C:\Windows\SYSTEM32\iertutil.dll
0x00007ff909b40000 - 0x00007ff909b4c000 	C:\Windows\SYSTEM32\CRYPTBASE.DLL
0x00007ff909280000 - 0x00007ff9092b3000 	C:\Windows\system32\rsaenh.dll
0x00007ff90a050000 - 0x00007ff90a075000 	C:\Windows\SYSTEM32\USERENV.dll
0x00007ff902390000 - 0x00007ff9023a6000 	C:\Windows\SYSTEM32\dhcpcsvc6.DLL
0x00007ff902740000 - 0x00007ff90275c000 	C:\Windows\SYSTEM32\dhcpcsvc.DLL
0x00007ff8f2b60000 - 0x00007ff8f2b71000 	C:\Program Files\Java\jre1.8.0_201\bin\nio.dll
0x00007ff8e1510000 - 0x00007ff8e1534000 	C:\Program Files\Java\jre1.8.0_201\bin\sunec.dll
0x00007ff8f88f0000 - 0x00007ff8f88fb000 	C:\Program Files\Java\jre1.8.0_201\bin\sunmscapi.dll
0x00007ff90a340000 - 0x00007ff90a48a000 	C:\Windows\System32\CRYPT32.dll
0x00007ff90a140000 - 0x00007ff90a152000 	C:\Windows\System32\MSASN1.dll
0x00007ff9072f0000 - 0x00007ff9074e4000 	C:\Windows\SYSTEM32\dbghelp.dll

VM Arguments:
jvm_args: -agentlib:jdwp=transport=dt_socket,suspend=y,address=localhost:59208 -ea -Dfile.encoding=Cp1252 
java_command: org.testng.remote.RemoteTestNG -serport 59207 -protocol json -d C:\Selenium_Harman_Traning\Workspace\OrangeHRM_Dema\test-output C:\Users\FASIDD~1\AppData\Local\Temp\testng-eclipse--1557958189\testng-customsuite.xml
java_class_path (initial): C:\Users\fasiddiqui\Desktop\Selenium\eclipse\configuration\org.eclipse.osgi\482\0\.cp\lib\testng-remote.jar;C:\Selenium_Harman_Traning\Workspace\OrangeHRM_Dema\target\test-classes;C:\Selenium_Harman_Traning\Workspace\OrangeHRM_Dema\target\classes;C:\Users\fasiddiqui\Desktop\Selenium\eclipse\plugins\org.testng_6.14.3.r201802240500.jar;C:\Users\fasiddiqui\Desktop\Selenium\eclipse\plugins\com.beust.jcommander_1.78.0.jar;C:\Users\fasiddiqui\Desktop\Selenium\eclipse\plugins\org.apache-extras.beanshell.bsh_2.0.0.b6.jar;C:\Users\fasiddiqui\Desktop\Selenium\eclipse\plugins\org.yaml.snakeyaml_1.21.0.jar;C:\Users\fasiddiqui\.m2\repository\org\seleniumhq\selenium\selenium-java\3.141.59\selenium-java-3.141.59.jar;C:\Users\fasiddiqui\.m2\repository\org\seleniumhq\selenium\selenium-api\3.141.59\selenium-api-3.141.59.jar;C:\Users\fasiddiqui\.m2\repository\org\seleniumhq\selenium\selenium-edge-driver\3.141.59\selenium-edge-driver-3.141.59.jar;C:\Users\fasiddiqui\.m2\repository\org\seleniumhq\selenium\selenium-firefox-driver\3.141.59\selenium-firefox-driver-3.141.59.jar;C:\Users\fasiddiqui\.m2\repository\org\seleniumhq\selenium\selenium-ie-driver\3.141.59\selenium-ie-driver-3.141.59.jar;C:\Users\fasiddiqui\.m2\repository\org\seleniumhq\selenium\selenium-opera-driver\3.141.59\selenium-opera-driver-3.141.59.jar;C:\Users\fasiddiqui\.m2\repository\org\seleniumhq\selenium\selenium-remote-driver\3.141.59\selenium-remote-driver-3.141.59.jar;C:\Users\fasiddiqui\.m2\repository\org\seleniumhq\selenium\selenium-safari-driver\3.141.59\selenium-safari-driver-3.141.59.jar;C:\Users\fasiddiqui\.m2\repository\org\seleniumhq\selenium\selenium-support\3.141.59\selenium-support-3.141.59.jar;C:\Users\fasiddiqui\.m2\repository\net\bytebuddy\byte-buddy\1.8.15\byte-buddy-1.8.15.jar;C:\Users\fasiddiqui\.m2\repository\org\apache\commons\commons-exec\1.3\commons-exec-1.3.jar;C:\Users\fasiddiqui\.m2\repository\com\google\guava\guava\25.0-jre\guava-25.0-jre.jar;C:\Users\fasiddiqui\.
Launcher Type: SUN_STANDARD

Environment Variables:
JAVA_HOME=C:\Program Files\Java\jdk1.7.0_75
PATH=C:\Program Files (x86)\Common Files\Oracle\Java\javapath;C:\Windows\system32;C:\Windows;C:\Windows\System32\Wbem;C:\Windows\System32\WindowsPowerShell\v1.0\;C:\Windows\System32\OpenSSH\;C:\Program Files (x86)\Webex\Webex\Applications;C:\Program Files (x86)\Sennheiser\SenncomSDK\;C:\Program Files\Java\jdk1.7.0_75\bin;C:\Selenium_Harman_Traning\Drivers_and_jars\apache-maven-3.6.3\bin;C:\Users\fasiddiqui\Desktop\axis2-1.6.2\bin;C:\Program Files\nodejs\;C:\Program Files\Git\cmd;C:\Users\fasiddiqui\AppData\Local\Microsoft\WindowsApps;C:\Users\fasiddiqui\AppData\Roaming\npm
USERNAME=FaSiddiqui
OS=Windows_NT
PROCESSOR_IDENTIFIER=Intel64 Family 6 Model 78 Stepping 3, GenuineIntel



---------------  S Y S T E M  ---------------

OS: Windows 10.0 , 64 bit Build 18362 (10.0.18362.1350)

CPU:total 4 (initial active 4) (2 cores per cpu, 2 threads per core) family 6 model 78 stepping 3, cmov, cx8, fxsr, mmx, sse, sse2, sse3, ssse3, sse4.1, sse4.2, popcnt, avx, avx2, aes, clmul, erms, rtm, 3dnowpref, lzcnt, ht, tsc, tscinvbit, bmi1, bmi2, adx

Memory: 4k page, physical 7774008k(1145520k free), swap 14170248k(2637892k free)

vm_info: Java HotSpot(TM) 64-Bit Server VM (25.201-b09) for windows-amd64 JRE (1.8.0_201-b09), built on Dec 15 2018 18:36:39 by "java_re" with MS VC++ 10.0 (VS2010)

time: Tue Mar 23 11:32:38 2021
timezone: India Standard Time
elapsed time: 1069 seconds (0d 0h 17m 49s)

