#
# A fatal error has been detected by the Java Runtime Environment:
#
#  EXCEPTION_ACCESS_VIOLATION (0xc0000005) at pc=0x000000007674f4a5, pid=18280, tid=0x0000000000004184
#
# JRE version: Java(TM) SE Runtime Environment (8.0_201-b09) (build 1.8.0_201-b09)
# Java VM: Java HotSpot(TM) 64-Bit Server VM (25.201-b09 mixed mode windows-amd64 compressed oops)
# Problematic frame:
# V  [jvm.dll+0xff4a5]
#
# Failed to write core dump. Minidumps are not enabled by default on client versions of Windows
#
# If you would like to submit a bug report, please visit:
#   http://bugreport.java.com/bugreport/crash.jsp
#

---------------  T H R E A D  ---------------

Current thread (0x0000000016ad7800):  VMThread [stack: 0x0000000017b60000,0x0000000017c60000] [id=16772]

siginfo: ExceptionCode=0xc0000005, reading address 0xffffffffffffffff

Registers:
RAX=0x000a000400480005, RBX=0x0000000016686218, RCX=0x000000000000b600, RDX=0x0000000000001925
RSP=0x0000000017c5f270, RBP=0x000000000000000b, RSI=0x0000000076e64dd0, RDI=0x0000000017c5f550
R8 =0x0000000000000000, R9 =0x0000000016686218, R10=0x00000000000001b4, R11=0x0000000016686823
R12=0x0000000000000001, R13=0x0000000000000001, R14=0x00000000000003d8, R15=0x0000000017c5f370
RIP=0x000000007674f4a5, EFLAGS=0x0000000000010202

Top of Stack: (sp=0x0000000017c5f270)
0x0000000017c5f270:   0000000017c5f550 00000000024608da
0x0000000017c5f280:   0000000000000004 00000000767501f9
0x0000000017c5f290:   0000000017c5f508 00000000166868b0
0x0000000017c5f2a0:   0000000046000001 0000000000000000
0x0000000017c5f2b0:   00001f8b60932931 000000007674faa2
0x0000000017c5f2c0:   0000000017c5f380 0000000000000001
0x0000000017c5f2d0:   0000000017c5f390 0000000017c5f550
0x0000000017c5f2e0:   0000000017c5f3c0 00000000767526d0
0x0000000017c5f2f0:   000000000000000b 000000000000000b
0x0000000017c5f300:   0000000000000030 000000007674f926
0x0000000017c5f310:   000000000000000b 0000000017c5f3c0
0x0000000017c5f320:   0000000017c5f380 0000000000000030
0x0000000017c5f330:   00000000166868b0 000000007675322f
0x0000000017c5f340:   0000000017c5f550 0000000017c5f3c0
0x0000000017c5f350:   00000000169e54b0 00000000166868b0
0x0000000017c5f360:   0000000000000004 0000000000000000 

Instructions: (pc=0x000000007674f4a5)
0x000000007674f485:   8b d2 e8 54 7f ff ff 48 8b cb 8b d0 e8 5a 78 ff
0x000000007674f495:   ff 48 8d 35 33 59 71 00 48 63 c8 48 8b 44 cb 50
0x000000007674f4a5:   0f b6 48 08 8b 05 05 59 71 00 80 f9 4c 74 2b 80
0x000000007674f4b5:   f9 5b 74 26 80 f9 4a 74 18 80 f9 44 74 13 48 8d 


Register to memory mapping:

RAX=0x000a000400480005 is an unknown value
RBX=0x0000000016686218 is pointing into metadata
RCX=0x000000000000b600 is an unknown value
RDX=0x0000000000001925 is an unknown value
RSP=0x0000000017c5f270 is an unknown value
RBP=0x000000000000000b is an unknown value
RSI=0x0000000076e64dd0 is an unknown value
RDI=0x0000000017c5f550 is an unknown value
R8 =0x0000000000000000 is an unknown value
R9 =0x0000000016686218 is pointing into metadata
R10=0x00000000000001b4 is an unknown value
R11=0x0000000016686823 is pointing into metadata
R12=0x0000000000000001 is an unknown value
R13=0x0000000000000001 is an unknown value
R14=0x00000000000003d8 is an unknown value
R15=0x0000000017c5f370 is an unknown value


Stack: [0x0000000017b60000,0x0000000017c60000],  sp=0x0000000017c5f270,  free space=1020k
Native frames: (J=compiled Java code, j=interpreted, Vv=VM code, C=native code)
V  [jvm.dll+0xff4a5]
V  [jvm.dll+0x1026d0]
V  [jvm.dll+0x10322f]
V  [jvm.dll+0x103a75]
V  [jvm.dll+0x103cc2]
V  [jvm.dll+0xc51ae]
V  [jvm.dll+0xc5838]
V  [jvm.dll+0xc596a]
V  [jvm.dll+0xc5b68]
V  [jvm.dll+0x10fb3a]
V  [jvm.dll+0x12d45f]
V  [jvm.dll+0x1bf61f]
V  [jvm.dll+0x24d407]
V  [jvm.dll+0x24c6a6]
V  [jvm.dll+0x24cb41]
V  [jvm.dll+0x24cd5e]
V  [jvm.dll+0x29fb6a]
C  [msvcr100.dll+0x21db7]
C  [msvcr100.dll+0x21e53]
C  [KERNEL32.DLL+0x17c24]
C  [ntdll.dll+0x6d721]

VM_Operation (0x000000001859f560): GetOrSetLocal, mode: safepoint, requested by thread 0x0000000016b1a000


---------------  P R O C E S S  ---------------

Java Threads: ( => current thread )
  0x0000000019140800 JavaThread "Okio Watchdog" daemon [_thread_blocked, id=15872, stack(0x000000001b870000,0x000000001b970000)]
  0x0000000019c53800 JavaThread "Exec Stream Pumper" daemon [_thread_in_native, id=6052, stack(0x000000001b370000,0x000000001b470000)]
  0x0000000019d0b000 JavaThread "Exec Stream Pumper" daemon [_thread_in_native, id=11624, stack(0x000000001b270000,0x000000001b370000)]
  0x0000000019c58800 JavaThread "Exec Default Executor" daemon [_thread_in_native, id=18232, stack(0x000000001b070000,0x000000001b170000)]
  0x0000000019213000 JavaThread "ReaderThread" [_thread_in_native, id=19092, stack(0x00000000199a0000,0x0000000019aa0000)]
  0x00000000188d0800 JavaThread "Service Thread" daemon [_thread_blocked, id=11808, stack(0x0000000018ea0000,0x0000000018fa0000)]
  0x0000000016b6e000 JavaThread "C1 CompilerThread2" daemon [_thread_blocked, id=18516, stack(0x0000000018da0000,0x0000000018ea0000)]
  0x0000000016b6d000 JavaThread "C2 CompilerThread1" daemon [_thread_blocked, id=19064, stack(0x0000000018ca0000,0x0000000018da0000)]
  0x0000000016b39000 JavaThread "C2 CompilerThread0" daemon [_thread_blocked, id=9752, stack(0x00000000187a0000,0x00000000188a0000)]
  0x0000000016b2c000 JavaThread "JDWP Command Reader" daemon [_thread_in_native, id=11880, stack(0x00000000186a0000,0x00000000187a0000)]
  0x0000000016b2a800 JavaThread "JDWP Event Helper Thread" daemon [_thread_blocked, id=14792, stack(0x00000000185a0000,0x00000000186a0000)]
  0x0000000016b1a000 JavaThread "JDWP Transport Listener: dt_socket" daemon [_thread_blocked, id=6424, stack(0x00000000184a0000,0x00000000185a0000)]
  0x0000000016b0e800 JavaThread "Attach Listener" daemon [_thread_blocked, id=8316, stack(0x0000000018060000,0x0000000018160000)]
  0x0000000016b0d000 JavaThread "Signal Dispatcher" daemon [_thread_blocked, id=7408, stack(0x0000000017f60000,0x0000000018060000)]
  0x0000000016afa800 JavaThread "Finalizer" daemon [_thread_blocked, id=11864, stack(0x0000000017d60000,0x0000000017e60000)]
  0x0000000002453000 JavaThread "Reference Handler" daemon [_thread_blocked, id=19068, stack(0x0000000017c60000,0x0000000017d60000)]
  0x0000000002364000 JavaThread "main" [_thread_blocked, id=17368, stack(0x0000000002260000,0x0000000002360000)]

Other Threads:
=>0x0000000016ad7800 VMThread [stack: 0x0000000017b60000,0x0000000017c60000] [id=16772]
  0x0000000018941000 WatcherThread [stack: 0x0000000018fa0000,0x00000000190a0000] [id=14516]

VM state:at safepoint (normal execution)

VM Mutex/Monitor currently owned by a thread:  ([mutex/lock_event])
[0x00000000023613d0] Threads_lock - owner thread: 0x0000000016ad7800

heap address: 0x0000000089600000, size: 1898 MB, Compressed Oops mode: 32-bit
Narrow klass base: 0x0000000000000000, Narrow klass shift: 3
Compressed class space size: 1073741824 Address: 0x0000000100000000

Heap:
 PSYoungGen      total 35840K, used 12753K [0x00000000d8780000, 0x00000000daf80000, 0x0000000100000000)
  eden space 30720K, 24% used [0x00000000d8780000,0x00000000d8efc660,0x00000000da580000)
  from space 5120K, 99% used [0x00000000daa80000,0x00000000daf78080,0x00000000daf80000)
  to   space 5120K, 0% used [0x00000000da580000,0x00000000da580000,0x00000000daa80000)
 ParOldGen       total 81920K, used 4484K [0x0000000089600000, 0x000000008e600000, 0x00000000d8780000)
  object space 81920K, 5% used [0x0000000089600000,0x0000000089a61380,0x000000008e600000)
 Metaspace       used 18642K, capacity 19334K, committed 19456K, reserved 1067008K
  class space    used 2330K, capacity 2529K, committed 2560K, reserved 1048576K

Card table byte_map: [0x0000000011820000,0x0000000011be0000] byte_map_base: 0x00000000113d5000

Marking Bits: (ParMarkBitMap*) 0x0000000076e74ce0
 Begin Bits: [0x0000000012260000, 0x0000000014008000)
 End Bits:   [0x0000000014008000, 0x0000000015db0000)

Polling page: 0x00000000008b0000

CodeCache: size=245760Kb used=5768Kb max_used=5768Kb free=239991Kb
 bounds [0x0000000002460000, 0x0000000002a10000, 0x0000000011460000]
 total_blobs=2018 nmethods=1594 adapters=344
 compilation: enabled

Compilation events (10 events):
Event: 4.805 Thread 0x0000000016b6e000 1591       3       com.google.common.collect.RegularImmutableMap::get (13 bytes)
Event: 4.805 Thread 0x0000000016b6e000 nmethod 1591 0x0000000002a03650 code [0x0000000002a037c0, 0x0000000002a03968]
Event: 4.805 Thread 0x0000000016b6e000 1587       3       java.util.stream.IntPipeline$4$1::accept (23 bytes)
Event: 4.805 Thread 0x0000000016b6e000 nmethod 1587 0x0000000002a03a10 code [0x0000000002a03ba0, 0x0000000002a03eb8]
Event: 9.123 Thread 0x0000000016b6e000 1592       1       java.util.Formatter$FormatSpecifier::index (5 bytes)
Event: 9.123 Thread 0x0000000016b6e000 nmethod 1592 0x0000000002a04050 code [0x0000000002a041a0, 0x0000000002a042b0]
Event: 9.123 Thread 0x0000000016b6e000 1593       3       com.google.common.collect.AbstractMapEntry::<init> (5 bytes)
Event: 9.124 Thread 0x0000000016b6e000 nmethod 1593 0x0000000002a04310 code [0x0000000002a04460, 0x0000000002a04610]
Event: 9.124 Thread 0x0000000016b6e000 1594       1       java.util.stream.Collectors$CollectorImpl::characteristics (5 bytes)
Event: 9.124 Thread 0x0000000016b6e000 nmethod 1594 0x0000000002a046d0 code [0x0000000002a04820, 0x0000000002a04930]

GC Heap History (4 events):
Event: 2.331 GC heap before
{Heap before GC invocations=1 (full 0):
 PSYoungGen      total 35840K, used 30720K [0x00000000d8780000, 0x00000000daf80000, 0x0000000100000000)
  eden space 30720K, 100% used [0x00000000d8780000,0x00000000da580000,0x00000000da580000)
  from space 5120K, 0% used [0x00000000daa80000,0x00000000daa80000,0x00000000daf80000)
  to   space 5120K, 0% used [0x00000000da580000,0x00000000da580000,0x00000000daa80000)
 ParOldGen       total 81920K, used 0K [0x0000000089600000, 0x000000008e600000, 0x00000000d8780000)
  object space 81920K, 0% used [0x0000000089600000,0x0000000089600000,0x000000008e600000)
 Metaspace       used 12244K, capacity 12466K, committed 12672K, reserved 1060864K
  class space    used 1425K, capacity 1549K, committed 1664K, reserved 1048576K
Event: 2.338 GC heap after
Heap after GC invocations=1 (full 0):
 PSYoungGen      total 35840K, used 5093K [0x00000000d8780000, 0x00000000daf80000, 0x0000000100000000)
  eden space 30720K, 0% used [0x00000000d8780000,0x00000000d8780000,0x00000000da580000)
  from space 5120K, 99% used [0x00000000da580000,0x00000000daa79708,0x00000000daa80000)
  to   space 5120K, 0% used [0x00000000daa80000,0x00000000daa80000,0x00000000daf80000)
 ParOldGen       total 81920K, used 858K [0x0000000089600000, 0x000000008e600000, 0x00000000d8780000)
  object space 81920K, 1% used [0x0000000089600000,0x00000000896d6940,0x000000008e600000)
 Metaspace       used 12244K, capacity 12466K, committed 12672K, reserved 1060864K
  class space    used 1425K, capacity 1549K, committed 1664K, reserved 1048576K
}
Event: 3.447 GC heap before
{Heap before GC invocations=2 (full 0):
 PSYoungGen      total 35840K, used 35813K [0x00000000d8780000, 0x00000000daf80000, 0x0000000100000000)
  eden space 30720K, 100% used [0x00000000d8780000,0x00000000da580000,0x00000000da580000)
  from space 5120K, 99% used [0x00000000da580000,0x00000000daa79708,0x00000000daa80000)
  to   space 5120K, 0% used [0x00000000daa80000,0x00000000daa80000,0x00000000daf80000)
 ParOldGen       total 81920K, used 858K [0x0000000089600000, 0x000000008e600000, 0x00000000d8780000)
  object space 81920K, 1% used [0x0000000089600000,0x00000000896d6940,0x000000008e600000)
 Metaspace       used 17406K, capacity 18044K, committed 18304K, reserved 1064960K
  class space    used 2183K, capacity 2346K, committed 2432K, reserved 1048576K
Event: 3.456 GC heap after
Heap after GC invocations=2 (full 0):
 PSYoungGen      total 35840K, used 5088K [0x00000000d8780000, 0x00000000daf80000, 0x0000000100000000)
  eden space 30720K, 0% used [0x00000000d8780000,0x00000000d8780000,0x00000000da580000)
  from space 5120K, 99% used [0x00000000daa80000,0x00000000daf78080,0x00000000daf80000)
  to   space 5120K, 0% used [0x00000000da580000,0x00000000da580000,0x00000000daa80000)
 ParOldGen       total 81920K, used 4484K [0x0000000089600000, 0x000000008e600000, 0x00000000d8780000)
  object space 81920K, 5% used [0x0000000089600000,0x0000000089a61380,0x000000008e600000)
 Metaspace       used 17406K, capacity 18044K, committed 18304K, reserved 1064960K
  class space    used 2183K, capacity 2346K, committed 2432K, reserved 1048576K
}

Deoptimization events (10 events):
Event: 3.379 Thread 0x0000000002364000 Uncommon trap: reason=class_check action=maybe_recompile pc=0x000000000286fa80 method=java.util.regex.Matcher.search(I)Z @ 86
Event: 3.379 Thread 0x0000000002364000 Uncommon trap: reason=class_check action=maybe_recompile pc=0x00000000028224ac method=java.util.regex.Pattern$Curly.match(Ljava/util/regex/Matcher;ILjava/lang/CharSequence;)Z @ 19
Event: 3.390 Thread 0x0000000002364000 Uncommon trap: reason=class_check action=maybe_recompile pc=0x00000000028224ac method=java.util.regex.Pattern$Curly.match(Ljava/util/regex/Matcher;ILjava/lang/CharSequence;)Z @ 19
Event: 3.390 Thread 0x0000000002364000 Uncommon trap: reason=class_check action=maybe_recompile pc=0x00000000028224ac method=java.util.regex.Pattern$Curly.match(Ljava/util/regex/Matcher;ILjava/lang/CharSequence;)Z @ 19
Event: 3.467 Thread 0x0000000002364000 Uncommon trap: reason=unstable_if action=reinterpret pc=0x000000000280c5b0 method=java.util.regex.Pattern$BmpCharProperty.match(Ljava/util/regex/Matcher;ILjava/lang/CharSequence;)Z @ 34
Event: 4.514 Thread 0x0000000002364000 Uncommon trap: reason=class_check action=maybe_recompile pc=0x00000000029c1888 method=org.openqa.selenium.json.Input.init()V @ 18
Event: 4.514 Thread 0x0000000002364000 Uncommon trap: reason=class_check action=maybe_recompile pc=0x00000000029c1888 method=org.openqa.selenium.json.Input.init()V @ 18
Event: 4.514 Thread 0x0000000002364000 Uncommon trap: reason=class_check action=maybe_recompile pc=0x00000000029c1888 method=org.openqa.selenium.json.Input.init()V @ 18
Event: 4.514 Thread 0x0000000002364000 Uncommon trap: reason=class_check action=maybe_recompile pc=0x00000000029c1888 method=org.openqa.selenium.json.Input.init()V @ 18
Event: 4.550 Thread 0x0000000002364000 Uncommon trap: reason=unstable_if action=reinterpret pc=0x00000000028cc9b0 method=java.util.concurrent.ConcurrentHashMap.putVal(Ljava/lang/Object;Ljava/lang/Object;Z)Ljava/lang/Object; @ 181

Classes redefined (9 events):
Event: 56133.285 Thread 0x0000000016ad7800 redefined class name=Com.OrangeHRM.data_read_from_table, count=1
Event: 56723.027 Thread 0x0000000016ad7800 redefined class name=Com.OrangeHRM.data_read_from_table, count=2
Event: 57041.464 Thread 0x0000000016ad7800 redefined class name=Com.OrangeHRM.data_read_from_table, count=3
Event: 57156.973 Thread 0x0000000016ad7800 redefined class name=Com.OrangeHRM.data_read_from_table, count=4
Event: 57401.069 Thread 0x0000000016ad7800 redefined class name=Com.OrangeHRM.data_read_from_table, count=5
Event: 57432.743 Thread 0x0000000016ad7800 redefined class name=Com.OrangeHRM.data_read_from_table, count=6
Event: 57527.990 Thread 0x0000000016ad7800 redefined class name=Com.OrangeHRM.data_read_from_table, count=7
Event: 57724.948 Thread 0x0000000016ad7800 redefined class name=Com.OrangeHRM.data_read_from_table, count=8
Event: 57744.332 Thread 0x0000000016ad7800 redefined class name=Com.OrangeHRM.data_read_from_table, count=9

Internal exceptions (10 events):
Event: 3.234 Thread 0x0000000002364000 Exception <a 'java/lang/NoSuchMethodError': java.lang.Object.lambda$or$2(Ljava/util/function/Predicate;Ljava/lang/Object;)Z> (0x00000000d9b938d8) thrown at [C:\re\workspace\8-2-build-windows-amd64-cygwin\jdk8u201\12322\hotspot\src\share\vm\interpreter\lin
Event: 3.263 Thread 0x0000000002364000 Exception <a 'java/lang/ArrayIndexOutOfBoundsException': 110> (0x00000000d9ccb880) thrown at [C:\re\workspace\8-2-build-windows-amd64-cygwin\jdk8u201\12322\hotspot\src\share\vm\interpreter\interpreterRuntime.cpp, line 368]
Event: 3.263 Thread 0x0000000002364000 Exception <a 'java/lang/ArrayIndexOutOfBoundsException': 88> (0x00000000d9cccfa8) thrown at [C:\re\workspace\8-2-build-windows-amd64-cygwin\jdk8u201\12322\hotspot\src\share\vm\interpreter\interpreterRuntime.cpp, line 368]
Event: 3.264 Thread 0x0000000002364000 Exception <a 'java/lang/ArrayIndexOutOfBoundsException': 92> (0x00000000d9cd2e68) thrown at [C:\re\workspace\8-2-build-windows-amd64-cygwin\jdk8u201\12322\hotspot\src\share\vm\interpreter\interpreterRuntime.cpp, line 368]
Event: 3.264 Thread 0x0000000002364000 Exception <a 'java/lang/ArrayIndexOutOfBoundsException': 57> (0x00000000d9cd8808) thrown at [C:\re\workspace\8-2-build-windows-amd64-cygwin\jdk8u201\12322\hotspot\src\share\vm\interpreter\interpreterRuntime.cpp, line 368]
Event: 3.311 Thread 0x0000000002364000 Exception <a 'java/lang/NoSuchMethodError': java.lang.Object.lambda$chars$0()Ljava/util/Spliterator$OfInt;> (0x00000000d9ed38a8) thrown at [C:\re\workspace\8-2-build-windows-amd64-cygwin\jdk8u201\12322\hotspot\src\share\vm\interpreter\linkResolver.cpp, li
Event: 4.528 Thread 0x0000000002364000 Exception <a 'java/lang/NoSuchMethodError': java.lang.Object.lambda$getResponseFunction$0(Lorg/openqa/selenium/remote/InitialHandshakeResponse;)Lorg/openqa/selenium/remote/ProtocolHandshake$Result;> (0x00000000d8b60150) thrown at [C:\re\workspace\8-2-buil
Event: 4.616 Thread 0x0000000002364000 Exception <a 'java/net/SocketTimeoutException': Read timed out> (0x00000000d8cbc900) thrown at [C:\re\workspace\8-2-build-windows-amd64-cygwin\jdk8u201\12322\hotspot\src\share\vm\prims\jni.cpp, line 735]
Event: 4.778 Thread 0x0000000002364000 Exception <a 'java/net/SocketTimeoutException': Read timed out> (0x00000000d8cdbd70) thrown at [C:\re\workspace\8-2-build-windows-amd64-cygwin\jdk8u201\12322\hotspot\src\share\vm\prims\jni.cpp, line 735]
Event: 4.809 Thread 0x0000000002364000 Exception <a 'java/net/SocketTimeoutException': Read timed out> (0x00000000d8de15c8) thrown at [C:\re\workspace\8-2-build-windows-amd64-cygwin\jdk8u201\12322\hotspot\src\share\vm\prims\jni.cpp, line 735]

Events (10 events):
Event: 57784.041 Executing VM operation: GetOwnedMonitorInfo done
Event: 57794.221 Executing VM operation: GetCurrentContendedMonitor
Event: 57794.221 Executing VM operation: GetCurrentContendedMonitor done
Event: 57794.222 Executing VM operation: GetOwnedMonitorInfo
Event: 57794.222 Executing VM operation: GetOwnedMonitorInfo done
Event: 57799.540 Executing VM operation: GetOwnedMonitorInfo
Event: 57799.540 Executing VM operation: GetOwnedMonitorInfo done
Event: 57799.541 Executing VM operation: GetCurrentContendedMonitor
Event: 57799.541 Executing VM operation: GetCurrentContendedMonitor done
Event: 57800.366 Executing VM operation: GetOrSetLocal


Dynamic libraries:
0x00007ff6257c0000 - 0x00007ff6257f7000 	C:\Program Files\Java\jre1.8.0_201\bin\javaw.exe
0x00007ff90d280000 - 0x00007ff90d470000 	C:\Windows\SYSTEM32\ntdll.dll
0x00007ff90ca90000 - 0x00007ff90cb42000 	C:\Windows\System32\KERNEL32.DLL
0x00007ff90a4f0000 - 0x00007ff90a795000 	C:\Windows\System32\KERNELBASE.dll
0x00007ff90c070000 - 0x00007ff90c113000 	C:\Windows\System32\ADVAPI32.dll
0x00007ff90cbd0000 - 0x00007ff90cc6e000 	C:\Windows\System32\msvcrt.dll
0x00007ff90c4d0000 - 0x00007ff90c567000 	C:\Windows\System32\sechost.dll
0x00007ff90bce0000 - 0x00007ff90bdff000 	C:\Windows\System32\RPCRT4.dll
0x00007ff90be00000 - 0x00007ff90bf94000 	C:\Windows\System32\USER32.dll
0x00007ff90a230000 - 0x00007ff90a251000 	C:\Windows\System32\win32u.dll
0x00007ff90c570000 - 0x00007ff90c596000 	C:\Windows\System32\GDI32.dll
0x00007ff90b190000 - 0x00007ff90b328000 	C:\Windows\System32\gdi32full.dll
0x00007ff90b0f0000 - 0x00007ff90b18e000 	C:\Windows\System32\msvcp_win.dll
0x00007ff90a7a0000 - 0x00007ff90a89a000 	C:\Windows\System32\ucrtbase.dll
0x00007ff8f0a00000 - 0x00007ff8f0c84000 	C:\Windows\WinSxS\amd64_microsoft.windows.common-controls_6595b64144ccf1df_6.0.18362.1379_none_9e7ff3b3e45cc0c4\COMCTL32.dll
0x00007ff90c190000 - 0x00007ff90c4c7000 	C:\Windows\System32\combase.dll
0x00007ff90a260000 - 0x00007ff90a2e1000 	C:\Windows\System32\bcryptPrimitives.dll
0x00007ff90ca50000 - 0x00007ff90ca7e000 	C:\Windows\System32\IMM32.DLL
0x0000000000860000 - 0x0000000000872000 	C:\Windows\System32\umppc12601.dll
0x0000000076f00000 - 0x0000000076fd1000 	C:\Program Files\Java\jre1.8.0_201\bin\msvcr100.dll
0x0000000076650000 - 0x0000000076ef4000 	C:\Program Files\Java\jre1.8.0_201\bin\server\jvm.dll
0x00007ff90cc70000 - 0x00007ff90cc78000 	C:\Windows\System32\PSAPI.DLL
0x00007ff8f73a0000 - 0x00007ff8f73a9000 	C:\Windows\SYSTEM32\WSOCK32.dll
0x00007ff90bba0000 - 0x00007ff90bc0f000 	C:\Windows\System32\WS2_32.dll
0x00007ff904040000 - 0x00007ff904064000 	C:\Windows\SYSTEM32\WINMM.dll
0x00007ff8fd8f0000 - 0x00007ff8fd8fa000 	C:\Windows\SYSTEM32\VERSION.dll
0x00007ff904010000 - 0x00007ff90403d000 	C:\Windows\SYSTEM32\WINMMBASE.dll
0x00007ff90a2f0000 - 0x00007ff90a33a000 	C:\Windows\System32\cfgmgr32.dll
0x00007ff8faaf0000 - 0x00007ff8faaff000 	C:\Program Files\Java\jre1.8.0_201\bin\verify.dll
0x00007ff8f2c90000 - 0x00007ff8f2cb9000 	C:\Program Files\Java\jre1.8.0_201\bin\java.dll
0x00007ff8e0600000 - 0x00007ff8e0635000 	C:\Program Files\Java\jre1.8.0_201\bin\jdwp.dll
0x00007ff8f3a10000 - 0x00007ff8f3a18000 	C:\Program Files\Java\jre1.8.0_201\bin\npt.dll
0x00007ff8f3990000 - 0x00007ff8f39a6000 	C:\Program Files\Java\jre1.8.0_201\bin\zip.dll
0x00007ff90b490000 - 0x00007ff90bb78000 	C:\Windows\System32\SHELL32.dll
0x00007ff90c920000 - 0x00007ff90c9c7000 	C:\Windows\System32\shcore.dll
0x00007ff90a8c0000 - 0x00007ff90b03b000 	C:\Windows\System32\windows.storage.dll
0x00007ff90a1d0000 - 0x00007ff90a1f3000 	C:\Windows\System32\profapi.dll
0x00007ff90a180000 - 0x00007ff90a1ca000 	C:\Windows\System32\powrprof.dll
0x00007ff90a130000 - 0x00007ff90a140000 	C:\Windows\System32\UMPDC.dll
0x00007ff90c8c0000 - 0x00007ff90c912000 	C:\Windows\System32\shlwapi.dll
0x00007ff90a160000 - 0x00007ff90a171000 	C:\Windows\System32\kernel.appcore.dll
0x00007ff90a8a0000 - 0x00007ff90a8b7000 	C:\Windows\System32\cryptsp.dll
0x00007ff8f3830000 - 0x00007ff8f3839000 	C:\Program Files\Java\jre1.8.0_201\bin\dt_socket.dll
0x00007ff8ecbd0000 - 0x00007ff8ecbe6000 	C:\Windows\system32\napinsp.dll
0x00007ff8ecbf0000 - 0x00007ff8ecc0a000 	C:\Windows\system32\pnrpnsp.dll
0x00007ff909970000 - 0x00007ff9099d7000 	C:\Windows\System32\mswsock.dll
0x00007ff9096c0000 - 0x00007ff90978b000 	C:\Windows\SYSTEM32\DNSAPI.dll
0x00007ff90cdc0000 - 0x00007ff90cdc8000 	C:\Windows\System32\NSI.dll
0x00007ff909680000 - 0x00007ff9096ba000 	C:\Windows\SYSTEM32\IPHLPAPI.DLL
0x00007ff8ed330000 - 0x00007ff8ed33e000 	C:\Windows\System32\winrnr.dll
0x00007ff9056b0000 - 0x00007ff9056cc000 	C:\Windows\system32\NLAapi.dll
0x00007ff903f20000 - 0x00007ff903f35000 	C:\Windows\system32\wshbth.dll
0x00007ff903b50000 - 0x00007ff903bc7000 	C:\Windows\System32\fwpuclnt.dll
0x00007ff90a200000 - 0x00007ff90a226000 	C:\Windows\System32\bcrypt.dll
0x00007ff8fc3d0000 - 0x00007ff8fc3da000 	C:\Windows\System32\rasadhlp.dll
0x00007ff8f2bb0000 - 0x00007ff8f2bca000 	C:\Program Files\Java\jre1.8.0_201\bin\net.dll
0x00007ff8f8af0000 - 0x00007ff8f8cc6000 	C:\Windows\SYSTEM32\urlmon.dll
0x00007ff8f8f80000 - 0x00007ff8f9227000 	C:\Windows\SYSTEM32\iertutil.dll
0x00007ff909b40000 - 0x00007ff909b4c000 	C:\Windows\SYSTEM32\CRYPTBASE.DLL
0x00007ff909280000 - 0x00007ff9092b3000 	C:\Windows\system32\rsaenh.dll
0x00007ff90a050000 - 0x00007ff90a075000 	C:\Windows\SYSTEM32\USERENV.dll
0x00007ff902390000 - 0x00007ff9023a6000 	C:\Windows\SYSTEM32\dhcpcsvc6.DLL
0x00007ff902740000 - 0x00007ff90275c000 	C:\Windows\SYSTEM32\dhcpcsvc.DLL
0x00007ff8f2b60000 - 0x00007ff8f2b71000 	C:\Program Files\Java\jre1.8.0_201\bin\nio.dll
0x00007ff8e1510000 - 0x00007ff8e1534000 	C:\Program Files\Java\jre1.8.0_201\bin\sunec.dll
0x00007ff8f88f0000 - 0x00007ff8f88fb000 	C:\Program Files\Java\jre1.8.0_201\bin\sunmscapi.dll
0x00007ff90a340000 - 0x00007ff90a48a000 	C:\Windows\System32\CRYPT32.dll
0x00007ff90a140000 - 0x00007ff90a152000 	C:\Windows\System32\MSASN1.dll
0x00007ff9072f0000 - 0x00007ff9074e4000 	C:\Windows\SYSTEM32\dbghelp.dll

VM Arguments:
jvm_args: -agentlib:jdwp=transport=dt_socket,suspend=y,address=localhost:64777 -ea -Dfile.encoding=Cp1252 
java_command: org.testng.remote.RemoteTestNG -serport 64776 -protocol json -d C:\Selenium_Harman_Traning\Workspace\OrangeHRM_Dema\test-output C:\Users\FASIDD~1\AppData\Local\Temp\testng-eclipse-1238965677\testng-customsuite.xml
java_class_path (initial): C:\Users\fasiddiqui\Desktop\Selenium\eclipse\configuration\org.eclipse.osgi\482\0\.cp\lib\testng-remote.jar;C:\Selenium_Harman_Traning\Workspace\OrangeHRM_Dema\target\test-classes;C:\Selenium_Harman_Traning\Workspace\OrangeHRM_Dema\target\classes;C:\Users\fasiddiqui\Desktop\Selenium\eclipse\plugins\org.testng_6.14.3.r201802240500.jar;C:\Users\fasiddiqui\Desktop\Selenium\eclipse\plugins\com.beust.jcommander_1.78.0.jar;C:\Users\fasiddiqui\Desktop\Selenium\eclipse\plugins\org.apache-extras.beanshell.bsh_2.0.0.b6.jar;C:\Users\fasiddiqui\Desktop\Selenium\eclipse\plugins\org.yaml.snakeyaml_1.21.0.jar;C:\Users\fasiddiqui\.m2\repository\org\seleniumhq\selenium\selenium-java\3.141.59\selenium-java-3.141.59.jar;C:\Users\fasiddiqui\.m2\repository\org\seleniumhq\selenium\selenium-api\3.141.59\selenium-api-3.141.59.jar;C:\Users\fasiddiqui\.m2\repository\org\seleniumhq\selenium\selenium-edge-driver\3.141.59\selenium-edge-driver-3.141.59.jar;C:\Users\fasiddiqui\.m2\repository\org\seleniumhq\selenium\selenium-firefox-driver\3.141.59\selenium-firefox-driver-3.141.59.jar;C:\Users\fasiddiqui\.m2\repository\org\seleniumhq\selenium\selenium-ie-driver\3.141.59\selenium-ie-driver-3.141.59.jar;C:\Users\fasiddiqui\.m2\repository\org\seleniumhq\selenium\selenium-opera-driver\3.141.59\selenium-opera-driver-3.141.59.jar;C:\Users\fasiddiqui\.m2\repository\org\seleniumhq\selenium\selenium-remote-driver\3.141.59\selenium-remote-driver-3.141.59.jar;C:\Users\fasiddiqui\.m2\repository\org\seleniumhq\selenium\selenium-safari-driver\3.141.59\selenium-safari-driver-3.141.59.jar;C:\Users\fasiddiqui\.m2\repository\org\seleniumhq\selenium\selenium-support\3.141.59\selenium-support-3.141.59.jar;C:\Users\fasiddiqui\.m2\repository\net\bytebuddy\byte-buddy\1.8.15\byte-buddy-1.8.15.jar;C:\Users\fasiddiqui\.m2\repository\org\apache\commons\commons-exec\1.3\commons-exec-1.3.jar;C:\Users\fasiddiqui\.m2\repository\com\google\guava\guava\25.0-jre\guava-25.0-jre.jar;C:\Users\fasiddiqui\.
Launcher Type: SUN_STANDARD

Environment Variables:
JAVA_HOME=C:\Program Files\Java\jdk1.7.0_75
PATH=C:\Program Files (x86)\Common Files\Oracle\Java\javapath;C:\Windows\system32;C:\Windows;C:\Windows\System32\Wbem;C:\Windows\System32\WindowsPowerShell\v1.0\;C:\Windows\System32\OpenSSH\;C:\Program Files (x86)\Webex\Webex\Applications;C:\Program Files (x86)\Sennheiser\SenncomSDK\;C:\Program Files\Java\jdk1.7.0_75\bin;C:\Selenium_Harman_Traning\Drivers_and_jars\apache-maven-3.6.3\bin;C:\Users\fasiddiqui\Desktop\axis2-1.6.2\bin;C:\Program Files\nodejs\;C:\Program Files\Git\cmd;C:\Users\fasiddiqui\AppData\Local\Microsoft\WindowsApps;C:\Users\fasiddiqui\AppData\Roaming\npm
USERNAME=FaSiddiqui
OS=Windows_NT
PROCESSOR_IDENTIFIER=Intel64 Family 6 Model 78 Stepping 3, GenuineIntel



---------------  S Y S T E M  ---------------

OS: Windows 10.0 , 64 bit Build 18362 (10.0.18362.1350)

CPU:total 4 (initial active 4) (2 cores per cpu, 2 threads per core) family 6 model 78 stepping 3, cmov, cx8, fxsr, mmx, sse, sse2, sse3, ssse3, sse4.1, sse4.2, popcnt, avx, avx2, aes, clmul, erms, rtm, 3dnowpref, lzcnt, ht, tsc, tscinvbit, bmi1, bmi2, adx

Memory: 4k page, physical 7774008k(1072388k free), swap 14170248k(2136452k free)

vm_info: Java HotSpot(TM) 64-Bit Server VM (25.201-b09) for windows-amd64 JRE (1.8.0_201-b09), built on Dec 15 2018 18:36:39 by "java_re" with MS VC++ 10.0 (VS2010)

time: Tue Mar 23 11:32:37 2021
timezone: India Standard Time
elapsed time: 57802 seconds (0d 16h 3m 22s)

